Building DAG of jobs...
Using shell: /usr/bin/bash
Provided cores: 8
Rules claiming more threads will be scaled down.
Job stats:
job                      count
---------------------  -------
AddReadGrps_females          9
AddReadGrps_males           11
HISAT_paired_females         4
HISAT_paired_males           1
MarkDups_females             9
MarkDups_males              11
all                          1
bam_sort_females             6
bam_sort_males               6
index_bam_females            9
index_bam_males             11
samtools_view_females        4
samtools_view_males          1
total                       83

Select jobs to execute...

[Mon Nov 24 11:48:55 2025]
rule bam_sort_males:
    input: /data/Wilson_Lab/projects/placenta_multiomics/valleywise_pilot/processed_bams/rna/VW-ASUPlace-HDP05-Q1RNA1_119_074_S197_L001_HISAT_pair_trim_XY.bam
    output: /data/Wilson_Lab/projects/placenta_multiomics/valleywise_pilot/processed_bams/rna/VW-ASUPlace-HDP05-Q1RNA1_119_074_S197_L001_HISAT_pair_trim_sort_XY.bam
    jobid: 43
    reason: Missing output files: /data/Wilson_Lab/projects/placenta_multiomics/valleywise_pilot/processed_bams/rna/VW-ASUPlace-HDP05-Q1RNA1_119_074_S197_L001_HISAT_pair_trim_sort_XY.bam
    wildcards: sample_name=VW-ASUPlace-HDP05-Q1RNA1_119_074_S197_L001
    resources: tmpdir=/tmp


[Mon Nov 24 11:48:55 2025]
rule bam_sort_females:
    input: /data/Wilson_Lab/projects/placenta_multiomics/valleywise_pilot/processed_bams/rna/VW-ASUPlace-Cont05-Q1RNA1_144_049_S187_L001_HISAT_pair_trim_XX.bam
    output: /data/Wilson_Lab/projects/placenta_multiomics/valleywise_pilot/processed_bams/rna/VW-ASUPlace-Cont05-Q1RNA1_144_049_S187_L001_HISAT_pair_trim_sort_XX.bam
    jobid: 68
    reason: Missing output files: /data/Wilson_Lab/projects/placenta_multiomics/valleywise_pilot/processed_bams/rna/VW-ASUPlace-Cont05-Q1RNA1_144_049_S187_L001_HISAT_pair_trim_sort_XX.bam
    wildcards: sample_name=VW-ASUPlace-Cont05-Q1RNA1_144_049_S187_L001
    resources: tmpdir=/tmp


[Mon Nov 24 11:48:55 2025]
rule bam_sort_females:
    input: /data/Wilson_Lab/projects/placenta_multiomics/valleywise_pilot/processed_bams/rna/VW-ASUPlace-HDP09-Q1RNA1_166_027_S201_L001_HISAT_pair_trim_XX.bam
    output: /data/Wilson_Lab/projects/placenta_multiomics/valleywise_pilot/processed_bams/rna/VW-ASUPlace-HDP09-Q1RNA1_166_027_S201_L001_HISAT_pair_trim_sort_XX.bam
    jobid: 93
    reason: Missing output files: /data/Wilson_Lab/projects/placenta_multiomics/valleywise_pilot/processed_bams/rna/VW-ASUPlace-HDP09-Q1RNA1_166_027_S201_L001_HISAT_pair_trim_sort_XX.bam
    wildcards: sample_name=VW-ASUPlace-HDP09-Q1RNA1_166_027_S201_L001
    resources: tmpdir=/tmp


[Mon Nov 24 11:48:55 2025]
rule bam_sort_males:
    input: /data/Wilson_Lab/projects/placenta_multiomics/valleywise_pilot/processed_bams/rna/VW-ASUPlace-HDP07-Q1RNA1_190_003_S199_L001_HISAT_pair_trim_XY.bam
    output: /data/Wilson_Lab/projects/placenta_multiomics/valleywise_pilot/processed_bams/rna/VW-ASUPlace-HDP07-Q1RNA1_190_003_S199_L001_HISAT_pair_trim_sort_XY.bam
    jobid: 53
    reason: Missing output files: /data/Wilson_Lab/projects/placenta_multiomics/valleywise_pilot/processed_bams/rna/VW-ASUPlace-HDP07-Q1RNA1_190_003_S199_L001_HISAT_pair_trim_sort_XY.bam
    wildcards: sample_name=VW-ASUPlace-HDP07-Q1RNA1_190_003_S199_L001
    resources: tmpdir=/tmp


[Mon Nov 24 11:48:55 2025]
rule bam_sort_males:
    input: /data/Wilson_Lab/projects/placenta_multiomics/valleywise_pilot/processed_bams/rna/VW-ASUPlace-Cont04_156_037_S186_L001_HISAT_pair_trim_XY.bam
    output: /data/Wilson_Lab/projects/placenta_multiomics/valleywise_pilot/processed_bams/rna/VW-ASUPlace-Cont04_156_037_S186_L001_HISAT_pair_trim_sort_XY.bam
    jobid: 8
    reason: Missing output files: /data/Wilson_Lab/projects/placenta_multiomics/valleywise_pilot/processed_bams/rna/VW-ASUPlace-Cont04_156_037_S186_L001_HISAT_pair_trim_sort_XY.bam
    wildcards: sample_name=VW-ASUPlace-Cont04_156_037_S186_L001
    resources: tmpdir=/tmp


[Mon Nov 24 11:48:55 2025]
rule MarkDups_males:
    input: /data/Wilson_Lab/projects/placenta_multiomics/valleywise_pilot/processed_bams/rna/VW-ASUPlace-Cont09-Q1RNA1_191_002_S191_L001_HISAT_pair_trim_sort_XY.bam
    output: /data/Wilson_Lab/projects/placenta_multiomics/valleywise_pilot/processed_bams/rna/VW-ASUPlace-Cont09-Q1RNA1_191_002_S191_L001_HISAT_pair_trim_sort_mkdup_XY.bam, /data/Wilson_Lab/projects/placenta_multiomics/valleywise_pilot/processed_bams/rna/stats/VW-ASUPlace-Cont09-Q1RNA1_191_002_S191_L001.XY.picard_mkdup_metrics.txt
    jobid: 22
    reason: Missing output files: /data/Wilson_Lab/projects/placenta_multiomics/valleywise_pilot/processed_bams/rna/VW-ASUPlace-Cont09-Q1RNA1_191_002_S191_L001_HISAT_pair_trim_sort_mkdup_XY.bam
    wildcards: sample_name=VW-ASUPlace-Cont09-Q1RNA1_191_002_S191_L001
    resources: tmpdir=/tmp


[Mon Nov 24 11:48:55 2025]
rule bam_sort_males:
    input: /data/Wilson_Lab/projects/placenta_multiomics/valleywise_pilot/processed_bams/rna/VW-ASUPlace-Cont08-Q1RNA1_108_085_S190_L001_HISAT_pair_trim_XY.bam
    output: /data/Wilson_Lab/projects/placenta_multiomics/valleywise_pilot/processed_bams/rna/VW-ASUPlace-Cont08-Q1RNA1_108_085_S190_L001_HISAT_pair_trim_sort_XY.bam
    jobid: 18
    reason: Missing output files: /data/Wilson_Lab/projects/placenta_multiomics/valleywise_pilot/processed_bams/rna/VW-ASUPlace-Cont08-Q1RNA1_108_085_S190_L001_HISAT_pair_trim_sort_XY.bam
    wildcards: sample_name=VW-ASUPlace-Cont08-Q1RNA1_108_085_S190_L001
    resources: tmpdir=/tmp


[Mon Nov 24 11:48:55 2025]
rule bam_sort_males:
    input: /data/Wilson_Lab/projects/placenta_multiomics/valleywise_pilot/processed_bams/rna/VW-ASUPlace-Cont01_192_001_S183_L001_HISAT_pair_trim_XY.bam
    output: /data/Wilson_Lab/projects/placenta_multiomics/valleywise_pilot/processed_bams/rna/VW-ASUPlace-Cont01_192_001_S183_L001_HISAT_pair_trim_sort_XY.bam
    jobid: 3
    reason: Missing output files: /data/Wilson_Lab/projects/placenta_multiomics/valleywise_pilot/processed_bams/rna/VW-ASUPlace-Cont01_192_001_S183_L001_HISAT_pair_trim_sort_XY.bam
    wildcards: sample_name=VW-ASUPlace-Cont01_192_001_S183_L001
    resources: tmpdir=/tmp

[Mon Nov 24 11:48:57 2025]
Error in rule MarkDups_males:
    jobid: 22
    input: /data/Wilson_Lab/projects/placenta_multiomics/valleywise_pilot/processed_bams/rna/VW-ASUPlace-Cont09-Q1RNA1_191_002_S191_L001_HISAT_pair_trim_sort_XY.bam
    output: /data/Wilson_Lab/projects/placenta_multiomics/valleywise_pilot/processed_bams/rna/VW-ASUPlace-Cont09-Q1RNA1_191_002_S191_L001_HISAT_pair_trim_sort_mkdup_XY.bam, /data/Wilson_Lab/projects/placenta_multiomics/valleywise_pilot/processed_bams/rna/stats/VW-ASUPlace-Cont09-Q1RNA1_191_002_S191_L001.XY.picard_mkdup_metrics.txt
    shell:
        
         java -Xmx14g -jar /usr/local/apps/picard/3.3.0/picard.jar MarkDuplicates          I=/data/Wilson_Lab/projects/placenta_multiomics/valleywise_pilot/processed_bams/rna/VW-ASUPlace-Cont09-Q1RNA1_191_002_S191_L001_HISAT_pair_trim_sort_XY.bam          O=/data/Wilson_Lab/projects/placenta_multiomics/valleywise_pilot/processed_bams/rna/VW-ASUPlace-Cont09-Q1RNA1_191_002_S191_L001_HISAT_pair_trim_sort_mkdup_XY.bam          M=/data/Wilson_Lab/projects/placenta_multiomics/valleywise_pilot/processed_bams/rna/stats/VW-ASUPlace-Cont09-Q1RNA1_191_002_S191_L001.XY.picard_mkdup_metrics.txt          VALIDATION_STRINGENCY=LENIENT
        
        (one of the commands exited with non-zero exit code; note that snakemake uses bash strict mode!)

[Mon Nov 24 12:34:30 2025]
Finished job 3.
1 of 83 steps (1%) done
[Mon Nov 24 12:35:09 2025]
Finished job 53.
2 of 83 steps (2%) done
[Mon Nov 24 12:36:06 2025]
Finished job 68.
3 of 83 steps (4%) done
[Mon Nov 24 12:36:21 2025]
Finished job 43.
4 of 83 steps (5%) done
[Mon Nov 24 12:36:26 2025]
Finished job 8.
5 of 83 steps (6%) done
[Mon Nov 24 12:36:50 2025]
Finished job 93.
6 of 83 steps (7%) done
[Mon Nov 24 12:39:52 2025]
Finished job 18.
7 of 83 steps (8%) done
Shutting down, this might take some time.
Exiting because a job execution failed. Look above for error message
Complete log: .snakemake/log/2025-11-24T114853.139211.snakemake.log
