Building DAG of jobs...
Using shell: /usr/bin/bash
Provided cores: 8
Rules claiming more threads will be scaled down.
Job stats:
job                      count
---------------------  -------
AddReadGrps_females          6
AddReadGrps_males            6
HISAT_paired_females         3
MarkDups_females             9
MarkDups_males              11
all                          1
bam_sort_females             3
index_bam_females            9
index_bam_males             11
samtools_view_females        3
total                       62

Select jobs to execute...

[Tue Nov 25 09:17:45 2025]
rule MarkDups_males:
    input: /data/Wilson_Lab/projects/placenta_multiomics/valleywise_pilot/processed_bams/rna/VW-ASUPlace-HDP03-Q1RNA1_143_050_S195_L001_HISAT_pair_trim_sort_rdgrp_XY.bam
    output: /data/Wilson_Lab/projects/placenta_multiomics/valleywise_pilot/processed_bams/rna/VW-ASUPlace-HDP03-Q1RNA1_143_050_S195_L001_HISAT_pair_trim_sort_mkdup_rdgrp_XY.bam, /data/Wilson_Lab/projects/placenta_multiomics/valleywise_pilot/processed_bams/rna/stats/VW-ASUPlace-HDP03-Q1RNA1_143_050_S195_L001.XY.picard_mkdup_metrics.txt
    jobid: 31
    reason: Forced execution
    wildcards: sample_name=VW-ASUPlace-HDP03-Q1RNA1_143_050_S195_L001
    resources: tmpdir=/tmp


[Tue Nov 25 09:17:45 2025]
rule MarkDups_females:
    input: /data/Wilson_Lab/projects/placenta_multiomics/valleywise_pilot/processed_bams/rna/VW-ASUPlace-HDP08-Q1RNA1_178_015_S200_L001_HISAT_pair_trim_sort_rdgrp_XX.bam
    output: /data/Wilson_Lab/projects/placenta_multiomics/valleywise_pilot/processed_bams/rna/VW-ASUPlace-HDP08-Q1RNA1_178_015_S200_L001_HISAT_pair_trim_sort_mkdup_rdgrp_XX.bam, /data/Wilson_Lab/projects/placenta_multiomics/valleywise_pilot/processed_bams/rna/stats/VW-ASUPlace-HDP08-Q1RNA1_178_015_S200_L001.XX.picard_mkdup_metrics.txt
    jobid: 86
    reason: Missing output files: /data/Wilson_Lab/projects/placenta_multiomics/valleywise_pilot/processed_bams/rna/VW-ASUPlace-HDP08-Q1RNA1_178_015_S200_L001_HISAT_pair_trim_sort_mkdup_rdgrp_XX.bam
    wildcards: sample_name=VW-ASUPlace-HDP08-Q1RNA1_178_015_S200_L001
    resources: tmpdir=/tmp


[Tue Nov 25 09:17:45 2025]
rule MarkDups_females:
    input: /data/Wilson_Lab/projects/placenta_multiomics/valleywise_pilot/processed_bams/rna/VW-ASUPlace-Cont02_180_013_S184_L001_HISAT_pair_trim_sort_rdgrp_XX.bam
    output: /data/Wilson_Lab/projects/placenta_multiomics/valleywise_pilot/processed_bams/rna/VW-ASUPlace-Cont02_180_013_S184_L001_HISAT_pair_trim_sort_mkdup_rdgrp_XX.bam, /data/Wilson_Lab/projects/placenta_multiomics/valleywise_pilot/processed_bams/rna/stats/VW-ASUPlace-Cont02_180_013_S184_L001.XX.picard_mkdup_metrics.txt
    jobid: 56
    reason: Missing output files: /data/Wilson_Lab/projects/placenta_multiomics/valleywise_pilot/processed_bams/rna/VW-ASUPlace-Cont02_180_013_S184_L001_HISAT_pair_trim_sort_mkdup_rdgrp_XX.bam
    wildcards: sample_name=VW-ASUPlace-Cont02_180_013_S184_L001
    resources: tmpdir=/tmp


[Tue Nov 25 09:17:45 2025]
rule MarkDups_males:
    input: /data/Wilson_Lab/projects/placenta_multiomics/valleywise_pilot/processed_bams/rna/VW-ASUPlace-Cont09-Q1RNA1_191_002_S191_L001_HISAT_pair_trim_sort_rdgrp_XY.bam
    output: /data/Wilson_Lab/projects/placenta_multiomics/valleywise_pilot/processed_bams/rna/VW-ASUPlace-Cont09-Q1RNA1_191_002_S191_L001_HISAT_pair_trim_sort_mkdup_rdgrp_XY.bam, /data/Wilson_Lab/projects/placenta_multiomics/valleywise_pilot/processed_bams/rna/stats/VW-ASUPlace-Cont09-Q1RNA1_191_002_S191_L001.XY.picard_mkdup_metrics.txt
    jobid: 21
    reason: Code has changed since last execution
    wildcards: sample_name=VW-ASUPlace-Cont09-Q1RNA1_191_002_S191_L001
    resources: tmpdir=/tmp


[Tue Nov 25 09:17:45 2025]
rule MarkDups_males:
    input: /data/Wilson_Lab/projects/placenta_multiomics/valleywise_pilot/processed_bams/rna/VW-ASUPlace-HDP02-Q1RNA1_155_038_S194_L001_HISAT_pair_trim_sort_rdgrp_XY.bam
    output: /data/Wilson_Lab/projects/placenta_multiomics/valleywise_pilot/processed_bams/rna/VW-ASUPlace-HDP02-Q1RNA1_155_038_S194_L001_HISAT_pair_trim_sort_mkdup_rdgrp_XY.bam, /data/Wilson_Lab/projects/placenta_multiomics/valleywise_pilot/processed_bams/rna/stats/VW-ASUPlace-HDP02-Q1RNA1_155_038_S194_L001.XY.picard_mkdup_metrics.txt
    jobid: 26
    reason: Missing output files: /data/Wilson_Lab/projects/placenta_multiomics/valleywise_pilot/processed_bams/rna/VW-ASUPlace-HDP02-Q1RNA1_155_038_S194_L001_HISAT_pair_trim_sort_mkdup_rdgrp_XY.bam
    wildcards: sample_name=VW-ASUPlace-HDP02-Q1RNA1_155_038_S194_L001
    resources: tmpdir=/tmp


[Tue Nov 25 09:17:45 2025]
rule MarkDups_males:
    input: /data/Wilson_Lab/projects/placenta_multiomics/valleywise_pilot/processed_bams/rna/VW-ASUPlace-Cont08-Q1RNA1_108_085_S190_L001_HISAT_pair_trim_sort_rdgrp_XY.bam
    output: /data/Wilson_Lab/projects/placenta_multiomics/valleywise_pilot/processed_bams/rna/VW-ASUPlace-Cont08-Q1RNA1_108_085_S190_L001_HISAT_pair_trim_sort_mkdup_rdgrp_XY.bam, /data/Wilson_Lab/projects/placenta_multiomics/valleywise_pilot/processed_bams/rna/stats/VW-ASUPlace-Cont08-Q1RNA1_108_085_S190_L001.XY.picard_mkdup_metrics.txt
    jobid: 16
    reason: Missing output files: /data/Wilson_Lab/projects/placenta_multiomics/valleywise_pilot/processed_bams/rna/VW-ASUPlace-Cont08-Q1RNA1_108_085_S190_L001_HISAT_pair_trim_sort_mkdup_rdgrp_XY.bam; Code has changed since last execution
    wildcards: sample_name=VW-ASUPlace-Cont08-Q1RNA1_108_085_S190_L001
    resources: tmpdir=/tmp


[Tue Nov 25 09:17:45 2025]
rule MarkDups_females:
    input: /data/Wilson_Lab/projects/placenta_multiomics/valleywise_pilot/processed_bams/rna/VW-ASUPlace-Cont06-Q1RNA1_132_061_S188_L001_HISAT_pair_trim_sort_rdgrp_XX.bam
    output: /data/Wilson_Lab/projects/placenta_multiomics/valleywise_pilot/processed_bams/rna/VW-ASUPlace-Cont06-Q1RNA1_132_061_S188_L001_HISAT_pair_trim_sort_mkdup_rdgrp_XX.bam, /data/Wilson_Lab/projects/placenta_multiomics/valleywise_pilot/processed_bams/rna/stats/VW-ASUPlace-Cont06-Q1RNA1_132_061_S188_L001.XX.picard_mkdup_metrics.txt
    jobid: 71
    reason: Code has changed since last execution
    wildcards: sample_name=VW-ASUPlace-Cont06-Q1RNA1_132_061_S188_L001
    resources: tmpdir=/tmp


[Tue Nov 25 09:17:45 2025]
rule MarkDups_males:
    input: /data/Wilson_Lab/projects/placenta_multiomics/valleywise_pilot/processed_bams/rna/VW-ASUPlace-HDP06-Q1RNA1_107_086_S198_L001_HISAT_pair_trim_sort_rdgrp_XY.bam
    output: /data/Wilson_Lab/projects/placenta_multiomics/valleywise_pilot/processed_bams/rna/VW-ASUPlace-HDP06-Q1RNA1_107_086_S198_L001_HISAT_pair_trim_sort_mkdup_rdgrp_XY.bam, /data/Wilson_Lab/projects/placenta_multiomics/valleywise_pilot/processed_bams/rna/stats/VW-ASUPlace-HDP06-Q1RNA1_107_086_S198_L001.XY.picard_mkdup_metrics.txt
    jobid: 46
    reason: Missing output files: /data/Wilson_Lab/projects/placenta_multiomics/valleywise_pilot/processed_bams/rna/VW-ASUPlace-HDP06-Q1RNA1_107_086_S198_L001_HISAT_pair_trim_sort_mkdup_rdgrp_XY.bam; Code has changed since last execution
    wildcards: sample_name=VW-ASUPlace-HDP06-Q1RNA1_107_086_S198_L001
    resources: tmpdir=/tmp

[Tue Nov 25 09:21:13 2025]
Error in rule MarkDups_females:
    jobid: 71
    input: /data/Wilson_Lab/projects/placenta_multiomics/valleywise_pilot/processed_bams/rna/VW-ASUPlace-Cont06-Q1RNA1_132_061_S188_L001_HISAT_pair_trim_sort_rdgrp_XX.bam
    output: /data/Wilson_Lab/projects/placenta_multiomics/valleywise_pilot/processed_bams/rna/VW-ASUPlace-Cont06-Q1RNA1_132_061_S188_L001_HISAT_pair_trim_sort_mkdup_rdgrp_XX.bam, /data/Wilson_Lab/projects/placenta_multiomics/valleywise_pilot/processed_bams/rna/stats/VW-ASUPlace-Cont06-Q1RNA1_132_061_S188_L001.XX.picard_mkdup_metrics.txt
    shell:
        
        module load picard
        mkdir -p /data/Wilson_Lab/projects/placenta_multiomics/valleywise_pilot/processed_bams/rna/stats
        java -Xmx14g -jar /usr/local/apps/picard/3.3.0/picard.jar MarkDuplicates \
        I=/data/Wilson_Lab/projects/placenta_multiomics/valleywise_pilot/processed_bams/rna/VW-ASUPlace-Cont06-Q1RNA1_132_061_S188_L001_HISAT_pair_trim_sort_rdgrp_XX.bam \
        O=/data/Wilson_Lab/projects/placenta_multiomics/valleywise_pilot/processed_bams/rna/VW-ASUPlace-Cont06-Q1RNA1_132_061_S188_L001_HISAT_pair_trim_sort_mkdup_rdgrp_XX.bam \
        M=/data/Wilson_Lab/projects/placenta_multiomics/valleywise_pilot/processed_bams/rna/stats/VW-ASUPlace-Cont06-Q1RNA1_132_061_S188_L001.XX.picard_mkdup_metrics.txt \
        VALIDATION_STRINGENCY=LENIENT
        
        (one of the commands exited with non-zero exit code; note that snakemake uses bash strict mode!)

[Tue Nov 25 09:21:37 2025]
Error in rule MarkDups_males:
    jobid: 26
    input: /data/Wilson_Lab/projects/placenta_multiomics/valleywise_pilot/processed_bams/rna/VW-ASUPlace-HDP02-Q1RNA1_155_038_S194_L001_HISAT_pair_trim_sort_rdgrp_XY.bam
    output: /data/Wilson_Lab/projects/placenta_multiomics/valleywise_pilot/processed_bams/rna/VW-ASUPlace-HDP02-Q1RNA1_155_038_S194_L001_HISAT_pair_trim_sort_mkdup_rdgrp_XY.bam, /data/Wilson_Lab/projects/placenta_multiomics/valleywise_pilot/processed_bams/rna/stats/VW-ASUPlace-HDP02-Q1RNA1_155_038_S194_L001.XY.picard_mkdup_metrics.txt
    shell:
        
        module load picard
        mkdir -p /data/Wilson_Lab/projects/placenta_multiomics/valleywise_pilot/processed_bams/rna/stats
        java -Xmx14g -jar /usr/local/apps/picard/3.3.0/picard.jar MarkDuplicates \
        I=/data/Wilson_Lab/projects/placenta_multiomics/valleywise_pilot/processed_bams/rna/VW-ASUPlace-HDP02-Q1RNA1_155_038_S194_L001_HISAT_pair_trim_sort_rdgrp_XY.bam \
        O=/data/Wilson_Lab/projects/placenta_multiomics/valleywise_pilot/processed_bams/rna/VW-ASUPlace-HDP02-Q1RNA1_155_038_S194_L001_HISAT_pair_trim_sort_mkdup_rdgrp_XY.bam \
        M=/data/Wilson_Lab/projects/placenta_multiomics/valleywise_pilot/processed_bams/rna/stats/VW-ASUPlace-HDP02-Q1RNA1_155_038_S194_L001.XY.picard_mkdup_metrics.txt \
        VALIDATION_STRINGENCY=LENIENT
        
        (one of the commands exited with non-zero exit code; note that snakemake uses bash strict mode!)

[Tue Nov 25 09:23:49 2025]
Error in rule MarkDups_males:
    jobid: 21
    input: /data/Wilson_Lab/projects/placenta_multiomics/valleywise_pilot/processed_bams/rna/VW-ASUPlace-Cont09-Q1RNA1_191_002_S191_L001_HISAT_pair_trim_sort_rdgrp_XY.bam
    output: /data/Wilson_Lab/projects/placenta_multiomics/valleywise_pilot/processed_bams/rna/VW-ASUPlace-Cont09-Q1RNA1_191_002_S191_L001_HISAT_pair_trim_sort_mkdup_rdgrp_XY.bam, /data/Wilson_Lab/projects/placenta_multiomics/valleywise_pilot/processed_bams/rna/stats/VW-ASUPlace-Cont09-Q1RNA1_191_002_S191_L001.XY.picard_mkdup_metrics.txt
    shell:
        
        module load picard
        mkdir -p /data/Wilson_Lab/projects/placenta_multiomics/valleywise_pilot/processed_bams/rna/stats
        java -Xmx14g -jar /usr/local/apps/picard/3.3.0/picard.jar MarkDuplicates \
        I=/data/Wilson_Lab/projects/placenta_multiomics/valleywise_pilot/processed_bams/rna/VW-ASUPlace-Cont09-Q1RNA1_191_002_S191_L001_HISAT_pair_trim_sort_rdgrp_XY.bam \
        O=/data/Wilson_Lab/projects/placenta_multiomics/valleywise_pilot/processed_bams/rna/VW-ASUPlace-Cont09-Q1RNA1_191_002_S191_L001_HISAT_pair_trim_sort_mkdup_rdgrp_XY.bam \
        M=/data/Wilson_Lab/projects/placenta_multiomics/valleywise_pilot/processed_bams/rna/stats/VW-ASUPlace-Cont09-Q1RNA1_191_002_S191_L001.XY.picard_mkdup_metrics.txt \
        VALIDATION_STRINGENCY=LENIENT
        
        (one of the commands exited with non-zero exit code; note that snakemake uses bash strict mode!)

[Tue Nov 25 09:26:28 2025]
Error in rule MarkDups_males:
    jobid: 46
    input: /data/Wilson_Lab/projects/placenta_multiomics/valleywise_pilot/processed_bams/rna/VW-ASUPlace-HDP06-Q1RNA1_107_086_S198_L001_HISAT_pair_trim_sort_rdgrp_XY.bam
    output: /data/Wilson_Lab/projects/placenta_multiomics/valleywise_pilot/processed_bams/rna/VW-ASUPlace-HDP06-Q1RNA1_107_086_S198_L001_HISAT_pair_trim_sort_mkdup_rdgrp_XY.bam, /data/Wilson_Lab/projects/placenta_multiomics/valleywise_pilot/processed_bams/rna/stats/VW-ASUPlace-HDP06-Q1RNA1_107_086_S198_L001.XY.picard_mkdup_metrics.txt
    shell:
        
        module load picard
        mkdir -p /data/Wilson_Lab/projects/placenta_multiomics/valleywise_pilot/processed_bams/rna/stats
        java -Xmx14g -jar /usr/local/apps/picard/3.3.0/picard.jar MarkDuplicates \
        I=/data/Wilson_Lab/projects/placenta_multiomics/valleywise_pilot/processed_bams/rna/VW-ASUPlace-HDP06-Q1RNA1_107_086_S198_L001_HISAT_pair_trim_sort_rdgrp_XY.bam \
        O=/data/Wilson_Lab/projects/placenta_multiomics/valleywise_pilot/processed_bams/rna/VW-ASUPlace-HDP06-Q1RNA1_107_086_S198_L001_HISAT_pair_trim_sort_mkdup_rdgrp_XY.bam \
        M=/data/Wilson_Lab/projects/placenta_multiomics/valleywise_pilot/processed_bams/rna/stats/VW-ASUPlace-HDP06-Q1RNA1_107_086_S198_L001.XY.picard_mkdup_metrics.txt \
        VALIDATION_STRINGENCY=LENIENT
        
        (one of the commands exited with non-zero exit code; note that snakemake uses bash strict mode!)

[Tue Nov 25 09:50:37 2025]
Finished job 86.
1 of 62 steps (2%) done
[Tue Nov 25 09:52:03 2025]
Finished job 31.
2 of 62 steps (3%) done
[Tue Nov 25 09:52:23 2025]
Finished job 56.
3 of 62 steps (5%) done
