Building DAG of jobs...
Using shell: /usr/bin/bash
Provided cluster nodes: 50
Job stats:
job                      count
---------------------  -------
AddReadGrps_females          9
AddReadGrps_males           11
HISAT_paired_females         9
HISAT_paired_males          11
MarkDups_females             9
MarkDups_males              11
all                          1
bam_sort_females             9
bam_sort_males              11
index_bam_females            9
index_bam_males             11
samtools_view_females        9
samtools_view_males         11
total                      121

Select jobs to execute...

[Fri Nov 21 11:34:40 2025]
rule HISAT_paired_males:
    input: /data/Wilson_Lab/projects/placenta_multiomics/valleywise_pilot/trimmed_fastqs_rna/VW-ASUPlace-HDP05-Q1RNA1_119_074_S197_L001_trimmed_R1.fastq.gz, /data/Wilson_Lab/projects/placenta_multiomics/valleywise_pilot/trimmed_fastqs_rna/VW-ASUPlace-HDP05-Q1RNA1_119_074_S197_L001_trimmed_R2.fastq.gz
    output: /data/Wilson_Lab/projects/placenta_multiomics/valleywise_pilot/processed_bams/rna/VW-ASUPlace-HDP05-Q1RNA1_119_074_S197_L001_HISAT_pair_trim_XY.sam
    jobid: 45
    reason: Missing output files: /data/Wilson_Lab/projects/placenta_multiomics/valleywise_pilot/processed_bams/rna/VW-ASUPlace-HDP05-Q1RNA1_119_074_S197_L001_HISAT_pair_trim_XY.sam
    wildcards: sample_name=VW-ASUPlace-HDP05-Q1RNA1_119_074_S197_L001
    resources: mem_mb=11290, mem_mib=10767, disk_mb=11290, disk_mib=10767, tmpdir=<TBD>

perl hisat2 -q --rna-strandness RF -p 8 -x /data/Wilson_Lab/references/GENCODE/GRCh38.p12.genome.XY/GRCh38.p12.genome.XY -1 /data/Wilson_Lab/projects/placenta_multiomics/valleywise_pilot/trimmed_fastqs_rna/VW-ASUPlace-HDP05-Q1RNA1_119_074_S197_L001_trimmed_R1.fastq.gz -2 /data/Wilson_Lab/projects/placenta_multiomics/valleywise_pilot/trimmed_fastqs_rna/VW-ASUPlace-HDP05-Q1RNA1_119_074_S197_L001_trimmed_R2.fastq.gz -S /data/Wilson_Lab/projects/placenta_multiomics/valleywise_pilot/processed_bams/rna/VW-ASUPlace-HDP05-Q1RNA1_119_074_S197_L001_HISAT_pair_trim_XY.sam
Submitted job 45 with external jobid '5077889'.

[Fri Nov 21 11:34:42 2025]
rule HISAT_paired_females:
    input: /data/Wilson_Lab/projects/placenta_multiomics/valleywise_pilot/trimmed_fastqs_rna/VW-ASUPlace-HDP09-Q1RNA1_166_027_S201_L001_trimmed_R1.fastq.gz, /data/Wilson_Lab/projects/placenta_multiomics/valleywise_pilot/trimmed_fastqs_rna/VW-ASUPlace-HDP09-Q1RNA1_166_027_S201_L001_trimmed_R2.fastq.gz
    output: /data/Wilson_Lab/projects/placenta_multiomics/valleywise_pilot/processed_bams/rna/VW-ASUPlace-HDP09-Q1RNA1_166_027_S201_L001_HISAT_pair_trim_XX.sam
    jobid: 95
    reason: Missing output files: /data/Wilson_Lab/projects/placenta_multiomics/valleywise_pilot/processed_bams/rna/VW-ASUPlace-HDP09-Q1RNA1_166_027_S201_L001_HISAT_pair_trim_XX.sam
    wildcards: sample_name=VW-ASUPlace-HDP09-Q1RNA1_166_027_S201_L001
    resources: mem_mb=11178, mem_mib=10661, disk_mb=11178, disk_mib=10661, tmpdir=<TBD>

perl hisat2 -q --rna-strandness RF -p 8 -x /data/Wilson_Lab/references/GENCODE/GRCh38.p12.genome.XXonly/GRCh38.p12.genome.XXonly -1 /data/Wilson_Lab/projects/placenta_multiomics/valleywise_pilot/trimmed_fastqs_rna/VW-ASUPlace-HDP09-Q1RNA1_166_027_S201_L001_trimmed_R1.fastq.gz -2 /data/Wilson_Lab/projects/placenta_multiomics/valleywise_pilot/trimmed_fastqs_rna/VW-ASUPlace-HDP09-Q1RNA1_166_027_S201_L001_trimmed_R2.fastq.gz -S /data/Wilson_Lab/projects/placenta_multiomics/valleywise_pilot/processed_bams/rna/VW-ASUPlace-HDP09-Q1RNA1_166_027_S201_L001_HISAT_pair_trim_XX.sam
Submitted job 95 with external jobid '5077892'.

[Fri Nov 21 11:34:45 2025]
rule HISAT_paired_females:
    input: /data/Wilson_Lab/projects/placenta_multiomics/valleywise_pilot/trimmed_fastqs_rna/VW-ASUPlace-Cont02_180_013_S184_L001_trimmed_R1.fastq.gz, /data/Wilson_Lab/projects/placenta_multiomics/valleywise_pilot/trimmed_fastqs_rna/VW-ASUPlace-Cont02_180_013_S184_L001_trimmed_R2.fastq.gz
    output: /data/Wilson_Lab/projects/placenta_multiomics/valleywise_pilot/processed_bams/rna/VW-ASUPlace-Cont02_180_013_S184_L001_HISAT_pair_trim_XX.sam
    jobid: 60
    reason: Missing output files: /data/Wilson_Lab/projects/placenta_multiomics/valleywise_pilot/processed_bams/rna/VW-ASUPlace-Cont02_180_013_S184_L001_HISAT_pair_trim_XX.sam
    wildcards: sample_name=VW-ASUPlace-Cont02_180_013_S184_L001
    resources: mem_mb=12384, mem_mib=11811, disk_mb=12384, disk_mib=11811, tmpdir=<TBD>

perl hisat2 -q --rna-strandness RF -p 8 -x /data/Wilson_Lab/references/GENCODE/GRCh38.p12.genome.XXonly/GRCh38.p12.genome.XXonly -1 /data/Wilson_Lab/projects/placenta_multiomics/valleywise_pilot/trimmed_fastqs_rna/VW-ASUPlace-Cont02_180_013_S184_L001_trimmed_R1.fastq.gz -2 /data/Wilson_Lab/projects/placenta_multiomics/valleywise_pilot/trimmed_fastqs_rna/VW-ASUPlace-Cont02_180_013_S184_L001_trimmed_R2.fastq.gz -S /data/Wilson_Lab/projects/placenta_multiomics/valleywise_pilot/processed_bams/rna/VW-ASUPlace-Cont02_180_013_S184_L001_HISAT_pair_trim_XX.sam
Submitted job 60 with external jobid '5077894'.

[Fri Nov 21 11:34:47 2025]
rule HISAT_paired_females:
    input: /data/Wilson_Lab/projects/placenta_multiomics/valleywise_pilot/trimmed_fastqs_rna/VW-ASUPlace-Cont06-Q1RNA1_132_061_S188_L001_trimmed_R1.fastq.gz, /data/Wilson_Lab/projects/placenta_multiomics/valleywise_pilot/trimmed_fastqs_rna/VW-ASUPlace-Cont06-Q1RNA1_132_061_S188_L001_trimmed_R2.fastq.gz
    output: /data/Wilson_Lab/projects/placenta_multiomics/valleywise_pilot/processed_bams/rna/VW-ASUPlace-Cont06-Q1RNA1_132_061_S188_L001_HISAT_pair_trim_XX.sam
    jobid: 75
    reason: Missing output files: /data/Wilson_Lab/projects/placenta_multiomics/valleywise_pilot/processed_bams/rna/VW-ASUPlace-Cont06-Q1RNA1_132_061_S188_L001_HISAT_pair_trim_XX.sam
    wildcards: sample_name=VW-ASUPlace-Cont06-Q1RNA1_132_061_S188_L001
    resources: mem_mb=12030, mem_mib=11473, disk_mb=12030, disk_mib=11473, tmpdir=<TBD>

perl hisat2 -q --rna-strandness RF -p 8 -x /data/Wilson_Lab/references/GENCODE/GRCh38.p12.genome.XXonly/GRCh38.p12.genome.XXonly -1 /data/Wilson_Lab/projects/placenta_multiomics/valleywise_pilot/trimmed_fastqs_rna/VW-ASUPlace-Cont06-Q1RNA1_132_061_S188_L001_trimmed_R1.fastq.gz -2 /data/Wilson_Lab/projects/placenta_multiomics/valleywise_pilot/trimmed_fastqs_rna/VW-ASUPlace-Cont06-Q1RNA1_132_061_S188_L001_trimmed_R2.fastq.gz -S /data/Wilson_Lab/projects/placenta_multiomics/valleywise_pilot/processed_bams/rna/VW-ASUPlace-Cont06-Q1RNA1_132_061_S188_L001_HISAT_pair_trim_XX.sam
Submitted job 75 with external jobid '5077895'.

[Fri Nov 21 11:34:50 2025]
rule HISAT_paired_males:
    input: /data/Wilson_Lab/projects/placenta_multiomics/valleywise_pilot/trimmed_fastqs_rna/VW-ASUPlace-Cont01_192_001_S183_L001_trimmed_R1.fastq.gz, /data/Wilson_Lab/projects/placenta_multiomics/valleywise_pilot/trimmed_fastqs_rna/VW-ASUPlace-Cont01_192_001_S183_L001_trimmed_R2.fastq.gz
    output: /data/Wilson_Lab/projects/placenta_multiomics/valleywise_pilot/processed_bams/rna/VW-ASUPlace-Cont01_192_001_S183_L001_HISAT_pair_trim_XY.sam
    jobid: 5
    reason: Missing output files: /data/Wilson_Lab/projects/placenta_multiomics/valleywise_pilot/processed_bams/rna/VW-ASUPlace-Cont01_192_001_S183_L001_HISAT_pair_trim_XY.sam
    wildcards: sample_name=VW-ASUPlace-Cont01_192_001_S183_L001
    resources: mem_mb=10875, mem_mib=10372, disk_mb=10875, disk_mib=10372, tmpdir=<TBD>

perl hisat2 -q --rna-strandness RF -p 8 -x /data/Wilson_Lab/references/GENCODE/GRCh38.p12.genome.XY/GRCh38.p12.genome.XY -1 /data/Wilson_Lab/projects/placenta_multiomics/valleywise_pilot/trimmed_fastqs_rna/VW-ASUPlace-Cont01_192_001_S183_L001_trimmed_R1.fastq.gz -2 /data/Wilson_Lab/projects/placenta_multiomics/valleywise_pilot/trimmed_fastqs_rna/VW-ASUPlace-Cont01_192_001_S183_L001_trimmed_R2.fastq.gz -S /data/Wilson_Lab/projects/placenta_multiomics/valleywise_pilot/processed_bams/rna/VW-ASUPlace-Cont01_192_001_S183_L001_HISAT_pair_trim_XY.sam
Submitted job 5 with external jobid '5077896'.

[Fri Nov 21 11:34:51 2025]
rule HISAT_paired_males:
    input: /data/Wilson_Lab/projects/placenta_multiomics/valleywise_pilot/trimmed_fastqs_rna/VW-ASUPlace-HDP04-Q1RNA1_131_062_S196_L001_trimmed_R1.fastq.gz, /data/Wilson_Lab/projects/placenta_multiomics/valleywise_pilot/trimmed_fastqs_rna/VW-ASUPlace-HDP04-Q1RNA1_131_062_S196_L001_trimmed_R2.fastq.gz
    output: /data/Wilson_Lab/projects/placenta_multiomics/valleywise_pilot/processed_bams/rna/VW-ASUPlace-HDP04-Q1RNA1_131_062_S196_L001_HISAT_pair_trim_XY.sam
    jobid: 40
    reason: Missing output files: /data/Wilson_Lab/projects/placenta_multiomics/valleywise_pilot/processed_bams/rna/VW-ASUPlace-HDP04-Q1RNA1_131_062_S196_L001_HISAT_pair_trim_XY.sam
    wildcards: sample_name=VW-ASUPlace-HDP04-Q1RNA1_131_062_S196_L001
    resources: mem_mb=11579, mem_mib=11043, disk_mb=11579, disk_mib=11043, tmpdir=<TBD>

perl hisat2 -q --rna-strandness RF -p 8 -x /data/Wilson_Lab/references/GENCODE/GRCh38.p12.genome.XY/GRCh38.p12.genome.XY -1 /data/Wilson_Lab/projects/placenta_multiomics/valleywise_pilot/trimmed_fastqs_rna/VW-ASUPlace-HDP04-Q1RNA1_131_062_S196_L001_trimmed_R1.fastq.gz -2 /data/Wilson_Lab/projects/placenta_multiomics/valleywise_pilot/trimmed_fastqs_rna/VW-ASUPlace-HDP04-Q1RNA1_131_062_S196_L001_trimmed_R2.fastq.gz -S /data/Wilson_Lab/projects/placenta_multiomics/valleywise_pilot/processed_bams/rna/VW-ASUPlace-HDP04-Q1RNA1_131_062_S196_L001_HISAT_pair_trim_XY.sam
Submitted job 40 with external jobid '5077897'.

[Fri Nov 21 11:34:52 2025]
rule HISAT_paired_females:
    input: /data/Wilson_Lab/projects/placenta_multiomics/valleywise_pilot/trimmed_fastqs_rna/VW-ASUPlace-HDP08-Q1RNA1_178_015_S200_L001_trimmed_R1.fastq.gz, /data/Wilson_Lab/projects/placenta_multiomics/valleywise_pilot/trimmed_fastqs_rna/VW-ASUPlace-HDP08-Q1RNA1_178_015_S200_L001_trimmed_R2.fastq.gz
    output: /data/Wilson_Lab/projects/placenta_multiomics/valleywise_pilot/processed_bams/rna/VW-ASUPlace-HDP08-Q1RNA1_178_015_S200_L001_HISAT_pair_trim_XX.sam
    jobid: 90
    reason: Missing output files: /data/Wilson_Lab/projects/placenta_multiomics/valleywise_pilot/processed_bams/rna/VW-ASUPlace-HDP08-Q1RNA1_178_015_S200_L001_HISAT_pair_trim_XX.sam
    wildcards: sample_name=VW-ASUPlace-HDP08-Q1RNA1_178_015_S200_L001
    resources: mem_mb=11436, mem_mib=10907, disk_mb=11436, disk_mib=10907, tmpdir=<TBD>

perl hisat2 -q --rna-strandness RF -p 8 -x /data/Wilson_Lab/references/GENCODE/GRCh38.p12.genome.XXonly/GRCh38.p12.genome.XXonly -1 /data/Wilson_Lab/projects/placenta_multiomics/valleywise_pilot/trimmed_fastqs_rna/VW-ASUPlace-HDP08-Q1RNA1_178_015_S200_L001_trimmed_R1.fastq.gz -2 /data/Wilson_Lab/projects/placenta_multiomics/valleywise_pilot/trimmed_fastqs_rna/VW-ASUPlace-HDP08-Q1RNA1_178_015_S200_L001_trimmed_R2.fastq.gz -S /data/Wilson_Lab/projects/placenta_multiomics/valleywise_pilot/processed_bams/rna/VW-ASUPlace-HDP08-Q1RNA1_178_015_S200_L001_HISAT_pair_trim_XX.sam
Submitted job 90 with external jobid '5077899'.

[Fri Nov 21 11:34:53 2025]
rule HISAT_paired_males:
    input: /data/Wilson_Lab/projects/placenta_multiomics/valleywise_pilot/trimmed_fastqs_rna/VW-ASUPlace-Cont09-Q1RNA1_191_002_S191_L001_trimmed_R1.fastq.gz, /data/Wilson_Lab/projects/placenta_multiomics/valleywise_pilot/trimmed_fastqs_rna/VW-ASUPlace-Cont09-Q1RNA1_191_002_S191_L001_trimmed_R2.fastq.gz
    output: /data/Wilson_Lab/projects/placenta_multiomics/valleywise_pilot/processed_bams/rna/VW-ASUPlace-Cont09-Q1RNA1_191_002_S191_L001_HISAT_pair_trim_XY.sam
    jobid: 25
    reason: Missing output files: /data/Wilson_Lab/projects/placenta_multiomics/valleywise_pilot/processed_bams/rna/VW-ASUPlace-Cont09-Q1RNA1_191_002_S191_L001_HISAT_pair_trim_XY.sam
    wildcards: sample_name=VW-ASUPlace-Cont09-Q1RNA1_191_002_S191_L001
    resources: mem_mb=15926, mem_mib=15189, disk_mb=15926, disk_mib=15189, tmpdir=<TBD>

perl hisat2 -q --rna-strandness RF -p 8 -x /data/Wilson_Lab/references/GENCODE/GRCh38.p12.genome.XY/GRCh38.p12.genome.XY -1 /data/Wilson_Lab/projects/placenta_multiomics/valleywise_pilot/trimmed_fastqs_rna/VW-ASUPlace-Cont09-Q1RNA1_191_002_S191_L001_trimmed_R1.fastq.gz -2 /data/Wilson_Lab/projects/placenta_multiomics/valleywise_pilot/trimmed_fastqs_rna/VW-ASUPlace-Cont09-Q1RNA1_191_002_S191_L001_trimmed_R2.fastq.gz -S /data/Wilson_Lab/projects/placenta_multiomics/valleywise_pilot/processed_bams/rna/VW-ASUPlace-Cont09-Q1RNA1_191_002_S191_L001_HISAT_pair_trim_XY.sam
Submitted job 25 with external jobid '5077901'.

[Fri Nov 21 11:34:55 2025]
rule HISAT_paired_males:
    input: /data/Wilson_Lab/projects/placenta_multiomics/valleywise_pilot/trimmed_fastqs_rna/VW-ASUPlace-Cont04_156_037_S186_L001_trimmed_R1.fastq.gz, /data/Wilson_Lab/projects/placenta_multiomics/valleywise_pilot/trimmed_fastqs_rna/VW-ASUPlace-Cont04_156_037_S186_L001_trimmed_R2.fastq.gz
    output: /data/Wilson_Lab/projects/placenta_multiomics/valleywise_pilot/processed_bams/rna/VW-ASUPlace-Cont04_156_037_S186_L001_HISAT_pair_trim_XY.sam
    jobid: 10
    reason: Missing output files: /data/Wilson_Lab/projects/placenta_multiomics/valleywise_pilot/processed_bams/rna/VW-ASUPlace-Cont04_156_037_S186_L001_HISAT_pair_trim_XY.sam
    wildcards: sample_name=VW-ASUPlace-Cont04_156_037_S186_L001
    resources: mem_mb=11399, mem_mib=10871, disk_mb=11399, disk_mib=10871, tmpdir=<TBD>

perl hisat2 -q --rna-strandness RF -p 8 -x /data/Wilson_Lab/references/GENCODE/GRCh38.p12.genome.XY/GRCh38.p12.genome.XY -1 /data/Wilson_Lab/projects/placenta_multiomics/valleywise_pilot/trimmed_fastqs_rna/VW-ASUPlace-Cont04_156_037_S186_L001_trimmed_R1.fastq.gz -2 /data/Wilson_Lab/projects/placenta_multiomics/valleywise_pilot/trimmed_fastqs_rna/VW-ASUPlace-Cont04_156_037_S186_L001_trimmed_R2.fastq.gz -S /data/Wilson_Lab/projects/placenta_multiomics/valleywise_pilot/processed_bams/rna/VW-ASUPlace-Cont04_156_037_S186_L001_HISAT_pair_trim_XY.sam
Submitted job 10 with external jobid '5077903'.

[Fri Nov 21 11:34:56 2025]
rule HISAT_paired_females:
    input: /data/Wilson_Lab/projects/placenta_multiomics/valleywise_pilot/trimmed_fastqs_rna/VW-ASUPlace-Cont05-Q1RNA1_144_049_S187_L001_trimmed_R1.fastq.gz, /data/Wilson_Lab/projects/placenta_multiomics/valleywise_pilot/trimmed_fastqs_rna/VW-ASUPlace-Cont05-Q1RNA1_144_049_S187_L001_trimmed_R2.fastq.gz
    output: /data/Wilson_Lab/projects/placenta_multiomics/valleywise_pilot/processed_bams/rna/VW-ASUPlace-Cont05-Q1RNA1_144_049_S187_L001_HISAT_pair_trim_XX.sam
    jobid: 70
    reason: Missing output files: /data/Wilson_Lab/projects/placenta_multiomics/valleywise_pilot/processed_bams/rna/VW-ASUPlace-Cont05-Q1RNA1_144_049_S187_L001_HISAT_pair_trim_XX.sam
    wildcards: sample_name=VW-ASUPlace-Cont05-Q1RNA1_144_049_S187_L001
    resources: mem_mb=11200, mem_mib=10682, disk_mb=11200, disk_mib=10682, tmpdir=<TBD>

perl hisat2 -q --rna-strandness RF -p 8 -x /data/Wilson_Lab/references/GENCODE/GRCh38.p12.genome.XXonly/GRCh38.p12.genome.XXonly -1 /data/Wilson_Lab/projects/placenta_multiomics/valleywise_pilot/trimmed_fastqs_rna/VW-ASUPlace-Cont05-Q1RNA1_144_049_S187_L001_trimmed_R1.fastq.gz -2 /data/Wilson_Lab/projects/placenta_multiomics/valleywise_pilot/trimmed_fastqs_rna/VW-ASUPlace-Cont05-Q1RNA1_144_049_S187_L001_trimmed_R2.fastq.gz -S /data/Wilson_Lab/projects/placenta_multiomics/valleywise_pilot/processed_bams/rna/VW-ASUPlace-Cont05-Q1RNA1_144_049_S187_L001_HISAT_pair_trim_XX.sam
Submitted job 70 with external jobid '5077904'.

[Fri Nov 21 11:34:57 2025]
rule HISAT_paired_males:
    input: /data/Wilson_Lab/projects/placenta_multiomics/valleywise_pilot/trimmed_fastqs_rna/VW-ASUPlace-HDP07-Q1RNA1_190_003_S199_L001_trimmed_R1.fastq.gz, /data/Wilson_Lab/projects/placenta_multiomics/valleywise_pilot/trimmed_fastqs_rna/VW-ASUPlace-HDP07-Q1RNA1_190_003_S199_L001_trimmed_R2.fastq.gz
    output: /data/Wilson_Lab/projects/placenta_multiomics/valleywise_pilot/processed_bams/rna/VW-ASUPlace-HDP07-Q1RNA1_190_003_S199_L001_HISAT_pair_trim_XY.sam
    jobid: 55
    reason: Missing output files: /data/Wilson_Lab/projects/placenta_multiomics/valleywise_pilot/processed_bams/rna/VW-ASUPlace-HDP07-Q1RNA1_190_003_S199_L001_HISAT_pair_trim_XY.sam
    wildcards: sample_name=VW-ASUPlace-HDP07-Q1RNA1_190_003_S199_L001
    resources: mem_mb=10977, mem_mib=10469, disk_mb=10977, disk_mib=10469, tmpdir=<TBD>

perl hisat2 -q --rna-strandness RF -p 8 -x /data/Wilson_Lab/references/GENCODE/GRCh38.p12.genome.XY/GRCh38.p12.genome.XY -1 /data/Wilson_Lab/projects/placenta_multiomics/valleywise_pilot/trimmed_fastqs_rna/VW-ASUPlace-HDP07-Q1RNA1_190_003_S199_L001_trimmed_R1.fastq.gz -2 /data/Wilson_Lab/projects/placenta_multiomics/valleywise_pilot/trimmed_fastqs_rna/VW-ASUPlace-HDP07-Q1RNA1_190_003_S199_L001_trimmed_R2.fastq.gz -S /data/Wilson_Lab/projects/placenta_multiomics/valleywise_pilot/processed_bams/rna/VW-ASUPlace-HDP07-Q1RNA1_190_003_S199_L001_HISAT_pair_trim_XY.sam
Submitted job 55 with external jobid '5077905'.

[Fri Nov 21 11:34:58 2025]
rule HISAT_paired_males:
    input: /data/Wilson_Lab/projects/placenta_multiomics/valleywise_pilot/trimmed_fastqs_rna/VW-ASUPlace-HDP03-Q1RNA1_143_050_S195_L001_trimmed_R1.fastq.gz, /data/Wilson_Lab/projects/placenta_multiomics/valleywise_pilot/trimmed_fastqs_rna/VW-ASUPlace-HDP03-Q1RNA1_143_050_S195_L001_trimmed_R2.fastq.gz
    output: /data/Wilson_Lab/projects/placenta_multiomics/valleywise_pilot/processed_bams/rna/VW-ASUPlace-HDP03-Q1RNA1_143_050_S195_L001_HISAT_pair_trim_XY.sam
    jobid: 35
    reason: Missing output files: /data/Wilson_Lab/projects/placenta_multiomics/valleywise_pilot/processed_bams/rna/VW-ASUPlace-HDP03-Q1RNA1_143_050_S195_L001_HISAT_pair_trim_XY.sam
    wildcards: sample_name=VW-ASUPlace-HDP03-Q1RNA1_143_050_S195_L001
    resources: mem_mb=12234, mem_mib=11668, disk_mb=12234, disk_mib=11668, tmpdir=<TBD>

perl hisat2 -q --rna-strandness RF -p 8 -x /data/Wilson_Lab/references/GENCODE/GRCh38.p12.genome.XY/GRCh38.p12.genome.XY -1 /data/Wilson_Lab/projects/placenta_multiomics/valleywise_pilot/trimmed_fastqs_rna/VW-ASUPlace-HDP03-Q1RNA1_143_050_S195_L001_trimmed_R1.fastq.gz -2 /data/Wilson_Lab/projects/placenta_multiomics/valleywise_pilot/trimmed_fastqs_rna/VW-ASUPlace-HDP03-Q1RNA1_143_050_S195_L001_trimmed_R2.fastq.gz -S /data/Wilson_Lab/projects/placenta_multiomics/valleywise_pilot/processed_bams/rna/VW-ASUPlace-HDP03-Q1RNA1_143_050_S195_L001_HISAT_pair_trim_XY.sam
Submitted job 35 with external jobid '5077906'.

[Fri Nov 21 11:34:59 2025]
rule HISAT_paired_females:
    input: /data/Wilson_Lab/projects/placenta_multiomics/valleywise_pilot/trimmed_fastqs_rna/VW-ASUPlace-HDP01_167_026_S193_L001_trimmed_R1.fastq.gz, /data/Wilson_Lab/projects/placenta_multiomics/valleywise_pilot/trimmed_fastqs_rna/VW-ASUPlace-HDP01_167_026_S193_L001_trimmed_R2.fastq.gz
    output: /data/Wilson_Lab/projects/placenta_multiomics/valleywise_pilot/processed_bams/rna/VW-ASUPlace-HDP01_167_026_S193_L001_HISAT_pair_trim_XX.sam
    jobid: 85
    reason: Missing output files: /data/Wilson_Lab/projects/placenta_multiomics/valleywise_pilot/processed_bams/rna/VW-ASUPlace-HDP01_167_026_S193_L001_HISAT_pair_trim_XX.sam
    wildcards: sample_name=VW-ASUPlace-HDP01_167_026_S193_L001
    resources: mem_mb=9234, mem_mib=8807, disk_mb=9234, disk_mib=8807, tmpdir=<TBD>

perl hisat2 -q --rna-strandness RF -p 8 -x /data/Wilson_Lab/references/GENCODE/GRCh38.p12.genome.XXonly/GRCh38.p12.genome.XXonly -1 /data/Wilson_Lab/projects/placenta_multiomics/valleywise_pilot/trimmed_fastqs_rna/VW-ASUPlace-HDP01_167_026_S193_L001_trimmed_R1.fastq.gz -2 /data/Wilson_Lab/projects/placenta_multiomics/valleywise_pilot/trimmed_fastqs_rna/VW-ASUPlace-HDP01_167_026_S193_L001_trimmed_R2.fastq.gz -S /data/Wilson_Lab/projects/placenta_multiomics/valleywise_pilot/processed_bams/rna/VW-ASUPlace-HDP01_167_026_S193_L001_HISAT_pair_trim_XX.sam
Submitted job 85 with external jobid '5077907'.

[Fri Nov 21 11:35:00 2025]
rule HISAT_paired_males:
    input: /data/Wilson_Lab/projects/placenta_multiomics/valleywise_pilot/trimmed_fastqs_rna/VW-ASUPlace-Cont08-Q1RNA1_108_085_S190_L001_trimmed_R1.fastq.gz, /data/Wilson_Lab/projects/placenta_multiomics/valleywise_pilot/trimmed_fastqs_rna/VW-ASUPlace-Cont08-Q1RNA1_108_085_S190_L001_trimmed_R2.fastq.gz
    output: /data/Wilson_Lab/projects/placenta_multiomics/valleywise_pilot/processed_bams/rna/VW-ASUPlace-Cont08-Q1RNA1_108_085_S190_L001_HISAT_pair_trim_XY.sam
    jobid: 20
    reason: Missing output files: /data/Wilson_Lab/projects/placenta_multiomics/valleywise_pilot/processed_bams/rna/VW-ASUPlace-Cont08-Q1RNA1_108_085_S190_L001_HISAT_pair_trim_XY.sam
    wildcards: sample_name=VW-ASUPlace-Cont08-Q1RNA1_108_085_S190_L001
    resources: mem_mb=11398, mem_mib=10870, disk_mb=11398, disk_mib=10870, tmpdir=<TBD>

perl hisat2 -q --rna-strandness RF -p 8 -x /data/Wilson_Lab/references/GENCODE/GRCh38.p12.genome.XY/GRCh38.p12.genome.XY -1 /data/Wilson_Lab/projects/placenta_multiomics/valleywise_pilot/trimmed_fastqs_rna/VW-ASUPlace-Cont08-Q1RNA1_108_085_S190_L001_trimmed_R1.fastq.gz -2 /data/Wilson_Lab/projects/placenta_multiomics/valleywise_pilot/trimmed_fastqs_rna/VW-ASUPlace-Cont08-Q1RNA1_108_085_S190_L001_trimmed_R2.fastq.gz -S /data/Wilson_Lab/projects/placenta_multiomics/valleywise_pilot/processed_bams/rna/VW-ASUPlace-Cont08-Q1RNA1_108_085_S190_L001_HISAT_pair_trim_XY.sam
Submitted job 20 with external jobid '5077908'.

[Fri Nov 21 11:35:01 2025]
rule HISAT_paired_males:
    input: /data/Wilson_Lab/projects/placenta_multiomics/valleywise_pilot/trimmed_fastqs_rna/VW-ASUPlace-HDP06-Q1RNA1_107_086_S198_L001_trimmed_R1.fastq.gz, /data/Wilson_Lab/projects/placenta_multiomics/valleywise_pilot/trimmed_fastqs_rna/VW-ASUPlace-HDP06-Q1RNA1_107_086_S198_L001_trimmed_R2.fastq.gz
    output: /data/Wilson_Lab/projects/placenta_multiomics/valleywise_pilot/processed_bams/rna/VW-ASUPlace-HDP06-Q1RNA1_107_086_S198_L001_HISAT_pair_trim_XY.sam
    jobid: 50
    reason: Missing output files: /data/Wilson_Lab/projects/placenta_multiomics/valleywise_pilot/processed_bams/rna/VW-ASUPlace-HDP06-Q1RNA1_107_086_S198_L001_HISAT_pair_trim_XY.sam
    wildcards: sample_name=VW-ASUPlace-HDP06-Q1RNA1_107_086_S198_L001
    resources: mem_mb=12421, mem_mib=11846, disk_mb=12421, disk_mib=11846, tmpdir=<TBD>

perl hisat2 -q --rna-strandness RF -p 8 -x /data/Wilson_Lab/references/GENCODE/GRCh38.p12.genome.XY/GRCh38.p12.genome.XY -1 /data/Wilson_Lab/projects/placenta_multiomics/valleywise_pilot/trimmed_fastqs_rna/VW-ASUPlace-HDP06-Q1RNA1_107_086_S198_L001_trimmed_R1.fastq.gz -2 /data/Wilson_Lab/projects/placenta_multiomics/valleywise_pilot/trimmed_fastqs_rna/VW-ASUPlace-HDP06-Q1RNA1_107_086_S198_L001_trimmed_R2.fastq.gz -S /data/Wilson_Lab/projects/placenta_multiomics/valleywise_pilot/processed_bams/rna/VW-ASUPlace-HDP06-Q1RNA1_107_086_S198_L001_HISAT_pair_trim_XY.sam
Submitted job 50 with external jobid '5077910'.

[Fri Nov 21 11:35:02 2025]
rule HISAT_paired_females:
    input: /data/Wilson_Lab/projects/placenta_multiomics/valleywise_pilot/trimmed_fastqs_rna/VW-ASUPlace-HDP10-Q1RNA1_154_039_S202_L001_trimmed_R1.fastq.gz, /data/Wilson_Lab/projects/placenta_multiomics/valleywise_pilot/trimmed_fastqs_rna/VW-ASUPlace-HDP10-Q1RNA1_154_039_S202_L001_trimmed_R2.fastq.gz
    output: /data/Wilson_Lab/projects/placenta_multiomics/valleywise_pilot/processed_bams/rna/VW-ASUPlace-HDP10-Q1RNA1_154_039_S202_L001_HISAT_pair_trim_XX.sam
    jobid: 100
    reason: Missing output files: /data/Wilson_Lab/projects/placenta_multiomics/valleywise_pilot/processed_bams/rna/VW-ASUPlace-HDP10-Q1RNA1_154_039_S202_L001_HISAT_pair_trim_XX.sam
    wildcards: sample_name=VW-ASUPlace-HDP10-Q1RNA1_154_039_S202_L001
    resources: mem_mb=10033, mem_mib=9569, disk_mb=10033, disk_mib=9569, tmpdir=<TBD>

perl hisat2 -q --rna-strandness RF -p 8 -x /data/Wilson_Lab/references/GENCODE/GRCh38.p12.genome.XXonly/GRCh38.p12.genome.XXonly -1 /data/Wilson_Lab/projects/placenta_multiomics/valleywise_pilot/trimmed_fastqs_rna/VW-ASUPlace-HDP10-Q1RNA1_154_039_S202_L001_trimmed_R1.fastq.gz -2 /data/Wilson_Lab/projects/placenta_multiomics/valleywise_pilot/trimmed_fastqs_rna/VW-ASUPlace-HDP10-Q1RNA1_154_039_S202_L001_trimmed_R2.fastq.gz -S /data/Wilson_Lab/projects/placenta_multiomics/valleywise_pilot/processed_bams/rna/VW-ASUPlace-HDP10-Q1RNA1_154_039_S202_L001_HISAT_pair_trim_XX.sam
Submitted job 100 with external jobid '5077912'.

[Fri Nov 21 11:35:03 2025]
rule HISAT_paired_females:
    input: /data/Wilson_Lab/projects/placenta_multiomics/valleywise_pilot/trimmed_fastqs_rna/VW-ASUPlace-Cont03_168_025_S185_L001_trimmed_R1.fastq.gz, /data/Wilson_Lab/projects/placenta_multiomics/valleywise_pilot/trimmed_fastqs_rna/VW-ASUPlace-Cont03_168_025_S185_L001_trimmed_R2.fastq.gz
    output: /data/Wilson_Lab/projects/placenta_multiomics/valleywise_pilot/processed_bams/rna/VW-ASUPlace-Cont03_168_025_S185_L001_HISAT_pair_trim_XX.sam
    jobid: 65
    reason: Missing output files: /data/Wilson_Lab/projects/placenta_multiomics/valleywise_pilot/processed_bams/rna/VW-ASUPlace-Cont03_168_025_S185_L001_HISAT_pair_trim_XX.sam
    wildcards: sample_name=VW-ASUPlace-Cont03_168_025_S185_L001
    resources: mem_mb=7883, mem_mib=7518, disk_mb=7883, disk_mib=7518, tmpdir=<TBD>

perl hisat2 -q --rna-strandness RF -p 8 -x /data/Wilson_Lab/references/GENCODE/GRCh38.p12.genome.XXonly/GRCh38.p12.genome.XXonly -1 /data/Wilson_Lab/projects/placenta_multiomics/valleywise_pilot/trimmed_fastqs_rna/VW-ASUPlace-Cont03_168_025_S185_L001_trimmed_R1.fastq.gz -2 /data/Wilson_Lab/projects/placenta_multiomics/valleywise_pilot/trimmed_fastqs_rna/VW-ASUPlace-Cont03_168_025_S185_L001_trimmed_R2.fastq.gz -S /data/Wilson_Lab/projects/placenta_multiomics/valleywise_pilot/processed_bams/rna/VW-ASUPlace-Cont03_168_025_S185_L001_HISAT_pair_trim_XX.sam
Submitted job 65 with external jobid '5077913'.

[Fri Nov 21 11:35:04 2025]
rule HISAT_paired_males:
    input: /data/Wilson_Lab/projects/placenta_multiomics/valleywise_pilot/trimmed_fastqs_rna/VW-ASUPlace-HDP02-Q1RNA1_155_038_S194_L001_trimmed_R1.fastq.gz, /data/Wilson_Lab/projects/placenta_multiomics/valleywise_pilot/trimmed_fastqs_rna/VW-ASUPlace-HDP02-Q1RNA1_155_038_S194_L001_trimmed_R2.fastq.gz
    output: /data/Wilson_Lab/projects/placenta_multiomics/valleywise_pilot/processed_bams/rna/VW-ASUPlace-HDP02-Q1RNA1_155_038_S194_L001_HISAT_pair_trim_XY.sam
    jobid: 30
    reason: Missing output files: /data/Wilson_Lab/projects/placenta_multiomics/valleywise_pilot/processed_bams/rna/VW-ASUPlace-HDP02-Q1RNA1_155_038_S194_L001_HISAT_pair_trim_XY.sam
    wildcards: sample_name=VW-ASUPlace-HDP02-Q1RNA1_155_038_S194_L001
    resources: mem_mb=11804, mem_mib=11258, disk_mb=11804, disk_mib=11258, tmpdir=<TBD>

perl hisat2 -q --rna-strandness RF -p 8 -x /data/Wilson_Lab/references/GENCODE/GRCh38.p12.genome.XY/GRCh38.p12.genome.XY -1 /data/Wilson_Lab/projects/placenta_multiomics/valleywise_pilot/trimmed_fastqs_rna/VW-ASUPlace-HDP02-Q1RNA1_155_038_S194_L001_trimmed_R1.fastq.gz -2 /data/Wilson_Lab/projects/placenta_multiomics/valleywise_pilot/trimmed_fastqs_rna/VW-ASUPlace-HDP02-Q1RNA1_155_038_S194_L001_trimmed_R2.fastq.gz -S /data/Wilson_Lab/projects/placenta_multiomics/valleywise_pilot/processed_bams/rna/VW-ASUPlace-HDP02-Q1RNA1_155_038_S194_L001_HISAT_pair_trim_XY.sam
Submitted job 30 with external jobid '5077914'.

[Fri Nov 21 11:35:05 2025]
rule HISAT_paired_females:
    input: /data/Wilson_Lab/projects/placenta_multiomics/valleywise_pilot/trimmed_fastqs_rna/VW-ASUPlace-Cont10-Q1RNA1_179_014_S192_L001_trimmed_R1.fastq.gz, /data/Wilson_Lab/projects/placenta_multiomics/valleywise_pilot/trimmed_fastqs_rna/VW-ASUPlace-Cont10-Q1RNA1_179_014_S192_L001_trimmed_R2.fastq.gz
    output: /data/Wilson_Lab/projects/placenta_multiomics/valleywise_pilot/processed_bams/rna/VW-ASUPlace-Cont10-Q1RNA1_179_014_S192_L001_HISAT_pair_trim_XX.sam
    jobid: 80
    reason: Missing output files: /data/Wilson_Lab/projects/placenta_multiomics/valleywise_pilot/processed_bams/rna/VW-ASUPlace-Cont10-Q1RNA1_179_014_S192_L001_HISAT_pair_trim_XX.sam
    wildcards: sample_name=VW-ASUPlace-Cont10-Q1RNA1_179_014_S192_L001
    resources: mem_mb=7641, mem_mib=7288, disk_mb=7641, disk_mib=7288, tmpdir=<TBD>

perl hisat2 -q --rna-strandness RF -p 8 -x /data/Wilson_Lab/references/GENCODE/GRCh38.p12.genome.XXonly/GRCh38.p12.genome.XXonly -1 /data/Wilson_Lab/projects/placenta_multiomics/valleywise_pilot/trimmed_fastqs_rna/VW-ASUPlace-Cont10-Q1RNA1_179_014_S192_L001_trimmed_R1.fastq.gz -2 /data/Wilson_Lab/projects/placenta_multiomics/valleywise_pilot/trimmed_fastqs_rna/VW-ASUPlace-Cont10-Q1RNA1_179_014_S192_L001_trimmed_R2.fastq.gz -S /data/Wilson_Lab/projects/placenta_multiomics/valleywise_pilot/processed_bams/rna/VW-ASUPlace-Cont10-Q1RNA1_179_014_S192_L001_HISAT_pair_trim_XX.sam
Submitted job 80 with external jobid '5077915'.

[Fri Nov 21 11:35:07 2025]
rule HISAT_paired_males:
    input: /data/Wilson_Lab/projects/placenta_multiomics/valleywise_pilot/trimmed_fastqs_rna/VW-ASUPlace-Cont07-Q1RNA1_120_073_S189_L001_trimmed_R1.fastq.gz, /data/Wilson_Lab/projects/placenta_multiomics/valleywise_pilot/trimmed_fastqs_rna/VW-ASUPlace-Cont07-Q1RNA1_120_073_S189_L001_trimmed_R2.fastq.gz
    output: /data/Wilson_Lab/projects/placenta_multiomics/valleywise_pilot/processed_bams/rna/VW-ASUPlace-Cont07-Q1RNA1_120_073_S189_L001_HISAT_pair_trim_XY.sam
    jobid: 15
    reason: Missing output files: /data/Wilson_Lab/projects/placenta_multiomics/valleywise_pilot/processed_bams/rna/VW-ASUPlace-Cont07-Q1RNA1_120_073_S189_L001_HISAT_pair_trim_XY.sam
    wildcards: sample_name=VW-ASUPlace-Cont07-Q1RNA1_120_073_S189_L001
    resources: mem_mb=10588, mem_mib=10098, disk_mb=10588, disk_mib=10098, tmpdir=<TBD>

perl hisat2 -q --rna-strandness RF -p 8 -x /data/Wilson_Lab/references/GENCODE/GRCh38.p12.genome.XY/GRCh38.p12.genome.XY -1 /data/Wilson_Lab/projects/placenta_multiomics/valleywise_pilot/trimmed_fastqs_rna/VW-ASUPlace-Cont07-Q1RNA1_120_073_S189_L001_trimmed_R1.fastq.gz -2 /data/Wilson_Lab/projects/placenta_multiomics/valleywise_pilot/trimmed_fastqs_rna/VW-ASUPlace-Cont07-Q1RNA1_120_073_S189_L001_trimmed_R2.fastq.gz -S /data/Wilson_Lab/projects/placenta_multiomics/valleywise_pilot/processed_bams/rna/VW-ASUPlace-Cont07-Q1RNA1_120_073_S189_L001_HISAT_pair_trim_XY.sam
Submitted job 15 with external jobid '5077916'.
[Fri Nov 21 11:36:50 2025]
Error in rule HISAT_paired_females:
    jobid: 85
    input: /data/Wilson_Lab/projects/placenta_multiomics/valleywise_pilot/trimmed_fastqs_rna/VW-ASUPlace-HDP01_167_026_S193_L001_trimmed_R1.fastq.gz, /data/Wilson_Lab/projects/placenta_multiomics/valleywise_pilot/trimmed_fastqs_rna/VW-ASUPlace-HDP01_167_026_S193_L001_trimmed_R2.fastq.gz
    output: /data/Wilson_Lab/projects/placenta_multiomics/valleywise_pilot/processed_bams/rna/VW-ASUPlace-HDP01_167_026_S193_L001_HISAT_pair_trim_XX.sam
    shell:
        perl hisat2 -q --rna-strandness RF -p 8 -x /data/Wilson_Lab/references/GENCODE/GRCh38.p12.genome.XXonly/GRCh38.p12.genome.XXonly -1 /data/Wilson_Lab/projects/placenta_multiomics/valleywise_pilot/trimmed_fastqs_rna/VW-ASUPlace-HDP01_167_026_S193_L001_trimmed_R1.fastq.gz -2 /data/Wilson_Lab/projects/placenta_multiomics/valleywise_pilot/trimmed_fastqs_rna/VW-ASUPlace-HDP01_167_026_S193_L001_trimmed_R2.fastq.gz -S /data/Wilson_Lab/projects/placenta_multiomics/valleywise_pilot/processed_bams/rna/VW-ASUPlace-HDP01_167_026_S193_L001_HISAT_pair_trim_XX.sam
        (one of the commands exited with non-zero exit code; note that snakemake uses bash strict mode!)
    cluster_jobid: 5077907

Error executing rule HISAT_paired_females on cluster (jobid: 85, external: 5077907, jobscript: /vf/users/Wilson_Lab/projects/placentas_VW_ASE/asereadcounter/.snakemake/tmp.pfp4l8ev/snakejob.HISAT_paired_females.85.sh). For error details see the cluster log and the log files of the involved rule(s).
[Fri Nov 21 11:36:50 2025]
Error in rule HISAT_paired_males:
    jobid: 45
    input: /data/Wilson_Lab/projects/placenta_multiomics/valleywise_pilot/trimmed_fastqs_rna/VW-ASUPlace-HDP05-Q1RNA1_119_074_S197_L001_trimmed_R1.fastq.gz, /data/Wilson_Lab/projects/placenta_multiomics/valleywise_pilot/trimmed_fastqs_rna/VW-ASUPlace-HDP05-Q1RNA1_119_074_S197_L001_trimmed_R2.fastq.gz
    output: /data/Wilson_Lab/projects/placenta_multiomics/valleywise_pilot/processed_bams/rna/VW-ASUPlace-HDP05-Q1RNA1_119_074_S197_L001_HISAT_pair_trim_XY.sam
    shell:
        perl hisat2 -q --rna-strandness RF -p 8 -x /data/Wilson_Lab/references/GENCODE/GRCh38.p12.genome.XY/GRCh38.p12.genome.XY -1 /data/Wilson_Lab/projects/placenta_multiomics/valleywise_pilot/trimmed_fastqs_rna/VW-ASUPlace-HDP05-Q1RNA1_119_074_S197_L001_trimmed_R1.fastq.gz -2 /data/Wilson_Lab/projects/placenta_multiomics/valleywise_pilot/trimmed_fastqs_rna/VW-ASUPlace-HDP05-Q1RNA1_119_074_S197_L001_trimmed_R2.fastq.gz -S /data/Wilson_Lab/projects/placenta_multiomics/valleywise_pilot/processed_bams/rna/VW-ASUPlace-HDP05-Q1RNA1_119_074_S197_L001_HISAT_pair_trim_XY.sam
        (one of the commands exited with non-zero exit code; note that snakemake uses bash strict mode!)
    cluster_jobid: 5077889

Error executing rule HISAT_paired_males on cluster (jobid: 45, external: 5077889, jobscript: /vf/users/Wilson_Lab/projects/placentas_VW_ASE/asereadcounter/.snakemake/tmp.pfp4l8ev/snakejob.HISAT_paired_males.45.sh). For error details see the cluster log and the log files of the involved rule(s).
[Fri Nov 21 11:36:50 2025]
Error in rule HISAT_paired_females:
    jobid: 95
    input: /data/Wilson_Lab/projects/placenta_multiomics/valleywise_pilot/trimmed_fastqs_rna/VW-ASUPlace-HDP09-Q1RNA1_166_027_S201_L001_trimmed_R1.fastq.gz, /data/Wilson_Lab/projects/placenta_multiomics/valleywise_pilot/trimmed_fastqs_rna/VW-ASUPlace-HDP09-Q1RNA1_166_027_S201_L001_trimmed_R2.fastq.gz
    output: /data/Wilson_Lab/projects/placenta_multiomics/valleywise_pilot/processed_bams/rna/VW-ASUPlace-HDP09-Q1RNA1_166_027_S201_L001_HISAT_pair_trim_XX.sam
    shell:
        perl hisat2 -q --rna-strandness RF -p 8 -x /data/Wilson_Lab/references/GENCODE/GRCh38.p12.genome.XXonly/GRCh38.p12.genome.XXonly -1 /data/Wilson_Lab/projects/placenta_multiomics/valleywise_pilot/trimmed_fastqs_rna/VW-ASUPlace-HDP09-Q1RNA1_166_027_S201_L001_trimmed_R1.fastq.gz -2 /data/Wilson_Lab/projects/placenta_multiomics/valleywise_pilot/trimmed_fastqs_rna/VW-ASUPlace-HDP09-Q1RNA1_166_027_S201_L001_trimmed_R2.fastq.gz -S /data/Wilson_Lab/projects/placenta_multiomics/valleywise_pilot/processed_bams/rna/VW-ASUPlace-HDP09-Q1RNA1_166_027_S201_L001_HISAT_pair_trim_XX.sam
        (one of the commands exited with non-zero exit code; note that snakemake uses bash strict mode!)
    cluster_jobid: 5077892

Error executing rule HISAT_paired_females on cluster (jobid: 95, external: 5077892, jobscript: /vf/users/Wilson_Lab/projects/placentas_VW_ASE/asereadcounter/.snakemake/tmp.pfp4l8ev/snakejob.HISAT_paired_females.95.sh). For error details see the cluster log and the log files of the involved rule(s).
[Fri Nov 21 11:36:50 2025]
Error in rule HISAT_paired_females:
    jobid: 60
    input: /data/Wilson_Lab/projects/placenta_multiomics/valleywise_pilot/trimmed_fastqs_rna/VW-ASUPlace-Cont02_180_013_S184_L001_trimmed_R1.fastq.gz, /data/Wilson_Lab/projects/placenta_multiomics/valleywise_pilot/trimmed_fastqs_rna/VW-ASUPlace-Cont02_180_013_S184_L001_trimmed_R2.fastq.gz
    output: /data/Wilson_Lab/projects/placenta_multiomics/valleywise_pilot/processed_bams/rna/VW-ASUPlace-Cont02_180_013_S184_L001_HISAT_pair_trim_XX.sam
    shell:
        perl hisat2 -q --rna-strandness RF -p 8 -x /data/Wilson_Lab/references/GENCODE/GRCh38.p12.genome.XXonly/GRCh38.p12.genome.XXonly -1 /data/Wilson_Lab/projects/placenta_multiomics/valleywise_pilot/trimmed_fastqs_rna/VW-ASUPlace-Cont02_180_013_S184_L001_trimmed_R1.fastq.gz -2 /data/Wilson_Lab/projects/placenta_multiomics/valleywise_pilot/trimmed_fastqs_rna/VW-ASUPlace-Cont02_180_013_S184_L001_trimmed_R2.fastq.gz -S /data/Wilson_Lab/projects/placenta_multiomics/valleywise_pilot/processed_bams/rna/VW-ASUPlace-Cont02_180_013_S184_L001_HISAT_pair_trim_XX.sam
        (one of the commands exited with non-zero exit code; note that snakemake uses bash strict mode!)
    cluster_jobid: 5077894

Error executing rule HISAT_paired_females on cluster (jobid: 60, external: 5077894, jobscript: /vf/users/Wilson_Lab/projects/placentas_VW_ASE/asereadcounter/.snakemake/tmp.pfp4l8ev/snakejob.HISAT_paired_females.60.sh). For error details see the cluster log and the log files of the involved rule(s).
[Fri Nov 21 11:36:50 2025]
Error in rule HISAT_paired_females:
    jobid: 75
    input: /data/Wilson_Lab/projects/placenta_multiomics/valleywise_pilot/trimmed_fastqs_rna/VW-ASUPlace-Cont06-Q1RNA1_132_061_S188_L001_trimmed_R1.fastq.gz, /data/Wilson_Lab/projects/placenta_multiomics/valleywise_pilot/trimmed_fastqs_rna/VW-ASUPlace-Cont06-Q1RNA1_132_061_S188_L001_trimmed_R2.fastq.gz
    output: /data/Wilson_Lab/projects/placenta_multiomics/valleywise_pilot/processed_bams/rna/VW-ASUPlace-Cont06-Q1RNA1_132_061_S188_L001_HISAT_pair_trim_XX.sam
    shell:
        perl hisat2 -q --rna-strandness RF -p 8 -x /data/Wilson_Lab/references/GENCODE/GRCh38.p12.genome.XXonly/GRCh38.p12.genome.XXonly -1 /data/Wilson_Lab/projects/placenta_multiomics/valleywise_pilot/trimmed_fastqs_rna/VW-ASUPlace-Cont06-Q1RNA1_132_061_S188_L001_trimmed_R1.fastq.gz -2 /data/Wilson_Lab/projects/placenta_multiomics/valleywise_pilot/trimmed_fastqs_rna/VW-ASUPlace-Cont06-Q1RNA1_132_061_S188_L001_trimmed_R2.fastq.gz -S /data/Wilson_Lab/projects/placenta_multiomics/valleywise_pilot/processed_bams/rna/VW-ASUPlace-Cont06-Q1RNA1_132_061_S188_L001_HISAT_pair_trim_XX.sam
        (one of the commands exited with non-zero exit code; note that snakemake uses bash strict mode!)
    cluster_jobid: 5077895

Error executing rule HISAT_paired_females on cluster (jobid: 75, external: 5077895, jobscript: /vf/users/Wilson_Lab/projects/placentas_VW_ASE/asereadcounter/.snakemake/tmp.pfp4l8ev/snakejob.HISAT_paired_females.75.sh). For error details see the cluster log and the log files of the involved rule(s).
[Fri Nov 21 11:36:50 2025]
Error in rule HISAT_paired_males:
    jobid: 5
    input: /data/Wilson_Lab/projects/placenta_multiomics/valleywise_pilot/trimmed_fastqs_rna/VW-ASUPlace-Cont01_192_001_S183_L001_trimmed_R1.fastq.gz, /data/Wilson_Lab/projects/placenta_multiomics/valleywise_pilot/trimmed_fastqs_rna/VW-ASUPlace-Cont01_192_001_S183_L001_trimmed_R2.fastq.gz
    output: /data/Wilson_Lab/projects/placenta_multiomics/valleywise_pilot/processed_bams/rna/VW-ASUPlace-Cont01_192_001_S183_L001_HISAT_pair_trim_XY.sam
    shell:
        perl hisat2 -q --rna-strandness RF -p 8 -x /data/Wilson_Lab/references/GENCODE/GRCh38.p12.genome.XY/GRCh38.p12.genome.XY -1 /data/Wilson_Lab/projects/placenta_multiomics/valleywise_pilot/trimmed_fastqs_rna/VW-ASUPlace-Cont01_192_001_S183_L001_trimmed_R1.fastq.gz -2 /data/Wilson_Lab/projects/placenta_multiomics/valleywise_pilot/trimmed_fastqs_rna/VW-ASUPlace-Cont01_192_001_S183_L001_trimmed_R2.fastq.gz -S /data/Wilson_Lab/projects/placenta_multiomics/valleywise_pilot/processed_bams/rna/VW-ASUPlace-Cont01_192_001_S183_L001_HISAT_pair_trim_XY.sam
        (one of the commands exited with non-zero exit code; note that snakemake uses bash strict mode!)
    cluster_jobid: 5077896

Error executing rule HISAT_paired_males on cluster (jobid: 5, external: 5077896, jobscript: /vf/users/Wilson_Lab/projects/placentas_VW_ASE/asereadcounter/.snakemake/tmp.pfp4l8ev/snakejob.HISAT_paired_males.5.sh). For error details see the cluster log and the log files of the involved rule(s).
[Fri Nov 21 11:36:50 2025]
Error in rule HISAT_paired_males:
    jobid: 40
    input: /data/Wilson_Lab/projects/placenta_multiomics/valleywise_pilot/trimmed_fastqs_rna/VW-ASUPlace-HDP04-Q1RNA1_131_062_S196_L001_trimmed_R1.fastq.gz, /data/Wilson_Lab/projects/placenta_multiomics/valleywise_pilot/trimmed_fastqs_rna/VW-ASUPlace-HDP04-Q1RNA1_131_062_S196_L001_trimmed_R2.fastq.gz
    output: /data/Wilson_Lab/projects/placenta_multiomics/valleywise_pilot/processed_bams/rna/VW-ASUPlace-HDP04-Q1RNA1_131_062_S196_L001_HISAT_pair_trim_XY.sam
    shell:
        perl hisat2 -q --rna-strandness RF -p 8 -x /data/Wilson_Lab/references/GENCODE/GRCh38.p12.genome.XY/GRCh38.p12.genome.XY -1 /data/Wilson_Lab/projects/placenta_multiomics/valleywise_pilot/trimmed_fastqs_rna/VW-ASUPlace-HDP04-Q1RNA1_131_062_S196_L001_trimmed_R1.fastq.gz -2 /data/Wilson_Lab/projects/placenta_multiomics/valleywise_pilot/trimmed_fastqs_rna/VW-ASUPlace-HDP04-Q1RNA1_131_062_S196_L001_trimmed_R2.fastq.gz -S /data/Wilson_Lab/projects/placenta_multiomics/valleywise_pilot/processed_bams/rna/VW-ASUPlace-HDP04-Q1RNA1_131_062_S196_L001_HISAT_pair_trim_XY.sam
        (one of the commands exited with non-zero exit code; note that snakemake uses bash strict mode!)
    cluster_jobid: 5077897

Error executing rule HISAT_paired_males on cluster (jobid: 40, external: 5077897, jobscript: /vf/users/Wilson_Lab/projects/placentas_VW_ASE/asereadcounter/.snakemake/tmp.pfp4l8ev/snakejob.HISAT_paired_males.40.sh). For error details see the cluster log and the log files of the involved rule(s).
[Fri Nov 21 11:36:50 2025]
Error in rule HISAT_paired_females:
    jobid: 90
    input: /data/Wilson_Lab/projects/placenta_multiomics/valleywise_pilot/trimmed_fastqs_rna/VW-ASUPlace-HDP08-Q1RNA1_178_015_S200_L001_trimmed_R1.fastq.gz, /data/Wilson_Lab/projects/placenta_multiomics/valleywise_pilot/trimmed_fastqs_rna/VW-ASUPlace-HDP08-Q1RNA1_178_015_S200_L001_trimmed_R2.fastq.gz
    output: /data/Wilson_Lab/projects/placenta_multiomics/valleywise_pilot/processed_bams/rna/VW-ASUPlace-HDP08-Q1RNA1_178_015_S200_L001_HISAT_pair_trim_XX.sam
    shell:
        perl hisat2 -q --rna-strandness RF -p 8 -x /data/Wilson_Lab/references/GENCODE/GRCh38.p12.genome.XXonly/GRCh38.p12.genome.XXonly -1 /data/Wilson_Lab/projects/placenta_multiomics/valleywise_pilot/trimmed_fastqs_rna/VW-ASUPlace-HDP08-Q1RNA1_178_015_S200_L001_trimmed_R1.fastq.gz -2 /data/Wilson_Lab/projects/placenta_multiomics/valleywise_pilot/trimmed_fastqs_rna/VW-ASUPlace-HDP08-Q1RNA1_178_015_S200_L001_trimmed_R2.fastq.gz -S /data/Wilson_Lab/projects/placenta_multiomics/valleywise_pilot/processed_bams/rna/VW-ASUPlace-HDP08-Q1RNA1_178_015_S200_L001_HISAT_pair_trim_XX.sam
        (one of the commands exited with non-zero exit code; note that snakemake uses bash strict mode!)
    cluster_jobid: 5077899

Error executing rule HISAT_paired_females on cluster (jobid: 90, external: 5077899, jobscript: /vf/users/Wilson_Lab/projects/placentas_VW_ASE/asereadcounter/.snakemake/tmp.pfp4l8ev/snakejob.HISAT_paired_females.90.sh). For error details see the cluster log and the log files of the involved rule(s).
[Fri Nov 21 11:36:50 2025]
Error in rule HISAT_paired_males:
    jobid: 25
    input: /data/Wilson_Lab/projects/placenta_multiomics/valleywise_pilot/trimmed_fastqs_rna/VW-ASUPlace-Cont09-Q1RNA1_191_002_S191_L001_trimmed_R1.fastq.gz, /data/Wilson_Lab/projects/placenta_multiomics/valleywise_pilot/trimmed_fastqs_rna/VW-ASUPlace-Cont09-Q1RNA1_191_002_S191_L001_trimmed_R2.fastq.gz
    output: /data/Wilson_Lab/projects/placenta_multiomics/valleywise_pilot/processed_bams/rna/VW-ASUPlace-Cont09-Q1RNA1_191_002_S191_L001_HISAT_pair_trim_XY.sam
    shell:
        perl hisat2 -q --rna-strandness RF -p 8 -x /data/Wilson_Lab/references/GENCODE/GRCh38.p12.genome.XY/GRCh38.p12.genome.XY -1 /data/Wilson_Lab/projects/placenta_multiomics/valleywise_pilot/trimmed_fastqs_rna/VW-ASUPlace-Cont09-Q1RNA1_191_002_S191_L001_trimmed_R1.fastq.gz -2 /data/Wilson_Lab/projects/placenta_multiomics/valleywise_pilot/trimmed_fastqs_rna/VW-ASUPlace-Cont09-Q1RNA1_191_002_S191_L001_trimmed_R2.fastq.gz -S /data/Wilson_Lab/projects/placenta_multiomics/valleywise_pilot/processed_bams/rna/VW-ASUPlace-Cont09-Q1RNA1_191_002_S191_L001_HISAT_pair_trim_XY.sam
        (one of the commands exited with non-zero exit code; note that snakemake uses bash strict mode!)
    cluster_jobid: 5077901

Error executing rule HISAT_paired_males on cluster (jobid: 25, external: 5077901, jobscript: /vf/users/Wilson_Lab/projects/placentas_VW_ASE/asereadcounter/.snakemake/tmp.pfp4l8ev/snakejob.HISAT_paired_males.25.sh). For error details see the cluster log and the log files of the involved rule(s).
[Fri Nov 21 11:36:50 2025]
Error in rule HISAT_paired_males:
    jobid: 10
    input: /data/Wilson_Lab/projects/placenta_multiomics/valleywise_pilot/trimmed_fastqs_rna/VW-ASUPlace-Cont04_156_037_S186_L001_trimmed_R1.fastq.gz, /data/Wilson_Lab/projects/placenta_multiomics/valleywise_pilot/trimmed_fastqs_rna/VW-ASUPlace-Cont04_156_037_S186_L001_trimmed_R2.fastq.gz
    output: /data/Wilson_Lab/projects/placenta_multiomics/valleywise_pilot/processed_bams/rna/VW-ASUPlace-Cont04_156_037_S186_L001_HISAT_pair_trim_XY.sam
    shell:
        perl hisat2 -q --rna-strandness RF -p 8 -x /data/Wilson_Lab/references/GENCODE/GRCh38.p12.genome.XY/GRCh38.p12.genome.XY -1 /data/Wilson_Lab/projects/placenta_multiomics/valleywise_pilot/trimmed_fastqs_rna/VW-ASUPlace-Cont04_156_037_S186_L001_trimmed_R1.fastq.gz -2 /data/Wilson_Lab/projects/placenta_multiomics/valleywise_pilot/trimmed_fastqs_rna/VW-ASUPlace-Cont04_156_037_S186_L001_trimmed_R2.fastq.gz -S /data/Wilson_Lab/projects/placenta_multiomics/valleywise_pilot/processed_bams/rna/VW-ASUPlace-Cont04_156_037_S186_L001_HISAT_pair_trim_XY.sam
        (one of the commands exited with non-zero exit code; note that snakemake uses bash strict mode!)
    cluster_jobid: 5077903

Error executing rule HISAT_paired_males on cluster (jobid: 10, external: 5077903, jobscript: /vf/users/Wilson_Lab/projects/placentas_VW_ASE/asereadcounter/.snakemake/tmp.pfp4l8ev/snakejob.HISAT_paired_males.10.sh). For error details see the cluster log and the log files of the involved rule(s).
[Fri Nov 21 11:36:51 2025]
Error in rule HISAT_paired_females:
    jobid: 70
    input: /data/Wilson_Lab/projects/placenta_multiomics/valleywise_pilot/trimmed_fastqs_rna/VW-ASUPlace-Cont05-Q1RNA1_144_049_S187_L001_trimmed_R1.fastq.gz, /data/Wilson_Lab/projects/placenta_multiomics/valleywise_pilot/trimmed_fastqs_rna/VW-ASUPlace-Cont05-Q1RNA1_144_049_S187_L001_trimmed_R2.fastq.gz
    output: /data/Wilson_Lab/projects/placenta_multiomics/valleywise_pilot/processed_bams/rna/VW-ASUPlace-Cont05-Q1RNA1_144_049_S187_L001_HISAT_pair_trim_XX.sam
    shell:
        perl hisat2 -q --rna-strandness RF -p 8 -x /data/Wilson_Lab/references/GENCODE/GRCh38.p12.genome.XXonly/GRCh38.p12.genome.XXonly -1 /data/Wilson_Lab/projects/placenta_multiomics/valleywise_pilot/trimmed_fastqs_rna/VW-ASUPlace-Cont05-Q1RNA1_144_049_S187_L001_trimmed_R1.fastq.gz -2 /data/Wilson_Lab/projects/placenta_multiomics/valleywise_pilot/trimmed_fastqs_rna/VW-ASUPlace-Cont05-Q1RNA1_144_049_S187_L001_trimmed_R2.fastq.gz -S /data/Wilson_Lab/projects/placenta_multiomics/valleywise_pilot/processed_bams/rna/VW-ASUPlace-Cont05-Q1RNA1_144_049_S187_L001_HISAT_pair_trim_XX.sam
        (one of the commands exited with non-zero exit code; note that snakemake uses bash strict mode!)
    cluster_jobid: 5077904

Error executing rule HISAT_paired_females on cluster (jobid: 70, external: 5077904, jobscript: /vf/users/Wilson_Lab/projects/placentas_VW_ASE/asereadcounter/.snakemake/tmp.pfp4l8ev/snakejob.HISAT_paired_females.70.sh). For error details see the cluster log and the log files of the involved rule(s).
[Fri Nov 21 11:36:51 2025]
Error in rule HISAT_paired_males:
    jobid: 55
    input: /data/Wilson_Lab/projects/placenta_multiomics/valleywise_pilot/trimmed_fastqs_rna/VW-ASUPlace-HDP07-Q1RNA1_190_003_S199_L001_trimmed_R1.fastq.gz, /data/Wilson_Lab/projects/placenta_multiomics/valleywise_pilot/trimmed_fastqs_rna/VW-ASUPlace-HDP07-Q1RNA1_190_003_S199_L001_trimmed_R2.fastq.gz
    output: /data/Wilson_Lab/projects/placenta_multiomics/valleywise_pilot/processed_bams/rna/VW-ASUPlace-HDP07-Q1RNA1_190_003_S199_L001_HISAT_pair_trim_XY.sam
    shell:
        perl hisat2 -q --rna-strandness RF -p 8 -x /data/Wilson_Lab/references/GENCODE/GRCh38.p12.genome.XY/GRCh38.p12.genome.XY -1 /data/Wilson_Lab/projects/placenta_multiomics/valleywise_pilot/trimmed_fastqs_rna/VW-ASUPlace-HDP07-Q1RNA1_190_003_S199_L001_trimmed_R1.fastq.gz -2 /data/Wilson_Lab/projects/placenta_multiomics/valleywise_pilot/trimmed_fastqs_rna/VW-ASUPlace-HDP07-Q1RNA1_190_003_S199_L001_trimmed_R2.fastq.gz -S /data/Wilson_Lab/projects/placenta_multiomics/valleywise_pilot/processed_bams/rna/VW-ASUPlace-HDP07-Q1RNA1_190_003_S199_L001_HISAT_pair_trim_XY.sam
        (one of the commands exited with non-zero exit code; note that snakemake uses bash strict mode!)
    cluster_jobid: 5077905

Error executing rule HISAT_paired_males on cluster (jobid: 55, external: 5077905, jobscript: /vf/users/Wilson_Lab/projects/placentas_VW_ASE/asereadcounter/.snakemake/tmp.pfp4l8ev/snakejob.HISAT_paired_males.55.sh). For error details see the cluster log and the log files of the involved rule(s).
[Fri Nov 21 11:36:51 2025]
Error in rule HISAT_paired_males:
    jobid: 35
    input: /data/Wilson_Lab/projects/placenta_multiomics/valleywise_pilot/trimmed_fastqs_rna/VW-ASUPlace-HDP03-Q1RNA1_143_050_S195_L001_trimmed_R1.fastq.gz, /data/Wilson_Lab/projects/placenta_multiomics/valleywise_pilot/trimmed_fastqs_rna/VW-ASUPlace-HDP03-Q1RNA1_143_050_S195_L001_trimmed_R2.fastq.gz
    output: /data/Wilson_Lab/projects/placenta_multiomics/valleywise_pilot/processed_bams/rna/VW-ASUPlace-HDP03-Q1RNA1_143_050_S195_L001_HISAT_pair_trim_XY.sam
    shell:
        perl hisat2 -q --rna-strandness RF -p 8 -x /data/Wilson_Lab/references/GENCODE/GRCh38.p12.genome.XY/GRCh38.p12.genome.XY -1 /data/Wilson_Lab/projects/placenta_multiomics/valleywise_pilot/trimmed_fastqs_rna/VW-ASUPlace-HDP03-Q1RNA1_143_050_S195_L001_trimmed_R1.fastq.gz -2 /data/Wilson_Lab/projects/placenta_multiomics/valleywise_pilot/trimmed_fastqs_rna/VW-ASUPlace-HDP03-Q1RNA1_143_050_S195_L001_trimmed_R2.fastq.gz -S /data/Wilson_Lab/projects/placenta_multiomics/valleywise_pilot/processed_bams/rna/VW-ASUPlace-HDP03-Q1RNA1_143_050_S195_L001_HISAT_pair_trim_XY.sam
        (one of the commands exited with non-zero exit code; note that snakemake uses bash strict mode!)
    cluster_jobid: 5077906

Error executing rule HISAT_paired_males on cluster (jobid: 35, external: 5077906, jobscript: /vf/users/Wilson_Lab/projects/placentas_VW_ASE/asereadcounter/.snakemake/tmp.pfp4l8ev/snakejob.HISAT_paired_males.35.sh). For error details see the cluster log and the log files of the involved rule(s).
[Fri Nov 21 11:36:51 2025]
Error in rule HISAT_paired_males:
    jobid: 20
    input: /data/Wilson_Lab/projects/placenta_multiomics/valleywise_pilot/trimmed_fastqs_rna/VW-ASUPlace-Cont08-Q1RNA1_108_085_S190_L001_trimmed_R1.fastq.gz, /data/Wilson_Lab/projects/placenta_multiomics/valleywise_pilot/trimmed_fastqs_rna/VW-ASUPlace-Cont08-Q1RNA1_108_085_S190_L001_trimmed_R2.fastq.gz
    output: /data/Wilson_Lab/projects/placenta_multiomics/valleywise_pilot/processed_bams/rna/VW-ASUPlace-Cont08-Q1RNA1_108_085_S190_L001_HISAT_pair_trim_XY.sam
    shell:
        perl hisat2 -q --rna-strandness RF -p 8 -x /data/Wilson_Lab/references/GENCODE/GRCh38.p12.genome.XY/GRCh38.p12.genome.XY -1 /data/Wilson_Lab/projects/placenta_multiomics/valleywise_pilot/trimmed_fastqs_rna/VW-ASUPlace-Cont08-Q1RNA1_108_085_S190_L001_trimmed_R1.fastq.gz -2 /data/Wilson_Lab/projects/placenta_multiomics/valleywise_pilot/trimmed_fastqs_rna/VW-ASUPlace-Cont08-Q1RNA1_108_085_S190_L001_trimmed_R2.fastq.gz -S /data/Wilson_Lab/projects/placenta_multiomics/valleywise_pilot/processed_bams/rna/VW-ASUPlace-Cont08-Q1RNA1_108_085_S190_L001_HISAT_pair_trim_XY.sam
        (one of the commands exited with non-zero exit code; note that snakemake uses bash strict mode!)
    cluster_jobid: 5077908

Error executing rule HISAT_paired_males on cluster (jobid: 20, external: 5077908, jobscript: /vf/users/Wilson_Lab/projects/placentas_VW_ASE/asereadcounter/.snakemake/tmp.pfp4l8ev/snakejob.HISAT_paired_males.20.sh). For error details see the cluster log and the log files of the involved rule(s).
[Fri Nov 21 11:36:51 2025]
Error in rule HISAT_paired_males:
    jobid: 50
    input: /data/Wilson_Lab/projects/placenta_multiomics/valleywise_pilot/trimmed_fastqs_rna/VW-ASUPlace-HDP06-Q1RNA1_107_086_S198_L001_trimmed_R1.fastq.gz, /data/Wilson_Lab/projects/placenta_multiomics/valleywise_pilot/trimmed_fastqs_rna/VW-ASUPlace-HDP06-Q1RNA1_107_086_S198_L001_trimmed_R2.fastq.gz
    output: /data/Wilson_Lab/projects/placenta_multiomics/valleywise_pilot/processed_bams/rna/VW-ASUPlace-HDP06-Q1RNA1_107_086_S198_L001_HISAT_pair_trim_XY.sam
    shell:
        perl hisat2 -q --rna-strandness RF -p 8 -x /data/Wilson_Lab/references/GENCODE/GRCh38.p12.genome.XY/GRCh38.p12.genome.XY -1 /data/Wilson_Lab/projects/placenta_multiomics/valleywise_pilot/trimmed_fastqs_rna/VW-ASUPlace-HDP06-Q1RNA1_107_086_S198_L001_trimmed_R1.fastq.gz -2 /data/Wilson_Lab/projects/placenta_multiomics/valleywise_pilot/trimmed_fastqs_rna/VW-ASUPlace-HDP06-Q1RNA1_107_086_S198_L001_trimmed_R2.fastq.gz -S /data/Wilson_Lab/projects/placenta_multiomics/valleywise_pilot/processed_bams/rna/VW-ASUPlace-HDP06-Q1RNA1_107_086_S198_L001_HISAT_pair_trim_XY.sam
        (one of the commands exited with non-zero exit code; note that snakemake uses bash strict mode!)
    cluster_jobid: 5077910

Error executing rule HISAT_paired_males on cluster (jobid: 50, external: 5077910, jobscript: /vf/users/Wilson_Lab/projects/placentas_VW_ASE/asereadcounter/.snakemake/tmp.pfp4l8ev/snakejob.HISAT_paired_males.50.sh). For error details see the cluster log and the log files of the involved rule(s).
[Fri Nov 21 11:36:51 2025]
Error in rule HISAT_paired_females:
    jobid: 100
    input: /data/Wilson_Lab/projects/placenta_multiomics/valleywise_pilot/trimmed_fastqs_rna/VW-ASUPlace-HDP10-Q1RNA1_154_039_S202_L001_trimmed_R1.fastq.gz, /data/Wilson_Lab/projects/placenta_multiomics/valleywise_pilot/trimmed_fastqs_rna/VW-ASUPlace-HDP10-Q1RNA1_154_039_S202_L001_trimmed_R2.fastq.gz
    output: /data/Wilson_Lab/projects/placenta_multiomics/valleywise_pilot/processed_bams/rna/VW-ASUPlace-HDP10-Q1RNA1_154_039_S202_L001_HISAT_pair_trim_XX.sam
    shell:
        perl hisat2 -q --rna-strandness RF -p 8 -x /data/Wilson_Lab/references/GENCODE/GRCh38.p12.genome.XXonly/GRCh38.p12.genome.XXonly -1 /data/Wilson_Lab/projects/placenta_multiomics/valleywise_pilot/trimmed_fastqs_rna/VW-ASUPlace-HDP10-Q1RNA1_154_039_S202_L001_trimmed_R1.fastq.gz -2 /data/Wilson_Lab/projects/placenta_multiomics/valleywise_pilot/trimmed_fastqs_rna/VW-ASUPlace-HDP10-Q1RNA1_154_039_S202_L001_trimmed_R2.fastq.gz -S /data/Wilson_Lab/projects/placenta_multiomics/valleywise_pilot/processed_bams/rna/VW-ASUPlace-HDP10-Q1RNA1_154_039_S202_L001_HISAT_pair_trim_XX.sam
        (one of the commands exited with non-zero exit code; note that snakemake uses bash strict mode!)
    cluster_jobid: 5077912

Error executing rule HISAT_paired_females on cluster (jobid: 100, external: 5077912, jobscript: /vf/users/Wilson_Lab/projects/placentas_VW_ASE/asereadcounter/.snakemake/tmp.pfp4l8ev/snakejob.HISAT_paired_females.100.sh). For error details see the cluster log and the log files of the involved rule(s).
[Fri Nov 21 11:36:51 2025]
Error in rule HISAT_paired_females:
    jobid: 65
    input: /data/Wilson_Lab/projects/placenta_multiomics/valleywise_pilot/trimmed_fastqs_rna/VW-ASUPlace-Cont03_168_025_S185_L001_trimmed_R1.fastq.gz, /data/Wilson_Lab/projects/placenta_multiomics/valleywise_pilot/trimmed_fastqs_rna/VW-ASUPlace-Cont03_168_025_S185_L001_trimmed_R2.fastq.gz
    output: /data/Wilson_Lab/projects/placenta_multiomics/valleywise_pilot/processed_bams/rna/VW-ASUPlace-Cont03_168_025_S185_L001_HISAT_pair_trim_XX.sam
    shell:
        perl hisat2 -q --rna-strandness RF -p 8 -x /data/Wilson_Lab/references/GENCODE/GRCh38.p12.genome.XXonly/GRCh38.p12.genome.XXonly -1 /data/Wilson_Lab/projects/placenta_multiomics/valleywise_pilot/trimmed_fastqs_rna/VW-ASUPlace-Cont03_168_025_S185_L001_trimmed_R1.fastq.gz -2 /data/Wilson_Lab/projects/placenta_multiomics/valleywise_pilot/trimmed_fastqs_rna/VW-ASUPlace-Cont03_168_025_S185_L001_trimmed_R2.fastq.gz -S /data/Wilson_Lab/projects/placenta_multiomics/valleywise_pilot/processed_bams/rna/VW-ASUPlace-Cont03_168_025_S185_L001_HISAT_pair_trim_XX.sam
        (one of the commands exited with non-zero exit code; note that snakemake uses bash strict mode!)
    cluster_jobid: 5077913

Error executing rule HISAT_paired_females on cluster (jobid: 65, external: 5077913, jobscript: /vf/users/Wilson_Lab/projects/placentas_VW_ASE/asereadcounter/.snakemake/tmp.pfp4l8ev/snakejob.HISAT_paired_females.65.sh). For error details see the cluster log and the log files of the involved rule(s).
[Fri Nov 21 11:36:51 2025]
Error in rule HISAT_paired_males:
    jobid: 30
    input: /data/Wilson_Lab/projects/placenta_multiomics/valleywise_pilot/trimmed_fastqs_rna/VW-ASUPlace-HDP02-Q1RNA1_155_038_S194_L001_trimmed_R1.fastq.gz, /data/Wilson_Lab/projects/placenta_multiomics/valleywise_pilot/trimmed_fastqs_rna/VW-ASUPlace-HDP02-Q1RNA1_155_038_S194_L001_trimmed_R2.fastq.gz
    output: /data/Wilson_Lab/projects/placenta_multiomics/valleywise_pilot/processed_bams/rna/VW-ASUPlace-HDP02-Q1RNA1_155_038_S194_L001_HISAT_pair_trim_XY.sam
    shell:
        perl hisat2 -q --rna-strandness RF -p 8 -x /data/Wilson_Lab/references/GENCODE/GRCh38.p12.genome.XY/GRCh38.p12.genome.XY -1 /data/Wilson_Lab/projects/placenta_multiomics/valleywise_pilot/trimmed_fastqs_rna/VW-ASUPlace-HDP02-Q1RNA1_155_038_S194_L001_trimmed_R1.fastq.gz -2 /data/Wilson_Lab/projects/placenta_multiomics/valleywise_pilot/trimmed_fastqs_rna/VW-ASUPlace-HDP02-Q1RNA1_155_038_S194_L001_trimmed_R2.fastq.gz -S /data/Wilson_Lab/projects/placenta_multiomics/valleywise_pilot/processed_bams/rna/VW-ASUPlace-HDP02-Q1RNA1_155_038_S194_L001_HISAT_pair_trim_XY.sam
        (one of the commands exited with non-zero exit code; note that snakemake uses bash strict mode!)
    cluster_jobid: 5077914

Error executing rule HISAT_paired_males on cluster (jobid: 30, external: 5077914, jobscript: /vf/users/Wilson_Lab/projects/placentas_VW_ASE/asereadcounter/.snakemake/tmp.pfp4l8ev/snakejob.HISAT_paired_males.30.sh). For error details see the cluster log and the log files of the involved rule(s).
[Fri Nov 21 11:36:51 2025]
Error in rule HISAT_paired_females:
    jobid: 80
    input: /data/Wilson_Lab/projects/placenta_multiomics/valleywise_pilot/trimmed_fastqs_rna/VW-ASUPlace-Cont10-Q1RNA1_179_014_S192_L001_trimmed_R1.fastq.gz, /data/Wilson_Lab/projects/placenta_multiomics/valleywise_pilot/trimmed_fastqs_rna/VW-ASUPlace-Cont10-Q1RNA1_179_014_S192_L001_trimmed_R2.fastq.gz
    output: /data/Wilson_Lab/projects/placenta_multiomics/valleywise_pilot/processed_bams/rna/VW-ASUPlace-Cont10-Q1RNA1_179_014_S192_L001_HISAT_pair_trim_XX.sam
    shell:
        perl hisat2 -q --rna-strandness RF -p 8 -x /data/Wilson_Lab/references/GENCODE/GRCh38.p12.genome.XXonly/GRCh38.p12.genome.XXonly -1 /data/Wilson_Lab/projects/placenta_multiomics/valleywise_pilot/trimmed_fastqs_rna/VW-ASUPlace-Cont10-Q1RNA1_179_014_S192_L001_trimmed_R1.fastq.gz -2 /data/Wilson_Lab/projects/placenta_multiomics/valleywise_pilot/trimmed_fastqs_rna/VW-ASUPlace-Cont10-Q1RNA1_179_014_S192_L001_trimmed_R2.fastq.gz -S /data/Wilson_Lab/projects/placenta_multiomics/valleywise_pilot/processed_bams/rna/VW-ASUPlace-Cont10-Q1RNA1_179_014_S192_L001_HISAT_pair_trim_XX.sam
        (one of the commands exited with non-zero exit code; note that snakemake uses bash strict mode!)
    cluster_jobid: 5077915

Error executing rule HISAT_paired_females on cluster (jobid: 80, external: 5077915, jobscript: /vf/users/Wilson_Lab/projects/placentas_VW_ASE/asereadcounter/.snakemake/tmp.pfp4l8ev/snakejob.HISAT_paired_females.80.sh). For error details see the cluster log and the log files of the involved rule(s).
[Fri Nov 21 11:36:51 2025]
Error in rule HISAT_paired_males:
    jobid: 15
    input: /data/Wilson_Lab/projects/placenta_multiomics/valleywise_pilot/trimmed_fastqs_rna/VW-ASUPlace-Cont07-Q1RNA1_120_073_S189_L001_trimmed_R1.fastq.gz, /data/Wilson_Lab/projects/placenta_multiomics/valleywise_pilot/trimmed_fastqs_rna/VW-ASUPlace-Cont07-Q1RNA1_120_073_S189_L001_trimmed_R2.fastq.gz
    output: /data/Wilson_Lab/projects/placenta_multiomics/valleywise_pilot/processed_bams/rna/VW-ASUPlace-Cont07-Q1RNA1_120_073_S189_L001_HISAT_pair_trim_XY.sam
    shell:
        perl hisat2 -q --rna-strandness RF -p 8 -x /data/Wilson_Lab/references/GENCODE/GRCh38.p12.genome.XY/GRCh38.p12.genome.XY -1 /data/Wilson_Lab/projects/placenta_multiomics/valleywise_pilot/trimmed_fastqs_rna/VW-ASUPlace-Cont07-Q1RNA1_120_073_S189_L001_trimmed_R1.fastq.gz -2 /data/Wilson_Lab/projects/placenta_multiomics/valleywise_pilot/trimmed_fastqs_rna/VW-ASUPlace-Cont07-Q1RNA1_120_073_S189_L001_trimmed_R2.fastq.gz -S /data/Wilson_Lab/projects/placenta_multiomics/valleywise_pilot/processed_bams/rna/VW-ASUPlace-Cont07-Q1RNA1_120_073_S189_L001_HISAT_pair_trim_XY.sam
        (one of the commands exited with non-zero exit code; note that snakemake uses bash strict mode!)
    cluster_jobid: 5077916

Error executing rule HISAT_paired_males on cluster (jobid: 15, external: 5077916, jobscript: /vf/users/Wilson_Lab/projects/placentas_VW_ASE/asereadcounter/.snakemake/tmp.pfp4l8ev/snakejob.HISAT_paired_males.15.sh). For error details see the cluster log and the log files of the involved rule(s).
Shutting down, this might take some time.
Exiting because a job execution failed. Look above for error message
Complete log: .snakemake/log/2025-11-21T113439.572315.snakemake.log
