Building DAG of jobs...
Using shell: /usr/bin/bash
Provided cores: 8
Rules claiming more threads will be scaled down.
Job stats:
job                      count
---------------------  -------
AddReadGrps_females          9
AddReadGrps_males           11
HISAT_paired_females         6
HISAT_paired_males           6
MarkDups_females             9
MarkDups_males              11
all                          1
bam_sort_females             9
bam_sort_males              11
index_bam_females            9
index_bam_males             11
samtools_view_females        6
samtools_view_males          6
total                      105

Select jobs to execute...

[Mon Nov 24 09:29:16 2025]
rule bam_sort_males:
    input: /data/Wilson_Lab/projects/placenta_multiomics/valleywise_pilot/processed_bams/rna/VW-ASUPlace-HDP04-Q1RNA1_131_062_S196_L001_HISAT_pair_trim_XY.bam
    output: /data/Wilson_Lab/projects/placenta_multiomics/valleywise_pilot/processed_bams/rna/VW-ASUPlace-HDP04-Q1RNA1_131_062_S196_L001_HISAT_pair_trim_sort_XY.bam
    jobid: 38
    reason: Missing output files: /data/Wilson_Lab/projects/placenta_multiomics/valleywise_pilot/processed_bams/rna/VW-ASUPlace-HDP04-Q1RNA1_131_062_S196_L001_HISAT_pair_trim_sort_XY.bam
    wildcards: sample_name=VW-ASUPlace-HDP04-Q1RNA1_131_062_S196_L001
    resources: tmpdir=/tmp


[Mon Nov 24 09:29:16 2025]
rule bam_sort_females:
    input: /data/Wilson_Lab/projects/placenta_multiomics/valleywise_pilot/processed_bams/rna/VW-ASUPlace-Cont02_180_013_S184_L001_HISAT_pair_trim_XX.bam
    output: /data/Wilson_Lab/projects/placenta_multiomics/valleywise_pilot/processed_bams/rna/VW-ASUPlace-Cont02_180_013_S184_L001_HISAT_pair_trim_sort_XX.bam
    jobid: 58
    reason: Missing output files: /data/Wilson_Lab/projects/placenta_multiomics/valleywise_pilot/processed_bams/rna/VW-ASUPlace-Cont02_180_013_S184_L001_HISAT_pair_trim_sort_XX.bam
    wildcards: sample_name=VW-ASUPlace-Cont02_180_013_S184_L001
    resources: tmpdir=/tmp


[Mon Nov 24 09:29:16 2025]
rule bam_sort_females:
    input: /data/Wilson_Lab/projects/placenta_multiomics/valleywise_pilot/processed_bams/rna/VW-ASUPlace-HDP08-Q1RNA1_178_015_S200_L001_HISAT_pair_trim_XX.bam
    output: /data/Wilson_Lab/projects/placenta_multiomics/valleywise_pilot/processed_bams/rna/VW-ASUPlace-HDP08-Q1RNA1_178_015_S200_L001_HISAT_pair_trim_sort_XX.bam
    jobid: 88
    reason: Missing output files: /data/Wilson_Lab/projects/placenta_multiomics/valleywise_pilot/processed_bams/rna/VW-ASUPlace-HDP08-Q1RNA1_178_015_S200_L001_HISAT_pair_trim_sort_XX.bam
    wildcards: sample_name=VW-ASUPlace-HDP08-Q1RNA1_178_015_S200_L001
    resources: tmpdir=/tmp


[Mon Nov 24 09:29:16 2025]
rule bam_sort_males:
    input: /data/Wilson_Lab/projects/placenta_multiomics/valleywise_pilot/processed_bams/rna/VW-ASUPlace-HDP03-Q1RNA1_143_050_S195_L001_HISAT_pair_trim_XY.bam
    output: /data/Wilson_Lab/projects/placenta_multiomics/valleywise_pilot/processed_bams/rna/VW-ASUPlace-HDP03-Q1RNA1_143_050_S195_L001_HISAT_pair_trim_sort_XY.bam
    jobid: 33
    reason: Missing output files: /data/Wilson_Lab/projects/placenta_multiomics/valleywise_pilot/processed_bams/rna/VW-ASUPlace-HDP03-Q1RNA1_143_050_S195_L001_HISAT_pair_trim_sort_XY.bam
    wildcards: sample_name=VW-ASUPlace-HDP03-Q1RNA1_143_050_S195_L001
    resources: tmpdir=/tmp


[Mon Nov 24 09:29:16 2025]
rule bam_sort_females:
    input: /data/Wilson_Lab/projects/placenta_multiomics/valleywise_pilot/processed_bams/rna/VW-ASUPlace-Cont06-Q1RNA1_132_061_S188_L001_HISAT_pair_trim_XX.bam
    output: /data/Wilson_Lab/projects/placenta_multiomics/valleywise_pilot/processed_bams/rna/VW-ASUPlace-Cont06-Q1RNA1_132_061_S188_L001_HISAT_pair_trim_sort_XX.bam
    jobid: 73
    reason: Missing output files: /data/Wilson_Lab/projects/placenta_multiomics/valleywise_pilot/processed_bams/rna/VW-ASUPlace-Cont06-Q1RNA1_132_061_S188_L001_HISAT_pair_trim_sort_XX.bam
    wildcards: sample_name=VW-ASUPlace-Cont06-Q1RNA1_132_061_S188_L001
    resources: tmpdir=/tmp


[Mon Nov 24 09:29:16 2025]
rule bam_sort_males:
    input: /data/Wilson_Lab/projects/placenta_multiomics/valleywise_pilot/processed_bams/rna/VW-ASUPlace-HDP02-Q1RNA1_155_038_S194_L001_HISAT_pair_trim_XY.bam
    output: /data/Wilson_Lab/projects/placenta_multiomics/valleywise_pilot/processed_bams/rna/VW-ASUPlace-HDP02-Q1RNA1_155_038_S194_L001_HISAT_pair_trim_sort_XY.bam
    jobid: 28
    reason: Missing output files: /data/Wilson_Lab/projects/placenta_multiomics/valleywise_pilot/processed_bams/rna/VW-ASUPlace-HDP02-Q1RNA1_155_038_S194_L001_HISAT_pair_trim_sort_XY.bam
    wildcards: sample_name=VW-ASUPlace-HDP02-Q1RNA1_155_038_S194_L001
    resources: tmpdir=/tmp


[Mon Nov 24 09:29:16 2025]
rule bam_sort_males:
    input: /data/Wilson_Lab/projects/placenta_multiomics/valleywise_pilot/processed_bams/rna/VW-ASUPlace-Cont09-Q1RNA1_191_002_S191_L001_HISAT_pair_trim_XY.bam
    output: /data/Wilson_Lab/projects/placenta_multiomics/valleywise_pilot/processed_bams/rna/VW-ASUPlace-Cont09-Q1RNA1_191_002_S191_L001_HISAT_pair_trim_sort_XY.bam
    jobid: 23
    reason: Missing output files: /data/Wilson_Lab/projects/placenta_multiomics/valleywise_pilot/processed_bams/rna/VW-ASUPlace-Cont09-Q1RNA1_191_002_S191_L001_HISAT_pair_trim_sort_XY.bam
    wildcards: sample_name=VW-ASUPlace-Cont09-Q1RNA1_191_002_S191_L001
    resources: tmpdir=/tmp


[Mon Nov 24 09:29:16 2025]
rule bam_sort_males:
    input: /data/Wilson_Lab/projects/placenta_multiomics/valleywise_pilot/processed_bams/rna/VW-ASUPlace-HDP06-Q1RNA1_107_086_S198_L001_HISAT_pair_trim_XY.bam
    output: /data/Wilson_Lab/projects/placenta_multiomics/valleywise_pilot/processed_bams/rna/VW-ASUPlace-HDP06-Q1RNA1_107_086_S198_L001_HISAT_pair_trim_sort_XY.bam
    jobid: 48
    reason: Missing output files: /data/Wilson_Lab/projects/placenta_multiomics/valleywise_pilot/processed_bams/rna/VW-ASUPlace-HDP06-Q1RNA1_107_086_S198_L001_HISAT_pair_trim_sort_XY.bam
    wildcards: sample_name=VW-ASUPlace-HDP06-Q1RNA1_107_086_S198_L001
    resources: tmpdir=/tmp

[Mon Nov 24 09:57:56 2025]
Finished job 38.
1 of 105 steps (1%) done
Select jobs to execute...

[Mon Nov 24 09:57:56 2025]
rule HISAT_paired_males:
    input: /data/Wilson_Lab/projects/placenta_multiomics/valleywise_pilot/trimmed_fastqs_rna/VW-ASUPlace-Cont04_156_037_S186_L001_trimmed_R1.fastq.gz, /data/Wilson_Lab/projects/placenta_multiomics/valleywise_pilot/trimmed_fastqs_rna/VW-ASUPlace-Cont04_156_037_S186_L001_trimmed_R2.fastq.gz
    output: /data/Wilson_Lab/projects/placenta_multiomics/valleywise_pilot/processed_bams/rna/VW-ASUPlace-Cont04_156_037_S186_L001_HISAT_pair_trim_XY.sam
    jobid: 10
    reason: Missing output files: /data/Wilson_Lab/projects/placenta_multiomics/valleywise_pilot/processed_bams/rna/VW-ASUPlace-Cont04_156_037_S186_L001_HISAT_pair_trim_XY.sam
    wildcards: sample_name=VW-ASUPlace-Cont04_156_037_S186_L001
    resources: tmpdir=/tmp

[Mon Nov 24 09:58:34 2025]
Finished job 28.
2 of 105 steps (2%) done
Select jobs to execute...

[Mon Nov 24 09:58:34 2025]
rule HISAT_paired_males:
    input: /data/Wilson_Lab/projects/placenta_multiomics/valleywise_pilot/trimmed_fastqs_rna/VW-ASUPlace-Cont08-Q1RNA1_108_085_S190_L001_trimmed_R1.fastq.gz, /data/Wilson_Lab/projects/placenta_multiomics/valleywise_pilot/trimmed_fastqs_rna/VW-ASUPlace-Cont08-Q1RNA1_108_085_S190_L001_trimmed_R2.fastq.gz
    output: /data/Wilson_Lab/projects/placenta_multiomics/valleywise_pilot/processed_bams/rna/VW-ASUPlace-Cont08-Q1RNA1_108_085_S190_L001_HISAT_pair_trim_XY.sam
    jobid: 20
    reason: Missing output files: /data/Wilson_Lab/projects/placenta_multiomics/valleywise_pilot/processed_bams/rna/VW-ASUPlace-Cont08-Q1RNA1_108_085_S190_L001_HISAT_pair_trim_XY.sam
    wildcards: sample_name=VW-ASUPlace-Cont08-Q1RNA1_108_085_S190_L001
    resources: tmpdir=/tmp

[Mon Nov 24 09:58:43 2025]
Finished job 88.
3 of 105 steps (3%) done
Select jobs to execute...

[Mon Nov 24 09:58:43 2025]
rule HISAT_paired_males:
    input: /data/Wilson_Lab/projects/placenta_multiomics/valleywise_pilot/trimmed_fastqs_rna/VW-ASUPlace-HDP05-Q1RNA1_119_074_S197_L001_trimmed_R1.fastq.gz, /data/Wilson_Lab/projects/placenta_multiomics/valleywise_pilot/trimmed_fastqs_rna/VW-ASUPlace-HDP05-Q1RNA1_119_074_S197_L001_trimmed_R2.fastq.gz
    output: /data/Wilson_Lab/projects/placenta_multiomics/valleywise_pilot/processed_bams/rna/VW-ASUPlace-HDP05-Q1RNA1_119_074_S197_L001_HISAT_pair_trim_XY.sam
    jobid: 45
    reason: Missing output files: /data/Wilson_Lab/projects/placenta_multiomics/valleywise_pilot/processed_bams/rna/VW-ASUPlace-HDP05-Q1RNA1_119_074_S197_L001_HISAT_pair_trim_XY.sam
    wildcards: sample_name=VW-ASUPlace-HDP05-Q1RNA1_119_074_S197_L001
    resources: tmpdir=/tmp

[Mon Nov 24 09:59:00 2025]
Finished job 73.
4 of 105 steps (4%) done
Select jobs to execute...

[Mon Nov 24 09:59:00 2025]
rule HISAT_paired_females:
    input: /data/Wilson_Lab/projects/placenta_multiomics/valleywise_pilot/trimmed_fastqs_rna/VW-ASUPlace-Cont05-Q1RNA1_144_049_S187_L001_trimmed_R1.fastq.gz, /data/Wilson_Lab/projects/placenta_multiomics/valleywise_pilot/trimmed_fastqs_rna/VW-ASUPlace-Cont05-Q1RNA1_144_049_S187_L001_trimmed_R2.fastq.gz
    output: /data/Wilson_Lab/projects/placenta_multiomics/valleywise_pilot/processed_bams/rna/VW-ASUPlace-Cont05-Q1RNA1_144_049_S187_L001_HISAT_pair_trim_XX.sam
    jobid: 70
    reason: Missing output files: /data/Wilson_Lab/projects/placenta_multiomics/valleywise_pilot/processed_bams/rna/VW-ASUPlace-Cont05-Q1RNA1_144_049_S187_L001_HISAT_pair_trim_XX.sam
    wildcards: sample_name=VW-ASUPlace-Cont05-Q1RNA1_144_049_S187_L001
    resources: tmpdir=/tmp

[Mon Nov 24 10:00:04 2025]
Finished job 33.
5 of 105 steps (5%) done
Select jobs to execute...

[Mon Nov 24 10:00:04 2025]
rule HISAT_paired_females:
    input: /data/Wilson_Lab/projects/placenta_multiomics/valleywise_pilot/trimmed_fastqs_rna/VW-ASUPlace-HDP09-Q1RNA1_166_027_S201_L001_trimmed_R1.fastq.gz, /data/Wilson_Lab/projects/placenta_multiomics/valleywise_pilot/trimmed_fastqs_rna/VW-ASUPlace-HDP09-Q1RNA1_166_027_S201_L001_trimmed_R2.fastq.gz
    output: /data/Wilson_Lab/projects/placenta_multiomics/valleywise_pilot/processed_bams/rna/VW-ASUPlace-HDP09-Q1RNA1_166_027_S201_L001_HISAT_pair_trim_XX.sam
    jobid: 95
    reason: Missing output files: /data/Wilson_Lab/projects/placenta_multiomics/valleywise_pilot/processed_bams/rna/VW-ASUPlace-HDP09-Q1RNA1_166_027_S201_L001_HISAT_pair_trim_XX.sam
    wildcards: sample_name=VW-ASUPlace-HDP09-Q1RNA1_166_027_S201_L001
    resources: tmpdir=/tmp

[Mon Nov 24 10:00:13 2025]
Finished job 58.
6 of 105 steps (6%) done
Select jobs to execute...

[Mon Nov 24 10:00:13 2025]
rule HISAT_paired_males:
    input: /data/Wilson_Lab/projects/placenta_multiomics/valleywise_pilot/trimmed_fastqs_rna/VW-ASUPlace-HDP07-Q1RNA1_190_003_S199_L001_trimmed_R1.fastq.gz, /data/Wilson_Lab/projects/placenta_multiomics/valleywise_pilot/trimmed_fastqs_rna/VW-ASUPlace-HDP07-Q1RNA1_190_003_S199_L001_trimmed_R2.fastq.gz
    output: /data/Wilson_Lab/projects/placenta_multiomics/valleywise_pilot/processed_bams/rna/VW-ASUPlace-HDP07-Q1RNA1_190_003_S199_L001_HISAT_pair_trim_XY.sam
    jobid: 55
    reason: Missing output files: /data/Wilson_Lab/projects/placenta_multiomics/valleywise_pilot/processed_bams/rna/VW-ASUPlace-HDP07-Q1RNA1_190_003_S199_L001_HISAT_pair_trim_XY.sam
    wildcards: sample_name=VW-ASUPlace-HDP07-Q1RNA1_190_003_S199_L001
    resources: tmpdir=/tmp

[Mon Nov 24 10:02:32 2025]
Finished job 48.
7 of 105 steps (7%) done
Select jobs to execute...

[Mon Nov 24 10:02:32 2025]
rule HISAT_paired_males:
    input: /data/Wilson_Lab/projects/placenta_multiomics/valleywise_pilot/trimmed_fastqs_rna/VW-ASUPlace-Cont01_192_001_S183_L001_trimmed_R1.fastq.gz, /data/Wilson_Lab/projects/placenta_multiomics/valleywise_pilot/trimmed_fastqs_rna/VW-ASUPlace-Cont01_192_001_S183_L001_trimmed_R2.fastq.gz
    output: /data/Wilson_Lab/projects/placenta_multiomics/valleywise_pilot/processed_bams/rna/VW-ASUPlace-Cont01_192_001_S183_L001_HISAT_pair_trim_XY.sam
    jobid: 5
    reason: Missing output files: /data/Wilson_Lab/projects/placenta_multiomics/valleywise_pilot/processed_bams/rna/VW-ASUPlace-Cont01_192_001_S183_L001_HISAT_pair_trim_XY.sam
    wildcards: sample_name=VW-ASUPlace-Cont01_192_001_S183_L001
    resources: tmpdir=/tmp

[Mon Nov 24 10:11:53 2025]
Finished job 23.
8 of 105 steps (8%) done
Select jobs to execute...

[Mon Nov 24 10:11:53 2025]
rule MarkDups_males:
    input: /data/Wilson_Lab/projects/placenta_multiomics/valleywise_pilot/processed_bams/rna/VW-ASUPlace-Cont09-Q1RNA1_191_002_S191_L001_HISAT_pair_trim_sort_XY.bam
    output: /data/Wilson_Lab/projects/placenta_multiomics/valleywise_pilot/processed_bams/rna/VW-ASUPlace-Cont09-Q1RNA1_191_002_S191_L001_HISAT_pair_trim_sort_mkdup_XY.bam, /data/Wilson_Lab/projects/placenta_multiomics/valleywise_pilot/processed_bams/stats/VW-ASUPlace-Cont09-Q1RNA1_191_002_S191_L001.XY.picard_mkdup_metrics.txt
    jobid: 22
    reason: Missing output files: /data/Wilson_Lab/projects/placenta_multiomics/valleywise_pilot/processed_bams/rna/VW-ASUPlace-Cont09-Q1RNA1_191_002_S191_L001_HISAT_pair_trim_sort_mkdup_XY.bam; Input files updated by another job: /data/Wilson_Lab/projects/placenta_multiomics/valleywise_pilot/processed_bams/rna/VW-ASUPlace-Cont09-Q1RNA1_191_002_S191_L001_HISAT_pair_trim_sort_XY.bam
    wildcards: sample_name=VW-ASUPlace-Cont09-Q1RNA1_191_002_S191_L001
    resources: tmpdir=/tmp

[Mon Nov 24 10:11:53 2025]
Error in rule MarkDups_males:
    jobid: 22
    input: /data/Wilson_Lab/projects/placenta_multiomics/valleywise_pilot/processed_bams/rna/VW-ASUPlace-Cont09-Q1RNA1_191_002_S191_L001_HISAT_pair_trim_sort_XY.bam
    output: /data/Wilson_Lab/projects/placenta_multiomics/valleywise_pilot/processed_bams/rna/VW-ASUPlace-Cont09-Q1RNA1_191_002_S191_L001_HISAT_pair_trim_sort_mkdup_XY.bam, /data/Wilson_Lab/projects/placenta_multiomics/valleywise_pilot/processed_bams/stats/VW-ASUPlace-Cont09-Q1RNA1_191_002_S191_L001.XY.picard_mkdup_metrics.txt
    shell:
        module load picard; picard -Xmx14g MarkDuplicates I=/data/Wilson_Lab/projects/placenta_multiomics/valleywise_pilot/processed_bams/rna/VW-ASUPlace-Cont09-Q1RNA1_191_002_S191_L001_HISAT_pair_trim_sort_XY.bam O=/data/Wilson_Lab/projects/placenta_multiomics/valleywise_pilot/processed_bams/rna/VW-ASUPlace-Cont09-Q1RNA1_191_002_S191_L001_HISAT_pair_trim_sort_mkdup_XY.bam M=/data/Wilson_Lab/projects/placenta_multiomics/valleywise_pilot/processed_bams/stats/VW-ASUPlace-Cont09-Q1RNA1_191_002_S191_L001.XY.picard_mkdup_metrics.txt VALIDATION_STRINGENCY=LENIENT
        (one of the commands exited with non-zero exit code; note that snakemake uses bash strict mode!)

[Mon Nov 24 10:13:05 2025]
Finished job 10.
9 of 105 steps (9%) done
[Mon Nov 24 10:13:39 2025]
Finished job 45.
10 of 105 steps (10%) done
[Mon Nov 24 10:14:15 2025]
Finished job 95.
11 of 105 steps (10%) done
[Mon Nov 24 10:14:37 2025]
Finished job 70.
12 of 105 steps (11%) done
[Mon Nov 24 10:14:38 2025]
Finished job 20.
13 of 105 steps (12%) done
[Mon Nov 24 10:15:02 2025]
Finished job 55.
14 of 105 steps (13%) done
[Mon Nov 24 10:18:31 2025]
Finished job 5.
15 of 105 steps (14%) done
Shutting down, this might take some time.
Exiting because a job execution failed. Look above for error message
Complete log: .snakemake/log/2025-11-24T092915.265102.snakemake.log
