Building DAG of jobs...
Using shell: /usr/bin/bash
Provided cores: 8
Rules claiming more threads will be scaled down.
Job stats:
job                      count
---------------------  -------
AddReadGrps_females          7
AddReadGrps_males            7
HISAT_paired_females         3
MarkDups_females             9
MarkDups_males              11
all                          1
bam_sort_females             3
index_bam_females            9
index_bam_males             11
samtools_view_females        3
total                       64

Select jobs to execute...

[Mon Nov 24 15:15:13 2025]
rule MarkDups_males:
    input: /data/Wilson_Lab/projects/placenta_multiomics/valleywise_pilot/processed_bams/rna/VW-ASUPlace-HDP03-Q1RNA1_143_050_S195_L001_HISAT_pair_trim_sort_rdgrp_XY.bam
    output: /data/Wilson_Lab/projects/placenta_multiomics/valleywise_pilot/processed_bams/rna/VW-ASUPlace-HDP03-Q1RNA1_143_050_S195_L001_HISAT_pair_trim_sort_mkdup_rdgrp_XY.bam, /data/Wilson_Lab/projects/placenta_multiomics/valleywise_pilot/processed_bams/rna/stats/VW-ASUPlace-HDP03-Q1RNA1_143_050_S195_L001.XY.picard_mkdup_metrics.txt
    jobid: 31
    reason: Code has changed since last execution
    wildcards: sample_name=VW-ASUPlace-HDP03-Q1RNA1_143_050_S195_L001
    resources: tmpdir=/tmp


[Mon Nov 24 15:15:13 2025]
rule MarkDups_females:
    input: /data/Wilson_Lab/projects/placenta_multiomics/valleywise_pilot/processed_bams/rna/VW-ASUPlace-Cont02_180_013_S184_L001_HISAT_pair_trim_sort_rdgrp_XX.bam
    output: /data/Wilson_Lab/projects/placenta_multiomics/valleywise_pilot/processed_bams/rna/VW-ASUPlace-Cont02_180_013_S184_L001_HISAT_pair_trim_sort_mkdup_rdgrp_XX.bam, /data/Wilson_Lab/projects/placenta_multiomics/valleywise_pilot/processed_bams/rna/stats/VW-ASUPlace-Cont02_180_013_S184_L001.XX.picard_mkdup_metrics.txt
    jobid: 56
    reason: Code has changed since last execution
    wildcards: sample_name=VW-ASUPlace-Cont02_180_013_S184_L001
    resources: tmpdir=/tmp


[Mon Nov 24 15:15:13 2025]
rule MarkDups_males:
    input: /data/Wilson_Lab/projects/placenta_multiomics/valleywise_pilot/processed_bams/rna/VW-ASUPlace-Cont09-Q1RNA1_191_002_S191_L001_HISAT_pair_trim_sort_rdgrp_XY.bam
    output: /data/Wilson_Lab/projects/placenta_multiomics/valleywise_pilot/processed_bams/rna/VW-ASUPlace-Cont09-Q1RNA1_191_002_S191_L001_HISAT_pair_trim_sort_mkdup_rdgrp_XY.bam, /data/Wilson_Lab/projects/placenta_multiomics/valleywise_pilot/processed_bams/rna/stats/VW-ASUPlace-Cont09-Q1RNA1_191_002_S191_L001.XY.picard_mkdup_metrics.txt
    jobid: 21
    reason: Missing output files: /data/Wilson_Lab/projects/placenta_multiomics/valleywise_pilot/processed_bams/rna/VW-ASUPlace-Cont09-Q1RNA1_191_002_S191_L001_HISAT_pair_trim_sort_mkdup_rdgrp_XY.bam
    wildcards: sample_name=VW-ASUPlace-Cont09-Q1RNA1_191_002_S191_L001
    resources: tmpdir=/tmp


[Mon Nov 24 15:15:13 2025]
rule MarkDups_males:
    input: /data/Wilson_Lab/projects/placenta_multiomics/valleywise_pilot/processed_bams/rna/VW-ASUPlace-Cont08-Q1RNA1_108_085_S190_L001_HISAT_pair_trim_sort_rdgrp_XY.bam
    output: /data/Wilson_Lab/projects/placenta_multiomics/valleywise_pilot/processed_bams/rna/VW-ASUPlace-Cont08-Q1RNA1_108_085_S190_L001_HISAT_pair_trim_sort_mkdup_rdgrp_XY.bam, /data/Wilson_Lab/projects/placenta_multiomics/valleywise_pilot/processed_bams/rna/stats/VW-ASUPlace-Cont08-Q1RNA1_108_085_S190_L001.XY.picard_mkdup_metrics.txt
    jobid: 16
    reason: Code has changed since last execution
    wildcards: sample_name=VW-ASUPlace-Cont08-Q1RNA1_108_085_S190_L001
    resources: tmpdir=/tmp


[Mon Nov 24 15:15:13 2025]
rule AddReadGrps_females:
    input: /data/Wilson_Lab/projects/placenta_multiomics/valleywise_pilot/processed_bams/rna/VW-ASUPlace-HDP08-Q1RNA1_178_015_S200_L001_HISAT_pair_trim_sort_XX.bam
    output: /data/Wilson_Lab/projects/placenta_multiomics/valleywise_pilot/processed_bams/rna/VW-ASUPlace-HDP08-Q1RNA1_178_015_S200_L001_HISAT_pair_trim_sort_rdgrp_XX.bam
    jobid: 87
    reason: Missing output files: /data/Wilson_Lab/projects/placenta_multiomics/valleywise_pilot/processed_bams/rna/VW-ASUPlace-HDP08-Q1RNA1_178_015_S200_L001_HISAT_pair_trim_sort_rdgrp_XX.bam
    wildcards: sample_name=VW-ASUPlace-HDP08-Q1RNA1_178_015_S200_L001
    resources: tmpdir=/tmp


[Mon Nov 24 15:15:13 2025]
rule MarkDups_females:
    input: /data/Wilson_Lab/projects/placenta_multiomics/valleywise_pilot/processed_bams/rna/VW-ASUPlace-Cont06-Q1RNA1_132_061_S188_L001_HISAT_pair_trim_sort_rdgrp_XX.bam
    output: /data/Wilson_Lab/projects/placenta_multiomics/valleywise_pilot/processed_bams/rna/VW-ASUPlace-Cont06-Q1RNA1_132_061_S188_L001_HISAT_pair_trim_sort_mkdup_rdgrp_XX.bam, /data/Wilson_Lab/projects/placenta_multiomics/valleywise_pilot/processed_bams/rna/stats/VW-ASUPlace-Cont06-Q1RNA1_132_061_S188_L001.XX.picard_mkdup_metrics.txt
    jobid: 71
    reason: Missing output files: /data/Wilson_Lab/projects/placenta_multiomics/valleywise_pilot/processed_bams/rna/VW-ASUPlace-Cont06-Q1RNA1_132_061_S188_L001_HISAT_pair_trim_sort_mkdup_rdgrp_XX.bam
    wildcards: sample_name=VW-ASUPlace-Cont06-Q1RNA1_132_061_S188_L001
    resources: tmpdir=/tmp


[Mon Nov 24 15:15:13 2025]
rule MarkDups_males:
    input: /data/Wilson_Lab/projects/placenta_multiomics/valleywise_pilot/processed_bams/rna/VW-ASUPlace-HDP06-Q1RNA1_107_086_S198_L001_HISAT_pair_trim_sort_rdgrp_XY.bam
    output: /data/Wilson_Lab/projects/placenta_multiomics/valleywise_pilot/processed_bams/rna/VW-ASUPlace-HDP06-Q1RNA1_107_086_S198_L001_HISAT_pair_trim_sort_mkdup_rdgrp_XY.bam, /data/Wilson_Lab/projects/placenta_multiomics/valleywise_pilot/processed_bams/rna/stats/VW-ASUPlace-HDP06-Q1RNA1_107_086_S198_L001.XY.picard_mkdup_metrics.txt
    jobid: 46
    reason: Code has changed since last execution
    wildcards: sample_name=VW-ASUPlace-HDP06-Q1RNA1_107_086_S198_L001
    resources: tmpdir=/tmp


[Mon Nov 24 15:15:13 2025]
rule AddReadGrps_males:
    input: /data/Wilson_Lab/projects/placenta_multiomics/valleywise_pilot/processed_bams/rna/VW-ASUPlace-HDP02-Q1RNA1_155_038_S194_L001_HISAT_pair_trim_sort_XY.bam
    output: /data/Wilson_Lab/projects/placenta_multiomics/valleywise_pilot/processed_bams/rna/VW-ASUPlace-HDP02-Q1RNA1_155_038_S194_L001_HISAT_pair_trim_sort_rdgrp_XY.bam
    jobid: 27
    reason: Missing output files: /data/Wilson_Lab/projects/placenta_multiomics/valleywise_pilot/processed_bams/rna/VW-ASUPlace-HDP02-Q1RNA1_155_038_S194_L001_HISAT_pair_trim_sort_rdgrp_XY.bam
    wildcards: sample_name=VW-ASUPlace-HDP02-Q1RNA1_155_038_S194_L001
    resources: tmpdir=/tmp

[Mon Nov 24 15:18:07 2025]
Error in rule MarkDups_females:
    jobid: 56
    input: /data/Wilson_Lab/projects/placenta_multiomics/valleywise_pilot/processed_bams/rna/VW-ASUPlace-Cont02_180_013_S184_L001_HISAT_pair_trim_sort_rdgrp_XX.bam
    output: /data/Wilson_Lab/projects/placenta_multiomics/valleywise_pilot/processed_bams/rna/VW-ASUPlace-Cont02_180_013_S184_L001_HISAT_pair_trim_sort_mkdup_rdgrp_XX.bam, /data/Wilson_Lab/projects/placenta_multiomics/valleywise_pilot/processed_bams/rna/stats/VW-ASUPlace-Cont02_180_013_S184_L001.XX.picard_mkdup_metrics.txt
    shell:
        
         java -Xmx14g -jar /usr/local/apps/picard/3.3.0/picard.jar MarkDuplicates          I=/data/Wilson_Lab/projects/placenta_multiomics/valleywise_pilot/processed_bams/rna/VW-ASUPlace-Cont02_180_013_S184_L001_HISAT_pair_trim_sort_rdgrp_XX.bam          O=/data/Wilson_Lab/projects/placenta_multiomics/valleywise_pilot/processed_bams/rna/VW-ASUPlace-Cont02_180_013_S184_L001_HISAT_pair_trim_sort_mkdup_rdgrp_XX.bam          M=/data/Wilson_Lab/projects/placenta_multiomics/valleywise_pilot/processed_bams/rna/stats/VW-ASUPlace-Cont02_180_013_S184_L001.XX.picard_mkdup_metrics.txt          ASSUME_SORTED=true          VALIDATION_STRINGENCY=LENIENT
        
        (one of the commands exited with non-zero exit code; note that snakemake uses bash strict mode!)

[Mon Nov 24 15:28:08 2025]
Finished job 87.
1 of 64 steps (2%) done
[Mon Nov 24 15:28:13 2025]
Finished job 27.
2 of 64 steps (3%) done
[Mon Nov 24 15:34:21 2025]
Finished job 71.
3 of 64 steps (5%) done
[Mon Nov 24 15:41:27 2025]
Finished job 21.
4 of 64 steps (6%) done
