Building DAG of jobs...
Using shell: /usr/bin/bash
Provided cores: 8
Rules claiming more threads will be scaled down.
Job stats:
job                      count
---------------------  -------
AddReadGrps_females          9
AddReadGrps_males           11
HISAT_paired_females         9
HISAT_paired_males          11
MarkDups_females             9
MarkDups_males              11
all                          1
bam_sort_females             9
bam_sort_males              11
index_bam_females            9
index_bam_males             11
samtools_view_females        9
samtools_view_males         11
total                      121

Select jobs to execute...

[Fri Nov 21 16:19:42 2025]
rule HISAT_paired_males:
    input: /data/Wilson_Lab/projects/placenta_multiomics/valleywise_pilot/trimmed_fastqs_rna/VW-ASUPlace-Cont09-Q1RNA1_191_002_S191_L001_trimmed_R1.fastq.gz, /data/Wilson_Lab/projects/placenta_multiomics/valleywise_pilot/trimmed_fastqs_rna/VW-ASUPlace-Cont09-Q1RNA1_191_002_S191_L001_trimmed_R2.fastq.gz
    output: /data/Wilson_Lab/projects/placenta_multiomics/valleywise_pilot/processed_bams/rna/VW-ASUPlace-Cont09-Q1RNA1_191_002_S191_L001_HISAT_pair_trim_XY.sam
    jobid: 25
    reason: Forced execution
    wildcards: sample_name=VW-ASUPlace-Cont09-Q1RNA1_191_002_S191_L001
    resources: tmpdir=/tmp

hisat2 -q --rna-strandness RF -p 8 -x /data/Wilson_Lab/references/GENCODE/GRCh38.p12.genome.XY/HISAT_indexes/GRCh38.p12.genome.XY -1 /data/Wilson_Lab/projects/placenta_multiomics/valleywise_pilot/trimmed_fastqs_rna/VW-ASUPlace-Cont09-Q1RNA1_191_002_S191_L001_trimmed_R1.fastq.gz -2 /data/Wilson_Lab/projects/placenta_multiomics/valleywise_pilot/trimmed_fastqs_rna/VW-ASUPlace-Cont09-Q1RNA1_191_002_S191_L001_trimmed_R2.fastq.gz -S /data/Wilson_Lab/projects/placenta_multiomics/valleywise_pilot/processed_bams/rna/VW-ASUPlace-Cont09-Q1RNA1_191_002_S191_L001_HISAT_pair_trim_XY.sam

[Fri Nov 21 16:19:42 2025]
rule HISAT_paired_females:
    input: /data/Wilson_Lab/projects/placenta_multiomics/valleywise_pilot/trimmed_fastqs_rna/VW-ASUPlace-Cont06-Q1RNA1_132_061_S188_L001_trimmed_R1.fastq.gz, /data/Wilson_Lab/projects/placenta_multiomics/valleywise_pilot/trimmed_fastqs_rna/VW-ASUPlace-Cont06-Q1RNA1_132_061_S188_L001_trimmed_R2.fastq.gz
    output: /data/Wilson_Lab/projects/placenta_multiomics/valleywise_pilot/processed_bams/rna/VW-ASUPlace-Cont06-Q1RNA1_132_061_S188_L001_HISAT_pair_trim_XX.sam
    jobid: 75
    reason: Forced execution
    wildcards: sample_name=VW-ASUPlace-Cont06-Q1RNA1_132_061_S188_L001
    resources: tmpdir=/tmp

hisat2 -q --rna-strandness RF -p 8 -x /data/Wilson_Lab/references/GENCODE/GRCh38.p12.genome.XXonly/HISAT_indexes/GRCh38.p12.genome.XXonly -1 /data/Wilson_Lab/projects/placenta_multiomics/valleywise_pilot/trimmed_fastqs_rna/VW-ASUPlace-Cont06-Q1RNA1_132_061_S188_L001_trimmed_R1.fastq.gz -2 /data/Wilson_Lab/projects/placenta_multiomics/valleywise_pilot/trimmed_fastqs_rna/VW-ASUPlace-Cont06-Q1RNA1_132_061_S188_L001_trimmed_R2.fastq.gz -S /data/Wilson_Lab/projects/placenta_multiomics/valleywise_pilot/processed_bams/rna/VW-ASUPlace-Cont06-Q1RNA1_132_061_S188_L001_HISAT_pair_trim_XX.sam

[Fri Nov 21 16:19:42 2025]
rule HISAT_paired_males:
    input: /data/Wilson_Lab/projects/placenta_multiomics/valleywise_pilot/trimmed_fastqs_rna/VW-ASUPlace-HDP06-Q1RNA1_107_086_S198_L001_trimmed_R1.fastq.gz, /data/Wilson_Lab/projects/placenta_multiomics/valleywise_pilot/trimmed_fastqs_rna/VW-ASUPlace-HDP06-Q1RNA1_107_086_S198_L001_trimmed_R2.fastq.gz
    output: /data/Wilson_Lab/projects/placenta_multiomics/valleywise_pilot/processed_bams/rna/VW-ASUPlace-HDP06-Q1RNA1_107_086_S198_L001_HISAT_pair_trim_XY.sam
    jobid: 50
    reason: Forced execution
    wildcards: sample_name=VW-ASUPlace-HDP06-Q1RNA1_107_086_S198_L001
    resources: tmpdir=/tmp

hisat2 -q --rna-strandness RF -p 8 -x /data/Wilson_Lab/references/GENCODE/GRCh38.p12.genome.XY/HISAT_indexes/GRCh38.p12.genome.XY -1 /data/Wilson_Lab/projects/placenta_multiomics/valleywise_pilot/trimmed_fastqs_rna/VW-ASUPlace-HDP06-Q1RNA1_107_086_S198_L001_trimmed_R1.fastq.gz -2 /data/Wilson_Lab/projects/placenta_multiomics/valleywise_pilot/trimmed_fastqs_rna/VW-ASUPlace-HDP06-Q1RNA1_107_086_S198_L001_trimmed_R2.fastq.gz -S /data/Wilson_Lab/projects/placenta_multiomics/valleywise_pilot/processed_bams/rna/VW-ASUPlace-HDP06-Q1RNA1_107_086_S198_L001_HISAT_pair_trim_XY.sam

[Fri Nov 21 16:19:42 2025]
rule HISAT_paired_males:
    input: /data/Wilson_Lab/projects/placenta_multiomics/valleywise_pilot/trimmed_fastqs_rna/VW-ASUPlace-HDP04-Q1RNA1_131_062_S196_L001_trimmed_R1.fastq.gz, /data/Wilson_Lab/projects/placenta_multiomics/valleywise_pilot/trimmed_fastqs_rna/VW-ASUPlace-HDP04-Q1RNA1_131_062_S196_L001_trimmed_R2.fastq.gz
    output: /data/Wilson_Lab/projects/placenta_multiomics/valleywise_pilot/processed_bams/rna/VW-ASUPlace-HDP04-Q1RNA1_131_062_S196_L001_HISAT_pair_trim_XY.sam
    jobid: 40
    reason: Forced execution
    wildcards: sample_name=VW-ASUPlace-HDP04-Q1RNA1_131_062_S196_L001
    resources: tmpdir=/tmp

hisat2 -q --rna-strandness RF -p 8 -x /data/Wilson_Lab/references/GENCODE/GRCh38.p12.genome.XY/HISAT_indexes/GRCh38.p12.genome.XY -1 /data/Wilson_Lab/projects/placenta_multiomics/valleywise_pilot/trimmed_fastqs_rna/VW-ASUPlace-HDP04-Q1RNA1_131_062_S196_L001_trimmed_R1.fastq.gz -2 /data/Wilson_Lab/projects/placenta_multiomics/valleywise_pilot/trimmed_fastqs_rna/VW-ASUPlace-HDP04-Q1RNA1_131_062_S196_L001_trimmed_R2.fastq.gz -S /data/Wilson_Lab/projects/placenta_multiomics/valleywise_pilot/processed_bams/rna/VW-ASUPlace-HDP04-Q1RNA1_131_062_S196_L001_HISAT_pair_trim_XY.sam

[Fri Nov 21 16:19:42 2025]
rule HISAT_paired_females:
    input: /data/Wilson_Lab/projects/placenta_multiomics/valleywise_pilot/trimmed_fastqs_rna/VW-ASUPlace-HDP08-Q1RNA1_178_015_S200_L001_trimmed_R1.fastq.gz, /data/Wilson_Lab/projects/placenta_multiomics/valleywise_pilot/trimmed_fastqs_rna/VW-ASUPlace-HDP08-Q1RNA1_178_015_S200_L001_trimmed_R2.fastq.gz
    output: /data/Wilson_Lab/projects/placenta_multiomics/valleywise_pilot/processed_bams/rna/VW-ASUPlace-HDP08-Q1RNA1_178_015_S200_L001_HISAT_pair_trim_XX.sam
    jobid: 90
    reason: Forced execution
    wildcards: sample_name=VW-ASUPlace-HDP08-Q1RNA1_178_015_S200_L001
    resources: tmpdir=/tmp

hisat2 -q --rna-strandness RF -p 8 -x /data/Wilson_Lab/references/GENCODE/GRCh38.p12.genome.XXonly/HISAT_indexes/GRCh38.p12.genome.XXonly -1 /data/Wilson_Lab/projects/placenta_multiomics/valleywise_pilot/trimmed_fastqs_rna/VW-ASUPlace-HDP08-Q1RNA1_178_015_S200_L001_trimmed_R1.fastq.gz -2 /data/Wilson_Lab/projects/placenta_multiomics/valleywise_pilot/trimmed_fastqs_rna/VW-ASUPlace-HDP08-Q1RNA1_178_015_S200_L001_trimmed_R2.fastq.gz -S /data/Wilson_Lab/projects/placenta_multiomics/valleywise_pilot/processed_bams/rna/VW-ASUPlace-HDP08-Q1RNA1_178_015_S200_L001_HISAT_pair_trim_XX.sam

[Fri Nov 21 16:19:42 2025]
rule HISAT_paired_females:
    input: /data/Wilson_Lab/projects/placenta_multiomics/valleywise_pilot/trimmed_fastqs_rna/VW-ASUPlace-Cont02_180_013_S184_L001_trimmed_R1.fastq.gz, /data/Wilson_Lab/projects/placenta_multiomics/valleywise_pilot/trimmed_fastqs_rna/VW-ASUPlace-Cont02_180_013_S184_L001_trimmed_R2.fastq.gz
    output: /data/Wilson_Lab/projects/placenta_multiomics/valleywise_pilot/processed_bams/rna/VW-ASUPlace-Cont02_180_013_S184_L001_HISAT_pair_trim_XX.sam
    jobid: 60
    reason: Forced execution
    wildcards: sample_name=VW-ASUPlace-Cont02_180_013_S184_L001
    resources: tmpdir=/tmp

hisat2 -q --rna-strandness RF -p 8 -x /data/Wilson_Lab/references/GENCODE/GRCh38.p12.genome.XXonly/HISAT_indexes/GRCh38.p12.genome.XXonly -1 /data/Wilson_Lab/projects/placenta_multiomics/valleywise_pilot/trimmed_fastqs_rna/VW-ASUPlace-Cont02_180_013_S184_L001_trimmed_R1.fastq.gz -2 /data/Wilson_Lab/projects/placenta_multiomics/valleywise_pilot/trimmed_fastqs_rna/VW-ASUPlace-Cont02_180_013_S184_L001_trimmed_R2.fastq.gz -S /data/Wilson_Lab/projects/placenta_multiomics/valleywise_pilot/processed_bams/rna/VW-ASUPlace-Cont02_180_013_S184_L001_HISAT_pair_trim_XX.sam

[Fri Nov 21 16:19:42 2025]
rule HISAT_paired_males:
    input: /data/Wilson_Lab/projects/placenta_multiomics/valleywise_pilot/trimmed_fastqs_rna/VW-ASUPlace-HDP03-Q1RNA1_143_050_S195_L001_trimmed_R1.fastq.gz, /data/Wilson_Lab/projects/placenta_multiomics/valleywise_pilot/trimmed_fastqs_rna/VW-ASUPlace-HDP03-Q1RNA1_143_050_S195_L001_trimmed_R2.fastq.gz
    output: /data/Wilson_Lab/projects/placenta_multiomics/valleywise_pilot/processed_bams/rna/VW-ASUPlace-HDP03-Q1RNA1_143_050_S195_L001_HISAT_pair_trim_XY.sam
    jobid: 35
    reason: Forced execution
    wildcards: sample_name=VW-ASUPlace-HDP03-Q1RNA1_143_050_S195_L001
    resources: tmpdir=/tmp

hisat2 -q --rna-strandness RF -p 8 -x /data/Wilson_Lab/references/GENCODE/GRCh38.p12.genome.XY/HISAT_indexes/GRCh38.p12.genome.XY -1 /data/Wilson_Lab/projects/placenta_multiomics/valleywise_pilot/trimmed_fastqs_rna/VW-ASUPlace-HDP03-Q1RNA1_143_050_S195_L001_trimmed_R1.fastq.gz -2 /data/Wilson_Lab/projects/placenta_multiomics/valleywise_pilot/trimmed_fastqs_rna/VW-ASUPlace-HDP03-Q1RNA1_143_050_S195_L001_trimmed_R2.fastq.gz -S /data/Wilson_Lab/projects/placenta_multiomics/valleywise_pilot/processed_bams/rna/VW-ASUPlace-HDP03-Q1RNA1_143_050_S195_L001_HISAT_pair_trim_XY.sam

[Fri Nov 21 16:19:42 2025]
rule HISAT_paired_males:
    input: /data/Wilson_Lab/projects/placenta_multiomics/valleywise_pilot/trimmed_fastqs_rna/VW-ASUPlace-HDP02-Q1RNA1_155_038_S194_L001_trimmed_R1.fastq.gz, /data/Wilson_Lab/projects/placenta_multiomics/valleywise_pilot/trimmed_fastqs_rna/VW-ASUPlace-HDP02-Q1RNA1_155_038_S194_L001_trimmed_R2.fastq.gz
    output: /data/Wilson_Lab/projects/placenta_multiomics/valleywise_pilot/processed_bams/rna/VW-ASUPlace-HDP02-Q1RNA1_155_038_S194_L001_HISAT_pair_trim_XY.sam
    jobid: 30
    reason: Forced execution
    wildcards: sample_name=VW-ASUPlace-HDP02-Q1RNA1_155_038_S194_L001
    resources: tmpdir=/tmp

hisat2 -q --rna-strandness RF -p 8 -x /data/Wilson_Lab/references/GENCODE/GRCh38.p12.genome.XY/HISAT_indexes/GRCh38.p12.genome.XY -1 /data/Wilson_Lab/projects/placenta_multiomics/valleywise_pilot/trimmed_fastqs_rna/VW-ASUPlace-HDP02-Q1RNA1_155_038_S194_L001_trimmed_R1.fastq.gz -2 /data/Wilson_Lab/projects/placenta_multiomics/valleywise_pilot/trimmed_fastqs_rna/VW-ASUPlace-HDP02-Q1RNA1_155_038_S194_L001_trimmed_R2.fastq.gz -S /data/Wilson_Lab/projects/placenta_multiomics/valleywise_pilot/processed_bams/rna/VW-ASUPlace-HDP02-Q1RNA1_155_038_S194_L001_HISAT_pair_trim_XY.sam
[Fri Nov 21 18:28:44 2025]
Finished job 90.
1 of 121 steps (1%) done
Select jobs to execute...

[Fri Nov 21 18:28:44 2025]
rule samtools_view_females:
    input: /data/Wilson_Lab/projects/placenta_multiomics/valleywise_pilot/processed_bams/rna/VW-ASUPlace-HDP08-Q1RNA1_178_015_S200_L001_HISAT_pair_trim_XX.sam
    output: /data/Wilson_Lab/projects/placenta_multiomics/valleywise_pilot/processed_bams/rna/VW-ASUPlace-HDP08-Q1RNA1_178_015_S200_L001_HISAT_pair_trim_XX.bam
    jobid: 89
    reason: Missing output files: /data/Wilson_Lab/projects/placenta_multiomics/valleywise_pilot/processed_bams/rna/VW-ASUPlace-HDP08-Q1RNA1_178_015_S200_L001_HISAT_pair_trim_XX.bam; Input files updated by another job: /data/Wilson_Lab/projects/placenta_multiomics/valleywise_pilot/processed_bams/rna/VW-ASUPlace-HDP08-Q1RNA1_178_015_S200_L001_HISAT_pair_trim_XX.sam
    wildcards: sample_name=VW-ASUPlace-HDP08-Q1RNA1_178_015_S200_L001
    resources: tmpdir=/tmp

samtools view -b /data/Wilson_Lab/projects/placenta_multiomics/valleywise_pilot/processed_bams/rna/VW-ASUPlace-HDP08-Q1RNA1_178_015_S200_L001_HISAT_pair_trim_XX.sam > /data/Wilson_Lab/projects/placenta_multiomics/valleywise_pilot/processed_bams/rna/VW-ASUPlace-HDP08-Q1RNA1_178_015_S200_L001_HISAT_pair_trim_XX.bam
[Fri Nov 21 18:30:30 2025]
Finished job 75.
2 of 121 steps (2%) done
Select jobs to execute...

[Fri Nov 21 18:30:30 2025]
rule samtools_view_females:
    input: /data/Wilson_Lab/projects/placenta_multiomics/valleywise_pilot/processed_bams/rna/VW-ASUPlace-Cont06-Q1RNA1_132_061_S188_L001_HISAT_pair_trim_XX.sam
    output: /data/Wilson_Lab/projects/placenta_multiomics/valleywise_pilot/processed_bams/rna/VW-ASUPlace-Cont06-Q1RNA1_132_061_S188_L001_HISAT_pair_trim_XX.bam
    jobid: 74
    reason: Missing output files: /data/Wilson_Lab/projects/placenta_multiomics/valleywise_pilot/processed_bams/rna/VW-ASUPlace-Cont06-Q1RNA1_132_061_S188_L001_HISAT_pair_trim_XX.bam; Input files updated by another job: /data/Wilson_Lab/projects/placenta_multiomics/valleywise_pilot/processed_bams/rna/VW-ASUPlace-Cont06-Q1RNA1_132_061_S188_L001_HISAT_pair_trim_XX.sam
    wildcards: sample_name=VW-ASUPlace-Cont06-Q1RNA1_132_061_S188_L001
    resources: tmpdir=/tmp

samtools view -b /data/Wilson_Lab/projects/placenta_multiomics/valleywise_pilot/processed_bams/rna/VW-ASUPlace-Cont06-Q1RNA1_132_061_S188_L001_HISAT_pair_trim_XX.sam > /data/Wilson_Lab/projects/placenta_multiomics/valleywise_pilot/processed_bams/rna/VW-ASUPlace-Cont06-Q1RNA1_132_061_S188_L001_HISAT_pair_trim_XX.bam
[Fri Nov 21 18:31:21 2025]
Finished job 40.
3 of 121 steps (2%) done
Select jobs to execute...

[Fri Nov 21 18:31:21 2025]
rule samtools_view_males:
    input: /data/Wilson_Lab/projects/placenta_multiomics/valleywise_pilot/processed_bams/rna/VW-ASUPlace-HDP04-Q1RNA1_131_062_S196_L001_HISAT_pair_trim_XY.sam
    output: /data/Wilson_Lab/projects/placenta_multiomics/valleywise_pilot/processed_bams/rna/VW-ASUPlace-HDP04-Q1RNA1_131_062_S196_L001_HISAT_pair_trim_XY.bam
    jobid: 39
    reason: Missing output files: /data/Wilson_Lab/projects/placenta_multiomics/valleywise_pilot/processed_bams/rna/VW-ASUPlace-HDP04-Q1RNA1_131_062_S196_L001_HISAT_pair_trim_XY.bam; Input files updated by another job: /data/Wilson_Lab/projects/placenta_multiomics/valleywise_pilot/processed_bams/rna/VW-ASUPlace-HDP04-Q1RNA1_131_062_S196_L001_HISAT_pair_trim_XY.sam
    wildcards: sample_name=VW-ASUPlace-HDP04-Q1RNA1_131_062_S196_L001
    resources: tmpdir=/tmp

samtools view -b /data/Wilson_Lab/projects/placenta_multiomics/valleywise_pilot/processed_bams/rna/VW-ASUPlace-HDP04-Q1RNA1_131_062_S196_L001_HISAT_pair_trim_XY.sam > /data/Wilson_Lab/projects/placenta_multiomics/valleywise_pilot/processed_bams/rna/VW-ASUPlace-HDP04-Q1RNA1_131_062_S196_L001_HISAT_pair_trim_XY.bam
[Fri Nov 21 18:32:21 2025]
Finished job 35.
4 of 121 steps (3%) done
Select jobs to execute...

[Fri Nov 21 18:32:21 2025]
rule samtools_view_males:
    input: /data/Wilson_Lab/projects/placenta_multiomics/valleywise_pilot/processed_bams/rna/VW-ASUPlace-HDP03-Q1RNA1_143_050_S195_L001_HISAT_pair_trim_XY.sam
    output: /data/Wilson_Lab/projects/placenta_multiomics/valleywise_pilot/processed_bams/rna/VW-ASUPlace-HDP03-Q1RNA1_143_050_S195_L001_HISAT_pair_trim_XY.bam
    jobid: 34
    reason: Missing output files: /data/Wilson_Lab/projects/placenta_multiomics/valleywise_pilot/processed_bams/rna/VW-ASUPlace-HDP03-Q1RNA1_143_050_S195_L001_HISAT_pair_trim_XY.bam; Input files updated by another job: /data/Wilson_Lab/projects/placenta_multiomics/valleywise_pilot/processed_bams/rna/VW-ASUPlace-HDP03-Q1RNA1_143_050_S195_L001_HISAT_pair_trim_XY.sam
    wildcards: sample_name=VW-ASUPlace-HDP03-Q1RNA1_143_050_S195_L001
    resources: tmpdir=/tmp

samtools view -b /data/Wilson_Lab/projects/placenta_multiomics/valleywise_pilot/processed_bams/rna/VW-ASUPlace-HDP03-Q1RNA1_143_050_S195_L001_HISAT_pair_trim_XY.sam > /data/Wilson_Lab/projects/placenta_multiomics/valleywise_pilot/processed_bams/rna/VW-ASUPlace-HDP03-Q1RNA1_143_050_S195_L001_HISAT_pair_trim_XY.bam
[Fri Nov 21 18:33:16 2025]
Finished job 30.
5 of 121 steps (4%) done
Select jobs to execute...

[Fri Nov 21 18:33:16 2025]
rule samtools_view_males:
    input: /data/Wilson_Lab/projects/placenta_multiomics/valleywise_pilot/processed_bams/rna/VW-ASUPlace-HDP02-Q1RNA1_155_038_S194_L001_HISAT_pair_trim_XY.sam
    output: /data/Wilson_Lab/projects/placenta_multiomics/valleywise_pilot/processed_bams/rna/VW-ASUPlace-HDP02-Q1RNA1_155_038_S194_L001_HISAT_pair_trim_XY.bam
    jobid: 29
    reason: Missing output files: /data/Wilson_Lab/projects/placenta_multiomics/valleywise_pilot/processed_bams/rna/VW-ASUPlace-HDP02-Q1RNA1_155_038_S194_L001_HISAT_pair_trim_XY.bam; Input files updated by another job: /data/Wilson_Lab/projects/placenta_multiomics/valleywise_pilot/processed_bams/rna/VW-ASUPlace-HDP02-Q1RNA1_155_038_S194_L001_HISAT_pair_trim_XY.sam
    wildcards: sample_name=VW-ASUPlace-HDP02-Q1RNA1_155_038_S194_L001
    resources: tmpdir=/tmp

samtools view -b /data/Wilson_Lab/projects/placenta_multiomics/valleywise_pilot/processed_bams/rna/VW-ASUPlace-HDP02-Q1RNA1_155_038_S194_L001_HISAT_pair_trim_XY.sam > /data/Wilson_Lab/projects/placenta_multiomics/valleywise_pilot/processed_bams/rna/VW-ASUPlace-HDP02-Q1RNA1_155_038_S194_L001_HISAT_pair_trim_XY.bam
[Fri Nov 21 18:35:51 2025]
Finished job 60.
6 of 121 steps (5%) done
Select jobs to execute...

[Fri Nov 21 18:35:51 2025]
rule samtools_view_females:
    input: /data/Wilson_Lab/projects/placenta_multiomics/valleywise_pilot/processed_bams/rna/VW-ASUPlace-Cont02_180_013_S184_L001_HISAT_pair_trim_XX.sam
    output: /data/Wilson_Lab/projects/placenta_multiomics/valleywise_pilot/processed_bams/rna/VW-ASUPlace-Cont02_180_013_S184_L001_HISAT_pair_trim_XX.bam
    jobid: 59
    reason: Missing output files: /data/Wilson_Lab/projects/placenta_multiomics/valleywise_pilot/processed_bams/rna/VW-ASUPlace-Cont02_180_013_S184_L001_HISAT_pair_trim_XX.bam; Input files updated by another job: /data/Wilson_Lab/projects/placenta_multiomics/valleywise_pilot/processed_bams/rna/VW-ASUPlace-Cont02_180_013_S184_L001_HISAT_pair_trim_XX.sam
    wildcards: sample_name=VW-ASUPlace-Cont02_180_013_S184_L001
    resources: tmpdir=/tmp

samtools view -b /data/Wilson_Lab/projects/placenta_multiomics/valleywise_pilot/processed_bams/rna/VW-ASUPlace-Cont02_180_013_S184_L001_HISAT_pair_trim_XX.sam > /data/Wilson_Lab/projects/placenta_multiomics/valleywise_pilot/processed_bams/rna/VW-ASUPlace-Cont02_180_013_S184_L001_HISAT_pair_trim_XX.bam
[Fri Nov 21 18:36:35 2025]
Finished job 50.
7 of 121 steps (6%) done
Select jobs to execute...

[Fri Nov 21 18:36:35 2025]
rule samtools_view_males:
    input: /data/Wilson_Lab/projects/placenta_multiomics/valleywise_pilot/processed_bams/rna/VW-ASUPlace-HDP06-Q1RNA1_107_086_S198_L001_HISAT_pair_trim_XY.sam
    output: /data/Wilson_Lab/projects/placenta_multiomics/valleywise_pilot/processed_bams/rna/VW-ASUPlace-HDP06-Q1RNA1_107_086_S198_L001_HISAT_pair_trim_XY.bam
    jobid: 49
    reason: Missing output files: /data/Wilson_Lab/projects/placenta_multiomics/valleywise_pilot/processed_bams/rna/VW-ASUPlace-HDP06-Q1RNA1_107_086_S198_L001_HISAT_pair_trim_XY.bam; Input files updated by another job: /data/Wilson_Lab/projects/placenta_multiomics/valleywise_pilot/processed_bams/rna/VW-ASUPlace-HDP06-Q1RNA1_107_086_S198_L001_HISAT_pair_trim_XY.sam
    wildcards: sample_name=VW-ASUPlace-HDP06-Q1RNA1_107_086_S198_L001
    resources: tmpdir=/tmp

samtools view -b /data/Wilson_Lab/projects/placenta_multiomics/valleywise_pilot/processed_bams/rna/VW-ASUPlace-HDP06-Q1RNA1_107_086_S198_L001_HISAT_pair_trim_XY.sam > /data/Wilson_Lab/projects/placenta_multiomics/valleywise_pilot/processed_bams/rna/VW-ASUPlace-HDP06-Q1RNA1_107_086_S198_L001_HISAT_pair_trim_XY.bam
[Fri Nov 21 18:42:43 2025]
Finished job 25.
8 of 121 steps (7%) done
Select jobs to execute...

[Fri Nov 21 18:42:43 2025]
rule samtools_view_males:
    input: /data/Wilson_Lab/projects/placenta_multiomics/valleywise_pilot/processed_bams/rna/VW-ASUPlace-Cont09-Q1RNA1_191_002_S191_L001_HISAT_pair_trim_XY.sam
    output: /data/Wilson_Lab/projects/placenta_multiomics/valleywise_pilot/processed_bams/rna/VW-ASUPlace-Cont09-Q1RNA1_191_002_S191_L001_HISAT_pair_trim_XY.bam
    jobid: 24
    reason: Missing output files: /data/Wilson_Lab/projects/placenta_multiomics/valleywise_pilot/processed_bams/rna/VW-ASUPlace-Cont09-Q1RNA1_191_002_S191_L001_HISAT_pair_trim_XY.bam; Input files updated by another job: /data/Wilson_Lab/projects/placenta_multiomics/valleywise_pilot/processed_bams/rna/VW-ASUPlace-Cont09-Q1RNA1_191_002_S191_L001_HISAT_pair_trim_XY.sam
    wildcards: sample_name=VW-ASUPlace-Cont09-Q1RNA1_191_002_S191_L001
    resources: tmpdir=/tmp

samtools view -b /data/Wilson_Lab/projects/placenta_multiomics/valleywise_pilot/processed_bams/rna/VW-ASUPlace-Cont09-Q1RNA1_191_002_S191_L001_HISAT_pair_trim_XY.sam > /data/Wilson_Lab/projects/placenta_multiomics/valleywise_pilot/processed_bams/rna/VW-ASUPlace-Cont09-Q1RNA1_191_002_S191_L001_HISAT_pair_trim_XY.bam
[Fri Nov 21 18:56:09 2025]
Finished job 89.
9 of 121 steps (7%) done
Select jobs to execute...

[Fri Nov 21 18:56:09 2025]
rule bam_sort_females:
    input: /data/Wilson_Lab/projects/placenta_multiomics/valleywise_pilot/processed_bams/rna/VW-ASUPlace-HDP08-Q1RNA1_178_015_S200_L001_HISAT_pair_trim_XX.bam
    output: /data/Wilson_Lab/projects/placenta_multiomics/valleywise_pilot/processed_bams/rna/VW-ASUPlace-HDP08-Q1RNA1_178_015_S200_L001_HISAT_pair_trim_sort_XX.bam
    jobid: 88
    reason: Missing output files: /data/Wilson_Lab/projects/placenta_multiomics/valleywise_pilot/processed_bams/rna/VW-ASUPlace-HDP08-Q1RNA1_178_015_S200_L001_HISAT_pair_trim_sort_XX.bam; Input files updated by another job: /data/Wilson_Lab/projects/placenta_multiomics/valleywise_pilot/processed_bams/rna/VW-ASUPlace-HDP08-Q1RNA1_178_015_S200_L001_HISAT_pair_trim_XX.bam
    wildcards: sample_name=VW-ASUPlace-HDP08-Q1RNA1_178_015_S200_L001
    resources: tmpdir=/tmp

bamtools sort -in /data/Wilson_Lab/projects/placenta_multiomics/valleywise_pilot/processed_bams/rna/VW-ASUPlace-HDP08-Q1RNA1_178_015_S200_L001_HISAT_pair_trim_XX.bam -out /data/Wilson_Lab/projects/placenta_multiomics/valleywise_pilot/processed_bams/rna/VW-ASUPlace-HDP08-Q1RNA1_178_015_S200_L001_HISAT_pair_trim_sort_XX.bam
[Fri Nov 21 18:56:09 2025]
Error in rule bam_sort_females:
    jobid: 88
    input: /data/Wilson_Lab/projects/placenta_multiomics/valleywise_pilot/processed_bams/rna/VW-ASUPlace-HDP08-Q1RNA1_178_015_S200_L001_HISAT_pair_trim_XX.bam
    output: /data/Wilson_Lab/projects/placenta_multiomics/valleywise_pilot/processed_bams/rna/VW-ASUPlace-HDP08-Q1RNA1_178_015_S200_L001_HISAT_pair_trim_sort_XX.bam
    shell:
        bamtools sort -in /data/Wilson_Lab/projects/placenta_multiomics/valleywise_pilot/processed_bams/rna/VW-ASUPlace-HDP08-Q1RNA1_178_015_S200_L001_HISAT_pair_trim_XX.bam -out /data/Wilson_Lab/projects/placenta_multiomics/valleywise_pilot/processed_bams/rna/VW-ASUPlace-HDP08-Q1RNA1_178_015_S200_L001_HISAT_pair_trim_sort_XX.bam
        (one of the commands exited with non-zero exit code; note that snakemake uses bash strict mode!)

[Fri Nov 21 18:57:19 2025]
Finished job 39.
10 of 121 steps (8%) done
[Fri Nov 21 18:57:23 2025]
Finished job 74.
11 of 121 steps (9%) done
[Fri Nov 21 18:57:24 2025]
Finished job 29.
12 of 121 steps (10%) done
[Fri Nov 21 18:57:59 2025]
Finished job 34.
13 of 121 steps (11%) done
[Fri Nov 21 18:59:22 2025]
Finished job 59.
14 of 121 steps (12%) done
[Fri Nov 21 18:59:33 2025]
Finished job 49.
15 of 121 steps (12%) done
[Fri Nov 21 19:07:10 2025]
Finished job 24.
16 of 121 steps (13%) done
Shutting down, this might take some time.
Exiting because a job execution failed. Look above for error message
Complete log: .snakemake/log/2025-11-21T161941.839648.snakemake.log
