Building DAG of jobs...
Using shell: /usr/bin/bash
Provided cores: 8
Rules claiming more threads will be scaled down.
Job stats:
job                   count
------------------  -------
HISAT_paired_males        1
total                     1

Select jobs to execute...

[Fri Nov 21 11:52:05 2025]
rule HISAT_paired_males:
    input: /data/Wilson_Lab/projects/placenta_multiomics/valleywise_pilot/trimmed_fastqs_rna/VW-ASUPlace-HDP05-Q1RNA1_119_074_S197_L001_trimmed_R1.fastq.gz, /data/Wilson_Lab/projects/placenta_multiomics/valleywise_pilot/trimmed_fastqs_rna/VW-ASUPlace-HDP05-Q1RNA1_119_074_S197_L001_trimmed_R2.fastq.gz
    output: /data/Wilson_Lab/projects/placenta_multiomics/valleywise_pilot/processed_bams/rna/VW-ASUPlace-HDP05-Q1RNA1_119_074_S197_L001_HISAT_pair_trim_XY.sam
    jobid: 0
    reason: Missing output files: /data/Wilson_Lab/projects/placenta_multiomics/valleywise_pilot/processed_bams/rna/VW-ASUPlace-HDP05-Q1RNA1_119_074_S197_L001_HISAT_pair_trim_XY.sam
    wildcards: sample_name=VW-ASUPlace-HDP05-Q1RNA1_119_074_S197_L001
    resources: tmpdir=/tmp


        module load hisat2
        hisat2 -q --rna-strandness RF -p 8 -x /data/Wilson_Lab/references/GENCODE/GRCh38.p12.genome.XY/GRCh38.p12.genome.XY -1 /data/Wilson_Lab/projects/placenta_multiomics/valleywise_pilot/trimmed_fastqs_rna/VW-ASUPlace-HDP05-Q1RNA1_119_074_S197_L001_trimmed_R1.fastq.gz -2 /data/Wilson_Lab/projects/placenta_multiomics/valleywise_pilot/trimmed_fastqs_rna/VW-ASUPlace-HDP05-Q1RNA1_119_074_S197_L001_trimmed_R2.fastq.gz -S /data/Wilson_Lab/projects/placenta_multiomics/valleywise_pilot/processed_bams/rna/VW-ASUPlace-HDP05-Q1RNA1_119_074_S197_L001_HISAT_pair_trim_XY.sam
        
[Fri Nov 21 11:52:11 2025]
Error in rule HISAT_paired_males:
    jobid: 0
    input: /data/Wilson_Lab/projects/placenta_multiomics/valleywise_pilot/trimmed_fastqs_rna/VW-ASUPlace-HDP05-Q1RNA1_119_074_S197_L001_trimmed_R1.fastq.gz, /data/Wilson_Lab/projects/placenta_multiomics/valleywise_pilot/trimmed_fastqs_rna/VW-ASUPlace-HDP05-Q1RNA1_119_074_S197_L001_trimmed_R2.fastq.gz
    output: /data/Wilson_Lab/projects/placenta_multiomics/valleywise_pilot/processed_bams/rna/VW-ASUPlace-HDP05-Q1RNA1_119_074_S197_L001_HISAT_pair_trim_XY.sam
    shell:
        
        module load hisat2
        hisat2 -q --rna-strandness RF -p 8 -x /data/Wilson_Lab/references/GENCODE/GRCh38.p12.genome.XY/GRCh38.p12.genome.XY -1 /data/Wilson_Lab/projects/placenta_multiomics/valleywise_pilot/trimmed_fastqs_rna/VW-ASUPlace-HDP05-Q1RNA1_119_074_S197_L001_trimmed_R1.fastq.gz -2 /data/Wilson_Lab/projects/placenta_multiomics/valleywise_pilot/trimmed_fastqs_rna/VW-ASUPlace-HDP05-Q1RNA1_119_074_S197_L001_trimmed_R2.fastq.gz -S /data/Wilson_Lab/projects/placenta_multiomics/valleywise_pilot/processed_bams/rna/VW-ASUPlace-HDP05-Q1RNA1_119_074_S197_L001_HISAT_pair_trim_XY.sam
        
        (one of the commands exited with non-zero exit code; note that snakemake uses bash strict mode!)

Removing output files of failed job HISAT_paired_males since they might be corrupted:
/data/Wilson_Lab/projects/placenta_multiomics/valleywise_pilot/processed_bams/rna/VW-ASUPlace-HDP05-Q1RNA1_119_074_S197_L001_HISAT_pair_trim_XY.sam
Shutting down, this might take some time.
Exiting because a job execution failed. Look above for error message
Complete log: .snakemake/log/2025-11-21T115205.229418.snakemake.log
