[-] Unloading singularity  4.2.2  on cn4306 
[-] Unloading GATK  4.6.0.0 
[+] Loading singularity  4.2.2  on cn4306 
[+] Loading GATK  4.6.0.0 

GATK is installed as a container.


14:56:24.476 INFO  NativeLibraryLoader - Loading libgkl_compression.so from jar:file:/gatk/gatk-package-4.6.0.0-local.jar!/com/intel/gkl/native/libgkl_compression.so
14:56:24.693 INFO  ASEReadCounter - ------------------------------------------------------------
14:56:24.698 INFO  ASEReadCounter - The Genome Analysis Toolkit (GATK) v4.6.0.0
14:56:24.698 INFO  ASEReadCounter - For support and documentation go to https://software.broadinstitute.org/gatk/
14:56:24.698 INFO  ASEReadCounter - Executing as sheffermannm@cn4306 on Linux v4.18.0-425.19.3a.el8.x86_64 amd64
14:56:24.698 INFO  ASEReadCounter - Java runtime: OpenJDK 64-Bit Server VM v17.0.9+9-Ubuntu-122.04
14:56:24.698 INFO  ASEReadCounter - Start Date/Time: November 25, 2025 at 2:56:24 PM GMT
14:56:24.698 INFO  ASEReadCounter - ------------------------------------------------------------
14:56:24.698 INFO  ASEReadCounter - ------------------------------------------------------------
14:56:24.699 INFO  ASEReadCounter - HTSJDK Version: 4.1.1
14:56:24.699 INFO  ASEReadCounter - Picard Version: 3.2.0
14:56:24.699 INFO  ASEReadCounter - Built for Spark Version: 3.5.0
14:56:24.700 INFO  ASEReadCounter - HTSJDK Defaults.COMPRESSION_LEVEL : 2
14:56:24.700 INFO  ASEReadCounter - HTSJDK Defaults.USE_ASYNC_IO_READ_FOR_SAMTOOLS : false
14:56:24.700 INFO  ASEReadCounter - HTSJDK Defaults.USE_ASYNC_IO_WRITE_FOR_SAMTOOLS : true
14:56:24.700 INFO  ASEReadCounter - HTSJDK Defaults.USE_ASYNC_IO_WRITE_FOR_TRIBBLE : false
14:56:24.700 INFO  ASEReadCounter - Deflater: IntelDeflater
14:56:24.701 INFO  ASEReadCounter - Inflater: IntelInflater
14:56:24.701 INFO  ASEReadCounter - GCS max retries/reopens: 20
14:56:24.701 INFO  ASEReadCounter - Requester pays: disabled
14:56:24.701 INFO  ASEReadCounter - Initializing engine
14:56:24.936 INFO  FeatureManager - Using codec VCFCodec to read file file:///data/Wilson_Lab/projects/placenta_multiomics/valleywise_pilot/vqsr/chr8.gatk.called.vqsr.sv.biallelic.snp.Plac_HDP09.het.vcf
14:56:24.988 INFO  ASEReadCounter - Done initializing engine
14:56:25.005 INFO  ProgressMeter - Starting traversal
14:56:25.005 INFO  ProgressMeter -        Current Locus  Elapsed Minutes        Loci Processed      Loci/Minute
14:56:35.008 INFO  ProgressMeter -         chr1:9184769              0.2               2312000       13872000.0
14:56:45.009 INFO  ProgressMeter -        chr1:21901917              0.3               6029000       18084287.4
14:56:55.039 INFO  ProgressMeter -        chr1:25749387              0.5               7315000       14614411.3
14:57:05.041 INFO  ProgressMeter -        chr1:35190912              0.7              10083000       15111655.1
14:57:15.085 INFO  ProgressMeter -        chr1:42953729              0.8              12564000       15053016.2
14:57:25.086 INFO  ProgressMeter -        chr1:54326034              1.0              15691000       15670367.3
14:57:35.092 INFO  ProgressMeter -        chr1:86884287              1.2              20457000       17513055.4
14:57:45.095 INFO  ProgressMeter -       chr1:109322133              1.3              24513000       18364549.0
14:57:55.108 INFO  ProgressMeter -       chr1:117501859              1.5              26605000       17716587.9
14:58:05.108 INFO  ProgressMeter -       chr1:150386755              1.7              29964000       17960080.7
14:58:15.132 INFO  ProgressMeter -       chr1:161073023              1.8              32916000       17933639.6
14:58:25.170 INFO  ProgressMeter -       chr1:176486213              2.0              36490000       18220099.2
14:58:35.181 INFO  ProgressMeter -       chr1:176603850              2.2              36605000       16871903.2
14:58:45.217 INFO  ProgressMeter -       chr1:176737396              2.3              36732000       15718707.7
14:58:55.223 INFO  ProgressMeter -       chr1:180162464              2.5              37673000       15047531.6
14:59:05.225 INFO  ProgressMeter -       chr1:202737223              2.7              41037000       15367936.2
14:59:15.225 INFO  ProgressMeter -       chr1:210399668              2.8              43124000       15200653.3
14:59:25.236 INFO  ProgressMeter -       chr1:236029162              3.0              48113000       16017289.1
14:59:35.241 INFO  ProgressMeter -        chr2:20179051              3.2              52648000       16605146.3
14:59:45.241 INFO  ProgressMeter -        chr2:31245677              3.3              55430000       16609483.9
14:59:55.244 INFO  ProgressMeter -        chr2:36418267              3.5              56543000       16136854.4
15:00:05.324 INFO  ProgressMeter -        chr2:36534660              3.7              56658000       15429948.7
15:00:15.400 INFO  ProgressMeter -        chr2:46342103              3.8              59306000       15444673.0
15:00:25.400 INFO  ProgressMeter -        chr2:61113823              4.0              61458000       15339318.0
15:00:35.401 INFO  ProgressMeter -        chr2:72329583              4.2              64581000       15475051.3
15:00:45.400 INFO  ProgressMeter -       chr2:100862226              4.3              69247000       15955897.6
15:00:55.401 INFO  ProgressMeter -       chr2:134187779              4.5              74442000       16518500.7
15:01:05.406 INFO  ProgressMeter -       chr2:160468937              4.7              78584000       16815406.6
15:01:15.407 INFO  ProgressMeter -       chr2:174569838              4.8              81184000       16773496.0
15:01:25.474 INFO  ProgressMeter -       chr2:187554379              5.0              83174000       16608890.1
15:01:35.474 INFO  ProgressMeter -       chr2:206155082              5.2              87135000       16839416.6
15:01:45.570 INFO  ProgressMeter -       chr2:215407610              5.3              88357000       16537841.2
15:01:55.569 INFO  ProgressMeter -       chr2:219383660              5.5              89555000       16254995.3
15:02:05.672 INFO  ProgressMeter -       chr2:232382692              5.7              91988000       16201440.7
15:02:15.709 INFO  ProgressMeter -       chr2:232670902              5.8              92106000       15757949.0
15:02:25.711 INFO  ProgressMeter -        chr3:12755017              6.0              97136000       16157736.0
15:02:35.739 INFO  ProgressMeter -        chr3:15742131              6.2              98236000       15898665.6
15:02:45.739 INFO  ProgressMeter -        chr3:38001822              6.3             102510000       16154628.0
15:02:55.740 INFO  ProgressMeter -        chr3:49498908              6.5             106033000       16282125.4
15:03:05.742 INFO  ProgressMeter -        chr3:67576996              6.7             110217000       16502186.0
15:03:15.745 INFO  ProgressMeter -        chr3:98516266              6.8             112801000       16477763.3
15:03:25.745 INFO  ProgressMeter -       chr3:119037429              7.0             116514000       16615621.6
15:03:35.755 INFO  ProgressMeter -       chr3:128767428              7.2             119524000       16648806.3
15:03:45.757 INFO  ProgressMeter -       chr3:149548479              7.3             123795000       16852372.4
15:03:55.775 INFO  ProgressMeter -       chr3:172307492              7.5             127297000       16944015.5
15:04:05.774 INFO  ProgressMeter -       chr3:194010028              7.7             131191000       17083347.8
15:04:15.775 INFO  ProgressMeter -        chr4:10452958              7.8             135629000       17286094.2
15:04:25.777 INFO  ProgressMeter -        chr4:41156803              8.0             139925000       17462612.1
15:04:35.780 INFO  ProgressMeter -        chr4:62028047              8.2             142822000       17460827.2
15:04:45.788 INFO  ProgressMeter -        chr4:86990127              8.3             146228000       17519993.8
15:04:55.789 INFO  ProgressMeter -        chr4:94921429              8.5             147701000       17349984.9
15:05:05.788 INFO  ProgressMeter -       chr4:141637095              8.7             153158000       17645540.7
15:05:15.788 INFO  ProgressMeter -       chr4:184639477              8.8             158778000       17948385.6
15:05:25.789 INFO  ProgressMeter -        chr5:34823085              9.0             163593000       18150715.1
15:05:35.789 INFO  ProgressMeter -        chr5:55108253              9.2             166564000       18144819.5
15:05:45.788 INFO  ProgressMeter -        chr5:75526987              9.3             171181000       18315245.5
15:05:55.836 INFO  ProgressMeter -        chr5:87298900              9.5             173691000       18256678.9
15:06:05.849 INFO  ProgressMeter -        chr5:95787120              9.7             174989000       18076037.8
15:06:15.849 INFO  ProgressMeter -       chr5:108209502              9.8             177167000       17991276.9
15:06:25.878 INFO  ProgressMeter -       chr5:128351351             10.0             180381000       18011952.6
15:06:35.878 INFO  ProgressMeter -       chr5:135350797             10.2             182318000       17907348.7
15:06:45.882 INFO  ProgressMeter -       chr5:142921374             10.3             184784000       17857092.2
15:06:55.890 INFO  ProgressMeter -       chr5:154816642             10.5             187432000       17825682.4
15:07:05.898 INFO  ProgressMeter -       chr5:179832568             10.7             191098000       17890502.6
15:07:15.901 INFO  ProgressMeter -        chr6:13182587             10.8             194528000       17931740.1
15:07:25.903 INFO  ProgressMeter -        chr6:36535426             11.0             199296000       18093227.8
15:07:35.907 INFO  ProgressMeter -        chr6:53922426             11.2             202785000       18135462.6
15:07:46.000 INFO  ProgressMeter -        chr6:87091893             11.3             206119000       18160451.0
15:07:56.050 INFO  ProgressMeter -       chr6:113860457             11.5             210352000       18263844.3
15:08:06.050 INFO  ProgressMeter -       chr6:140237608             11.7             214678000       18373568.6
15:08:16.055 INFO  ProgressMeter -       chr6:157925462             11.9             218932000       18474001.1
15:08:26.055 INFO  ProgressMeter -         chr7:2820938             12.0             222246000       18493555.9
15:08:36.055 INFO  ProgressMeter -        chr7:16756587             12.2             225477000       18505763.6
15:08:46.055 INFO  ProgressMeter -        chr7:33926690             12.4             229450000       18577718.9
15:08:56.055 INFO  ProgressMeter -        chr7:50307304             12.5             232795000       18597588.2
15:09:06.056 INFO  ProgressMeter -        chr7:71556479             12.7             235549000       18570341.7
15:09:16.057 INFO  ProgressMeter -        chr7:92290553             12.9             239226000       18615602.1
15:09:26.059 INFO  ProgressMeter -       chr7:101857859             13.0             241747000       18570876.2
15:09:36.063 INFO  ProgressMeter -       chr7:127784095             13.2             246407000       18689473.3
15:09:46.069 INFO  ProgressMeter -       chr7:135929238             13.4             249365000       18677580.5
15:09:56.081 INFO  ProgressMeter -       chr7:155302774             13.5             253438000       18748303.2
15:10:06.096 INFO  ProgressMeter -        chr8:15704372             13.7             255887000       18698583.6
15:10:16.100 INFO  ProgressMeter -        chr8:26412545             13.9             258449000       18658467.0
15:10:26.103 INFO  ProgressMeter -        chr8:55928681             14.0             262275000       18709494.9
15:10:36.106 INFO  ProgressMeter -        chr8:94733694             14.2             266834000       18811019.6
15:10:46.105 INFO  ProgressMeter -       chr8:109254838             14.4             270063000       18817557.6
15:10:56.105 INFO  ProgressMeter -       chr8:139787964             14.5             273980000       18871333.8
15:11:08.661 INFO  ProgressMeter -         chr9:9442159             14.7             278163000       18887212.8
15:11:18.661 INFO  ProgressMeter -        chr9:37846949             14.9             282119000       18941470.7
15:11:28.661 INFO  ProgressMeter -        chr9:87210416             15.1             286941000       19052027.6
15:11:38.668 INFO  ProgressMeter -       chr9:100066758             15.2             290346000       19066963.5
15:11:48.669 INFO  ProgressMeter -       chr9:110415052             15.4             291976000       18966397.9
15:11:58.672 INFO  ProgressMeter -       chr9:110519619             15.6             292072000       18769367.2
15:12:08.962 INFO  ProgressMeter -       chr9:116159248             15.7             293747000       18671230.4
15:12:19.048 INFO  ProgressMeter -       chr9:116189248             15.9             293777000       18475727.5
15:12:29.140 INFO  ProgressMeter -       chr9:116215256             16.1             293803000       18283971.2
15:12:39.385 INFO  ProgressMeter -       chr9:116239258             16.2             293827000       18093204.1
15:12:49.737 INFO  ProgressMeter -       chr9:116270302             16.4             293858000       17904887.6
15:12:59.985 INFO  ProgressMeter -       chr9:116300395             16.6             293888000       17722263.5
15:13:10.118 INFO  ProgressMeter -       chr9:116326395             16.8             293914000       17545149.2
15:13:20.258 INFO  ProgressMeter -       chr9:116352395             16.9             293940000       17371467.7
15:13:30.553 INFO  ProgressMeter -       chr9:116375395             17.1             293963000       17198412.2
15:13:41.294 INFO  ProgressMeter -       chr9:116397395             17.3             293985000       17021426.5
15:13:51.295 INFO  ProgressMeter -       chr9:125573830             17.4             296308000       16991956.3
15:14:01.294 INFO  ProgressMeter -       chr9:131902867             17.6             298799000       16972587.0
15:14:11.294 INFO  ProgressMeter -       chr10:14747501             17.8             303800000       17094818.7
15:14:21.294 INFO  ProgressMeter -       chr10:32901021             17.9             307559000       17145541.0
15:14:31.304 INFO  ProgressMeter -       chr10:60872645             18.1             311245000       17191154.9
15:14:41.304 INFO  ProgressMeter -       chr10:74254053             18.3             313994000       17184780.1
15:14:51.310 INFO  ProgressMeter -       chr10:95238007             18.4             318109000       17252542.9
15:15:01.323 INFO  ProgressMeter -      chr10:110884315             18.6             321719000       17291824.2
15:15:11.325 INFO  ProgressMeter -      chr10:123162668             18.8             324382000       17280128.7
15:15:21.667 INFO  ProgressMeter -      chr10:126050154             18.9             325224000       17167334.9
15:15:31.828 INFO  ProgressMeter -      chr10:126083901             19.1             325257000       17016956.4
15:15:42.108 INFO  ProgressMeter -      chr10:126110967             19.3             325284000       16867173.3
15:15:52.429 INFO  ProgressMeter -      chr10:126141634             19.5             325314000       16719595.2
15:16:02.576 INFO  ProgressMeter -      chr10:126169854             19.6             325342000       16576950.8
15:16:12.902 INFO  ProgressMeter -      chr10:126196854             19.8             325369000       16434230.3
15:16:22.967 INFO  ProgressMeter -      chr10:126222931             20.0             325395000       16297442.1
15:16:33.053 INFO  ProgressMeter -      chr10:126248966             20.1             325421000       16162665.9
15:16:43.270 INFO  ProgressMeter -      chr10:126274967             20.3             325447000       16028397.8
15:16:53.292 INFO  ProgressMeter -      chr10:126300967             20.5             325473000       15898886.7
15:17:03.481 INFO  ProgressMeter -      chr10:126326967             20.6             325499000       15769345.4
15:17:13.580 INFO  ProgressMeter -      chr10:126366033             20.8             325538000       15643682.8
15:17:23.580 INFO  ProgressMeter -        chr11:1983565             21.0             327451000       15610572.0
15:17:33.589 INFO  ProgressMeter -       chr11:10809783             21.1             330096000       15612506.2
15:17:43.647 INFO  ProgressMeter -       chr11:33720290             21.3             333903000       15668338.5
15:17:53.648 INFO  ProgressMeter -       chr11:57778381             21.5             336758000       15679681.2
15:18:03.653 INFO  ProgressMeter -       chr11:63751484             21.6             338171000       15624165.5
15:18:13.654 INFO  ProgressMeter -       chr11:71161657             21.8             341278000       15647202.3
15:18:23.664 INFO  ProgressMeter -       chr11:86052079             22.0             345123000       15703374.2
15:18:33.672 INFO  ProgressMeter -      chr11:110443987             22.1             349147000       15766818.6
15:18:43.672 INFO  ProgressMeter -      chr11:129067821             22.3             353352000       15837509.8
15:18:53.672 INFO  ProgressMeter -       chr12:10162386             22.5             357082000       15886020.6
15:19:03.676 INFO  ProgressMeter -       chr12:45301884             22.6             362566000       16011216.9
15:19:13.702 INFO  ProgressMeter -       chr12:53461631             22.8             365316000       16014483.9
15:19:23.704 INFO  ProgressMeter -       chr12:66734448             23.0             368159000       16022029.5
15:19:33.728 INFO  ProgressMeter -       chr12:91174716             23.1             371438000       16048049.9
15:19:43.730 INFO  ProgressMeter -      chr12:110435828             23.3             375590000       16111398.7
15:19:53.737 INFO  ProgressMeter -      chr12:123590823             23.5             379087000       16145893.0
15:20:03.759 INFO  ProgressMeter -       chr13:28379322             23.6             382620000       16181252.1
15:20:13.759 INFO  ProgressMeter -       chr13:32216787             23.8             383165000       16090884.8
15:20:23.759 INFO  ProgressMeter -       chr13:48261864             24.0             386840000       16132303.5
15:20:33.764 INFO  ProgressMeter -       chr13:97344377             24.1             390850000       16186979.6
15:20:43.799 INFO  ProgressMeter -      chr13:110393265             24.3             392776000       16154845.9
15:20:53.800 INFO  ProgressMeter -       chr14:30634443             24.5             395578000       16159298.0
15:21:04.780 INFO  ProgressMeter -       chr14:49549813             24.7             397586000       16120813.0
15:21:15.145 INFO  ProgressMeter -       chr14:49573561             24.8             397593000       16008962.9
15:21:28.551 INFO  ProgressMeter -       chr14:49591701             25.1             397605000       15866701.7
15:21:38.590 INFO  ProgressMeter -       chr14:49627072             25.2             397620000       15762058.8
15:21:48.759 INFO  ProgressMeter -       chr14:49692426             25.4             397639000       15657616.4
15:21:59.994 INFO  ProgressMeter -       chr14:49767532             25.6             397657000       15543727.7
15:22:10.116 INFO  ProgressMeter -       chr14:49830202             25.8             397704000       15443726.0
15:22:22.338 INFO  ProgressMeter -       chr14:49856343             26.0             397720000       15323129.6
15:22:33.382 INFO  ProgressMeter -       chr14:49861410             26.1             397722000       15215305.5
15:22:44.693 INFO  ProgressMeter -       chr14:49864297             26.3             397724000       15106445.2
15:22:57.191 INFO  ProgressMeter -       chr14:49888000             26.5             397727000       14987969.4
15:23:08.403 INFO  ProgressMeter -       chr14:49935353             26.7             397737000       14883537.9
15:23:18.403 INFO  ProgressMeter -       chr14:64119825             26.9             401430000       14928625.8
15:23:28.428 INFO  ProgressMeter -       chr14:75153761             27.1             405133000       14973297.1
15:23:38.428 INFO  ProgressMeter -       chr14:96933254             27.2             409140000       15028816.8
15:23:48.431 INFO  ProgressMeter -       chr15:39582701             27.4             414276000       15124852.1
15:23:58.431 INFO  ProgressMeter -       chr15:50444109             27.6             417280000       15142386.3
15:24:08.705 INFO  ProgressMeter -       chr15:51234701             27.7             417668000       15062868.9
15:24:18.971 INFO  ProgressMeter -       chr15:51263792             27.9             417697000       14971531.7
15:24:29.261 INFO  ProgressMeter -       chr15:51291792             28.1             417725000       14881069.0
15:24:39.396 INFO  ProgressMeter -       chr15:51318792             28.2             417752000       14793013.9
15:24:49.395 INFO  ProgressMeter -       chr15:56742810             28.4             418815000       14743641.3
15:24:59.396 INFO  ProgressMeter -       chr15:66728958             28.6             422079000       14771866.4
15:25:09.396 INFO  ProgressMeter -       chr15:76631785             28.7             425395000       14801582.0
15:25:19.398 INFO  ProgressMeter -       chr15:98779317             28.9             429657000       14863664.0
15:25:29.402 INFO  ProgressMeter -       chr16:12706740             29.1             434415000       14942085.9
15:25:39.412 INFO  ProgressMeter -       chr16:31188729             29.2             438852000       15008567.0
15:25:49.412 INFO  ProgressMeter -       chr16:67070348             29.4             442141000       15035349.0
15:25:59.413 INFO  ProgressMeter -       chr16:81589765             29.6             446357000       15093174.8
15:26:09.430 INFO  ProgressMeter -        chr17:1771233             29.7             449498000       15114053.6
15:26:19.432 INFO  ProgressMeter -       chr17:18805311             29.9             454056000       15182222.7
15:26:29.432 INFO  ProgressMeter -       chr17:37568306             30.1             457771000       15221605.1
15:26:39.432 INFO  ProgressMeter -       chr17:45093093             30.2             460445000       15226137.6
15:26:49.434 INFO  ProgressMeter -       chr17:61943203             30.4             464592000       15279046.4
15:27:17.559 INFO  ProgressMeter -       chr17:63873377             30.9             465279000       15069342.2
15:27:56.834 INFO  ProgressMeter -       chr17:63877688             31.5             465281000       14756552.9
15:28:14.509 INFO  ProgressMeter -       chr17:63879697             31.8             465282000       14619992.7
15:28:26.508 INFO  ProgressMeter -       chr17:63880798             32.0             465283000       14528735.6
15:28:39.839 INFO  ProgressMeter -       chr17:63881798             32.2             465284000       14428656.1
15:28:49.908 INFO  ProgressMeter -       chr17:63882798             32.4             465285000       14353988.0
15:29:02.744 INFO  ProgressMeter -       chr17:63884104             32.6             465286000       14259913.4
15:29:17.025 INFO  ProgressMeter -       chr17:63885575             32.9             465287000       14156668.9
15:29:34.918 INFO  ProgressMeter -       chr17:63887400             33.2             465288000       14029404.3
15:29:45.090 INFO  ProgressMeter -       chr17:63888447             33.3             465289000       13958090.7
15:29:55.135 INFO  ProgressMeter -       chr17:63889447             33.5             465290000       13888362.4
15:30:22.208 INFO  ProgressMeter -       chr17:63892221             34.0             465291000       13703825.1
15:30:36.644 INFO  ProgressMeter -       chr17:63893712             34.2             465292000       13607429.8
15:30:47.519 INFO  ProgressMeter -       chr17:63894821             34.4             465293000       13535711.0
15:31:33.222 INFO  ProgressMeter -       chr17:63895821             35.1             465294000       13242305.3
15:31:54.179 INFO  ProgressMeter -       chr17:63896821             35.5             465295000       13111992.3
15:32:06.549 INFO  ProgressMeter -       chr17:63900665             35.7             465297000       13036310.7
15:32:17.330 INFO  ProgressMeter -       chr17:63903973             35.9             465299000       12971067.6
15:32:30.559 INFO  ProgressMeter -       chr17:63908143             36.1             465301000       12891884.9
15:32:40.993 INFO  ProgressMeter -       chr17:63912532             36.3             465305000       12830183.7
15:32:50.994 INFO  ProgressMeter -       chr17:65890185             36.4             465919000       12788337.7
15:33:01.025 INFO  ProgressMeter -       chr17:78869004             36.6             469173000       12818823.5
15:33:11.025 INFO  ProgressMeter -       chr17:82872615             36.8             470801000       12804994.0
15:33:21.025 INFO  ProgressMeter -       chr18:22974266             36.9             474545000       12848581.2
15:33:31.026 INFO  ProgressMeter -       chr18:62150375             37.1             480012000       12938212.6
15:33:41.031 INFO  ProgressMeter -        chr19:3976601             37.3             483997000       12987251.9
15:33:51.035 INFO  ProgressMeter -       chr19:10573936             37.4             486420000       12994139.0
15:34:01.074 INFO  ProgressMeter -       chr19:18389941             37.6             489304000       13013012.0
15:34:11.074 INFO  ProgressMeter -       chr19:40725267             37.8             494249000       13086518.1
15:34:21.169 INFO  ProgressMeter -       chr19:42736251             37.9             494908000       13045849.5
15:34:31.827 INFO  ProgressMeter -       chr19:42752409             38.1             494915000       12985231.5
15:34:42.247 INFO  ProgressMeter -       chr19:42770966             38.3             494932000       12926776.1
15:34:52.251 INFO  ProgressMeter -       chr19:42797630             38.5             494951000       12871220.9
15:35:02.797 INFO  ProgressMeter -       chr19:42826942             38.6             494976000       12813303.7
15:35:12.937 INFO  ProgressMeter -       chr19:42849505             38.8             494997000       12758032.8
15:35:23.410 INFO  ProgressMeter -       chr19:42862185             39.0             495009000       12701201.3
15:35:33.827 INFO  ProgressMeter -       chr19:42869587             39.1             495016000       12645055.8
15:35:45.218 INFO  ProgressMeter -       chr19:42877587             39.3             495024000       12584225.5
15:35:55.667 INFO  ProgressMeter -       chr19:42886077             39.5             495031000       12528941.3
15:36:05.798 INFO  ProgressMeter -       chr19:42895296             39.7             495038000       12475803.2
15:36:17.042 INFO  ProgressMeter -       chr19:42905031             39.9             495047000       12417380.0
15:36:27.691 INFO  ProgressMeter -       chr19:42912031             40.0             495054000       12362519.4
15:36:39.027 INFO  ProgressMeter -       chr19:42921361             40.2             495062000       12304665.1
15:36:49.336 INFO  ProgressMeter -       chr19:42929243             40.4             495069000       12252515.1
15:36:59.817 INFO  ProgressMeter -       chr19:42937559             40.6             495077000       12199969.5
15:37:09.951 INFO  ProgressMeter -       chr19:42947474             40.7             495082000       12149524.8
15:37:20.333 INFO  ProgressMeter -       chr19:42958099             40.9             495087000       12098274.5
15:37:33.163 INFO  ProgressMeter -       chr19:42971324             41.1             495092000       12035511.5
15:37:43.305 INFO  ProgressMeter -       chr19:42981878             41.3             495095000       11986330.9
15:37:54.658 INFO  ProgressMeter -       chr19:42993687             41.5             495101000       11931816.9
15:38:05.816 INFO  ProgressMeter -       chr19:43005252             41.7             495109000       11878767.3
15:38:16.290 INFO  ProgressMeter -       chr19:43014334             41.9             495118000       11829438.6
15:38:26.746 INFO  ProgressMeter -       chr19:43023334             42.0             495127000       11780603.9
15:38:37.160 INFO  ProgressMeter -       chr19:43036510             42.2             495138000       11732419.0
15:38:48.445 INFO  ProgressMeter -       chr19:43052325             42.4             495149000       11680618.2
15:38:59.174 INFO  ProgressMeter -       chr19:43065987             42.6             495162000       11631858.2
15:39:09.183 INFO  ProgressMeter -       chr19:43074987             42.7             495171000       11586665.0
15:39:20.430 INFO  ProgressMeter -       chr19:43083598             42.9             495179000       11536251.9
15:39:32.367 INFO  ProgressMeter -       chr19:43097934             43.1             495183000       11483121.2
15:39:43.156 INFO  ProgressMeter -       chr19:43113718             43.3             495188000       11435556.6
15:39:56.339 INFO  ProgressMeter -       chr19:43132985             43.5             495193000       11377936.1
15:40:07.446 INFO  ProgressMeter -       chr19:43149084             43.7             495199000       11329883.6
15:40:17.655 INFO  ProgressMeter -       chr19:43163875             43.9             495206000       11286107.6
15:40:28.334 INFO  ProgressMeter -       chr19:43176373             44.1             495218000       11240788.6
15:40:38.752 INFO  ProgressMeter -       chr19:43185373             44.2             495227000       11196859.1
15:40:50.105 INFO  ProgressMeter -       chr19:43195005             44.4             495236000       11149364.4
15:41:00.185 INFO  ProgressMeter -       chr19:43206100             44.6             495247000       11107600.7
15:41:10.275 INFO  ProgressMeter -       chr19:43234601             44.8             495265000       11066265.6
15:41:21.303 INFO  ProgressMeter -       chr19:43259421             44.9             495284000       11021426.8
15:41:31.306 INFO  ProgressMeter -       chr19:49019740             45.1             497345000       11026382.9
15:41:41.308 INFO  ProgressMeter -        chr20:2959975             45.3             501603000       11079835.7
15:41:51.308 INFO  ProgressMeter -       chr20:18171965             45.4             504168000       11095645.3
15:42:01.315 INFO  ProgressMeter -       chr20:36548292             45.6             507853000       11135869.5
15:42:11.319 INFO  ProgressMeter -       chr20:44615091             45.8             509575000       11132926.2
15:42:21.322 INFO  ProgressMeter -        chr21:6485833             45.9             513882000       11186279.1
15:42:32.396 INFO  ProgressMeter -        chr21:8213838             46.1             514050000       11145162.5
15:42:43.467 INFO  ProgressMeter -        chr21:8222070             46.3             514058000       11100926.4
15:42:58.520 INFO  ProgressMeter -        chr21:8234266             46.6             514061000       11041172.9
15:43:13.532 INFO  ProgressMeter -        chr21:8246499             46.8             514063000       10982194.9
15:43:23.668 INFO  ProgressMeter -        chr21:8252851             47.0             514068000       10942809.0
15:43:34.239 INFO  ProgressMeter -        chr21:8393047             47.2             514087000       10902325.8
15:43:44.630 INFO  ProgressMeter -        chr21:8398097             47.3             514092000       10862536.7
15:43:55.026 INFO  ProgressMeter -        chr21:8403327             47.5             514097000       10823018.8
15:44:06.018 INFO  ProgressMeter -        chr21:8408983             47.7             514100000       10781499.7
15:44:23.096 INFO  ProgressMeter -        chr21:8417783             48.0             514102000       10717566.2
15:44:35.363 INFO  ProgressMeter -        chr21:8424128             48.2             514103000       10672104.1
15:44:47.692 INFO  ProgressMeter -        chr21:8430513             48.4             514104000       10626791.9
15:44:59.263 INFO  ProgressMeter -        chr21:8435271             48.6             514108000       10584680.8
15:45:09.265 INFO  ProgressMeter -       chr21:17797478             48.7             514930000       10565343.2
15:45:19.267 INFO  ProgressMeter -       chr21:37497372             48.9             518553000       10603412.6
15:45:29.271 INFO  ProgressMeter -       chr22:17727968             49.1             521700000       10631515.8
15:45:39.382 INFO  ProgressMeter -       chr22:32804659             49.2             526219000       10686906.5
15:45:49.384 INFO  ProgressMeter -       chr22:35310826             49.4             526481000       10656151.1
15:45:59.386 INFO  ProgressMeter -       chr22:42892969             49.6             529313000       10677449.0
15:46:09.610 INFO  ProgressMeter -       chr22:45554348             49.7             529932000       10653312.8
15:46:19.617 INFO  ProgressMeter -         chrX:7148820             49.9             532470000       10668564.3
15:46:29.622 INFO  ProgressMeter -        chrX:19584498             50.1             534741000       10678389.5
15:46:39.622 INFO  ProgressMeter -        chrX:48647454             50.2             537746000       10702776.1
15:46:49.625 INFO  ProgressMeter -        chrX:97070607             50.4             542645000       10764562.4
15:46:59.632 INFO  ProgressMeter -       chrX:124058888             50.6             546187000       10799096.8
15:47:09.756 INFO  ProgressMeter -       chrX:133602997             50.7             547214000       10783427.2
15:47:19.815 INFO  ProgressMeter -       chrX:133719707             50.9             547287000       10749352.9
15:47:29.826 INFO  ProgressMeter -       chrX:133825543             51.1             547361000       10715689.7
15:47:39.844 INFO  ProgressMeter -       chrX:133928877             51.2             547456000       10682631.1
15:47:49.850 INFO  ProgressMeter -       chrX:150852361             51.4             549152000       10680971.4
15:48:00.463 INFO  ProgressMeter -           chrM:11286             51.6             550302000       10666638.2
15:48:11.687 INFO  ProgressMeter -    GL000220.1:112229             51.8             550822000       10638144.1
15:48:21.909 INFO  ProgressMeter -    GL000220.1:120611             51.9             550830000       10603409.9
15:48:35.630 INFO  ProgressMeter -    GL000220.1:132257             52.2             550833000       10556994.4
15:48:46.729 INFO  ProgressMeter -    GL000220.1:141764             52.4             550834000       10519721.4
15:48:58.030 INFO  ProgressMeter -    GL000220.1:150784             52.6             550838000       10482092.9
15:49:08.032 INFO  ProgressMeter -     KQ090021.1:33647             52.7             553517000       10499761.9
15:49:18.033 INFO  ProgressMeter -   KI270905.1:3236844             52.9             558157000       10554407.5
15:49:28.033 INFO  ProgressMeter -     KI270872.1:73934             53.1             563445000       10620927.8
15:49:38.033 INFO  ProgressMeter -   GL000256.2:1459434             53.2             569329000       10698230.9
15:49:48.838 INFO  ProgressMeter -    KI270733.1:129315             53.4             570955000       10692605.2
15:49:59.858 INFO  ProgressMeter -    KI270733.1:135319             53.6             570961000       10656061.3
15:50:23.904 INFO  ProgressMeter -    KI270733.1:148209             54.0             570965000       10577023.4
15:50:45.018 INFO  ProgressMeter -    KI270733.1:159196             54.3             570966000       10508541.2
15:50:59.015 INFO  ProgressMeter -    KI270733.1:166473             54.6             570968000       10463648.7
15:51:09.315 INFO  ProgressMeter -    KI270733.1:171474             54.7             570973000       10430924.7
15:51:15.990 INFO  ASEReadCounter - 0 read(s) filtered by: ValidAlignmentStartReadFilter 
0 read(s) filtered by: ValidAlignmentEndReadFilter 
0 read(s) filtered by: HasReadGroupReadFilter 
0 read(s) filtered by: MatchingBasesAndQualsReadFilter 
0 read(s) filtered by: SeqIsStoredReadFilter 
29938402 read(s) filtered by: NotDuplicateReadFilter 
30074777 read(s) filtered by: NotSecondaryAlignmentReadFilter 
2571633 read(s) filtered by: MappedReadFilter 
62584812 total reads filtered out of 135046121 reads processed
15:51:15.990 INFO  ProgressMeter -      KI270755.1:2273             54.8             571257654       10414957.7
15:51:15.990 INFO  ProgressMeter - Traversal complete. Processed 571257654 total loci in 54.8 minutes.
15:51:15.991 INFO  ASEReadCounter - Shutting down engine
[November 25, 2025 at 3:51:15 PM GMT] org.broadinstitute.hellbender.tools.walkers.rnaseq.ASEReadCounter done. Elapsed time: 54.86 minutes.
Runtime.totalMemory()=3388997632
Using GATK jar /gatk/gatk-package-4.6.0.0-local.jar
Running:
    java -Dsamjdk.use_async_io_read_samtools=false -Dsamjdk.use_async_io_write_samtools=true -Dsamjdk.use_async_io_write_tribble=false -Dsamjdk.compression_level=2 -jar /gatk/gatk-package-4.6.0.0-local.jar ASEReadCounter -R /data/Wilson_Lab/references/GENCODE/GRCh38.p12.genome.XXonly/GRCh38.p12.genome.XXonly.fa --output /data/Wilson_Lab/projects/placentas_VW_ASE/asereadcounter/HISAT_allQs/Q3/chr8/HDP09_quadrant3_Sample_19_020_173_chr8_females.tsv --input /data/Wilson_Lab/projects/placenta_multiomics/valleywise_3samples/processed_bams_HG38/rna/HDP09_quadrant3_Sample_19_020_173_HISAT_pair_trim_sort_mkdup_rdgrp_XX.bam --variant /data/Wilson_Lab/projects/placenta_multiomics/valleywise_pilot/vqsr/chr8.gatk.called.vqsr.sv.biallelic.snp.Plac_HDP09.het.vcf --min-depth-of-non-filtered-base 1 --min-mapping-quality 10 --min-base-quality 10
