[-] Unloading singularity  4.2.2  on cn4286 
[-] Unloading GATK  4.6.0.0 
[+] Loading singularity  4.2.2  on cn4286 
[+] Loading GATK  4.6.0.0 

GATK is installed as a container.


14:58:32.585 INFO  NativeLibraryLoader - Loading libgkl_compression.so from jar:file:/gatk/gatk-package-4.6.0.0-local.jar!/com/intel/gkl/native/libgkl_compression.so
14:58:32.778 INFO  ASEReadCounter - ------------------------------------------------------------
14:58:32.782 INFO  ASEReadCounter - The Genome Analysis Toolkit (GATK) v4.6.0.0
14:58:32.783 INFO  ASEReadCounter - For support and documentation go to https://software.broadinstitute.org/gatk/
14:58:32.783 INFO  ASEReadCounter - Executing as sheffermannm@cn4286 on Linux v4.18.0-425.19.3a.el8.x86_64 amd64
14:58:32.783 INFO  ASEReadCounter - Java runtime: OpenJDK 64-Bit Server VM v17.0.9+9-Ubuntu-122.04
14:58:32.783 INFO  ASEReadCounter - Start Date/Time: November 25, 2025 at 2:58:32 PM GMT
14:58:32.783 INFO  ASEReadCounter - ------------------------------------------------------------
14:58:32.783 INFO  ASEReadCounter - ------------------------------------------------------------
14:58:32.784 INFO  ASEReadCounter - HTSJDK Version: 4.1.1
14:58:32.784 INFO  ASEReadCounter - Picard Version: 3.2.0
14:58:32.784 INFO  ASEReadCounter - Built for Spark Version: 3.5.0
14:58:32.784 INFO  ASEReadCounter - HTSJDK Defaults.COMPRESSION_LEVEL : 2
14:58:32.785 INFO  ASEReadCounter - HTSJDK Defaults.USE_ASYNC_IO_READ_FOR_SAMTOOLS : false
14:58:32.785 INFO  ASEReadCounter - HTSJDK Defaults.USE_ASYNC_IO_WRITE_FOR_SAMTOOLS : true
14:58:32.785 INFO  ASEReadCounter - HTSJDK Defaults.USE_ASYNC_IO_WRITE_FOR_TRIBBLE : false
14:58:32.785 INFO  ASEReadCounter - Deflater: IntelDeflater
14:58:32.785 INFO  ASEReadCounter - Inflater: IntelInflater
14:58:32.785 INFO  ASEReadCounter - GCS max retries/reopens: 20
14:58:32.785 INFO  ASEReadCounter - Requester pays: disabled
14:58:32.786 INFO  ASEReadCounter - Initializing engine
14:58:33.036 INFO  FeatureManager - Using codec VCFCodec to read file file:///data/Wilson_Lab/projects/placenta_multiomics/valleywise_pilot/vqsr/chrX.gatk.called.vqsr.sv.biallelic.snp.Plac_HDP08.het.vcf
14:58:33.092 INFO  ASEReadCounter - Done initializing engine
14:58:33.107 INFO  ProgressMeter - Starting traversal
14:58:33.108 INFO  ProgressMeter -        Current Locus  Elapsed Minutes        Loci Processed      Loci/Minute
14:58:43.113 INFO  ProgressMeter -         chr1:6328424              0.2               1621000        9723083.1
14:58:53.113 INFO  ProgressMeter -        chr1:18877134              0.3               5187000       15557888.4
14:59:03.131 INFO  ProgressMeter -        chr1:24801364              0.5               7366000       14721204.5
14:59:13.132 INFO  ProgressMeter -        chr1:27433236              0.7               8525000       12779832.1
14:59:23.133 INFO  ProgressMeter -        chr1:36397163              0.8              11422000       13699824.1
14:59:33.154 INFO  ProgressMeter -        chr1:42953254              1.0              13429000       13418712.3
14:59:43.158 INFO  ProgressMeter -        chr1:51801711              1.2              15963000       13672805.1
14:59:53.159 INFO  ProgressMeter -        chr1:66338927              1.3              19554000       14656156.7
15:00:03.167 INFO  ProgressMeter -        chr1:91799406              1.5              23128000       15408736.6
15:00:13.182 INFO  ProgressMeter -       chr1:110372182              1.7              26764000       16046685.9
15:00:23.201 INFO  ProgressMeter -       chr1:117470619              1.8              28527000       15547037.5
15:00:33.258 INFO  ProgressMeter -       chr1:148571836              2.0              31390000       15675536.2
15:00:43.267 INFO  ProgressMeter -       chr1:154968669              2.2              33704000       15536689.7
15:00:53.268 INFO  ProgressMeter -       chr1:165653432              2.3              36546000       15644691.8
15:01:03.352 INFO  ProgressMeter -       chr1:176484318              2.5              39358000       15717737.3
15:01:13.442 INFO  ProgressMeter -       chr1:176545798              2.7              39419000       14751331.6
15:01:23.475 INFO  ProgressMeter -       chr1:176632948              2.8              39506000       13913257.8
15:01:33.488 INFO  ProgressMeter -       chr1:176719594              3.0              39592000       13169531.0
15:01:43.552 INFO  ProgressMeter -       chr1:176813654              3.2              39685000       12502953.6
15:01:53.560 INFO  ProgressMeter -       chr1:182391912              3.3              41124000       12309442.2
15:02:03.560 INFO  ProgressMeter -       chr1:201962896              3.5              43890000       12513067.1
15:02:13.574 INFO  ProgressMeter -       chr1:207348852              3.7              45720000       12442734.9
15:02:23.575 INFO  ProgressMeter -       chr1:224185620              3.8              48639000       12662723.9
15:02:33.576 INFO  ProgressMeter -       chr1:242263622              4.0              52357000       13063775.6
15:02:43.592 INFO  ProgressMeter -        chr2:20036282              4.2              56658000       13571645.3
15:02:53.596 INFO  ProgressMeter -        chr2:28394409              4.3              59149000       13624197.7
15:03:03.638 INFO  ProgressMeter -        chr2:36389194              4.5              60809000       13486637.3
15:03:13.647 INFO  ProgressMeter -        chr2:36519679              4.7              60939000       13033268.1
15:03:23.739 INFO  ProgressMeter -        chr2:46308152              4.8              63668000       13144135.2
15:03:33.738 INFO  ProgressMeter -        chr2:46926450              5.0              64096000       12792336.1
15:03:43.738 INFO  ProgressMeter -        chr2:63845274              5.2              66879000       12918069.7
15:03:53.742 INFO  ProgressMeter -        chr2:72259993              5.3              69312000       12970302.6
15:04:03.742 INFO  ProgressMeter -        chr2:94256200              5.5              72810000       13212797.2
15:04:13.742 INFO  ProgressMeter -       chr2:112911324              5.7              77412000       13635515.0
15:04:23.742 INFO  ProgressMeter -       chr2:148363809              5.8              81586000       13960882.3
15:04:33.748 INFO  ProgressMeter -       chr2:164699573              6.0              84824000       14112244.9
15:04:43.748 INFO  ProgressMeter -       chr2:175046521              6.2              87198000       14115799.7
15:04:53.749 INFO  ProgressMeter -       chr2:188308329              6.3              89345000       14083348.9
15:05:03.751 INFO  ProgressMeter -       chr2:197022415              6.5              91128000       13996651.7
15:05:13.752 INFO  ProgressMeter -       chr2:215364855              6.7              94686000       14180105.5
15:05:23.768 INFO  ProgressMeter -       chr2:215388438              6.8              94709000       13837578.5
15:05:34.256 INFO  ProgressMeter -       chr2:215416252              7.0              94735000       13496680.5
15:05:44.264 INFO  ProgressMeter -       chr2:216693338              7.2              95098000       13233941.4
15:05:54.263 INFO  ProgressMeter -       chr2:226793839              7.4              96772000       13161632.5
15:06:04.315 INFO  ProgressMeter -       chr2:232403372              7.5              98357000       13079185.4
15:06:14.318 INFO  ProgressMeter -         chr3:4384636              7.7             101361000       13186342.9
15:06:24.346 INFO  ProgressMeter -        chr3:15708061              7.9             104962000       13364230.7
15:06:34.345 INFO  ProgressMeter -        chr3:24455581              8.0             107091000       13351965.9
15:06:44.357 INFO  ProgressMeter -        chr3:41221159              8.2             110279000       13469218.3
15:06:54.360 INFO  ProgressMeter -        chr3:49364254              8.4             113481000       13583706.4
15:07:04.362 INFO  ProgressMeter -        chr3:57588133              8.5             115948000       13607482.8
15:07:14.365 INFO  ProgressMeter -        chr3:81514752              8.7             120060000       13819670.5
15:07:24.368 INFO  ProgressMeter -       chr3:107621205              8.9             122465000       13831080.8
15:07:34.417 INFO  ProgressMeter -       chr3:120410084              9.0             125273000       13885562.6
15:07:44.425 INFO  ProgressMeter -       chr3:128791672              9.2             127855000       13914499.3
15:07:54.425 INFO  ProgressMeter -       chr3:142022888              9.4             131574000       14064138.4
15:08:04.425 INFO  ProgressMeter -       chr3:167699516              9.5             135275000       14206648.8
15:08:14.438 INFO  ProgressMeter -       chr3:179507867              9.7             137670000       14209165.5
15:08:24.440 INFO  ProgressMeter -       chr3:195539164              9.9             141134000       14320280.3
15:08:34.440 INFO  ProgressMeter -         chr4:5763986             10.0             144332000       14401229.3
15:08:44.443 INFO  ProgressMeter -        chr4:37984512             10.2             148663000       14590682.0
15:08:54.444 INFO  ProgressMeter -        chr4:47562637             10.4             150832000       14565259.4
15:09:04.449 INFO  ProgressMeter -        chr4:76173071             10.5             154557000       14688472.1
15:09:14.472 INFO  ProgressMeter -        chr4:86993250             10.7             157109000       14697644.4
15:09:24.474 INFO  ProgressMeter -        chr4:90805411             10.9             158268000       14578738.5
15:09:34.473 INFO  ProgressMeter -       chr4:120614534             11.0             161779000       14676827.5
15:09:44.473 INFO  ProgressMeter -       chr4:151429074             11.2             166273000       14859845.2
15:09:54.476 INFO  ProgressMeter -       chr4:183260140             11.4             169932000       14963896.2
15:10:04.478 INFO  ProgressMeter -        chr5:32171589             11.5             174741000       15164759.8
15:10:14.585 INFO  ProgressMeter -        chr5:39383542             11.7             176843000       15126055.5
15:10:24.585 INFO  ProgressMeter -        chr5:60394711             11.9             179889000       15170328.8
15:10:34.589 INFO  ProgressMeter -        chr5:76439466             12.0             183784000       15283895.2
15:10:44.664 INFO  ProgressMeter -        chr5:87284384             12.2             186303000       15280005.9
15:10:54.669 INFO  ProgressMeter -        chr5:95752626             12.4             187671000       15184536.4
15:11:04.670 INFO  ProgressMeter -       chr5:108249039             12.5             190093000       15175833.8
15:11:14.671 INFO  ProgressMeter -       chr5:127531431             12.7             193236000       15224184.0
15:11:24.670 INFO  ProgressMeter -       chr5:128523337             12.9             193601000       15055251.6
15:11:34.673 INFO  ProgressMeter -       chr5:138875913             13.0             196444000       15080837.9
15:11:44.672 INFO  ProgressMeter -       chr5:148384460             13.2             199080000       15090125.4
15:11:54.673 INFO  ProgressMeter -       chr5:154049938             13.4             200652000       15019518.1
15:12:04.674 INFO  ProgressMeter -       chr5:177280662             13.5             204035000       15084558.8
15:12:14.674 INFO  ProgressMeter -         chr6:5453016             13.7             206965000       15114914.7
15:12:24.675 INFO  ProgressMeter -        chr6:15576093             13.9             209180000       15092951.0
15:12:34.681 INFO  ProgressMeter -        chr6:35398354             14.0             213130000       15195116.8
15:12:44.681 INFO  ProgressMeter -        chr6:47621132             14.2             216529000       15256167.1
15:12:55.254 INFO  ProgressMeter -        chr6:73519331             14.4             219192000       15254400.1
15:13:05.657 INFO  ProgressMeter -        chr6:87091452             14.5             221145000       15206825.1
15:13:15.661 INFO  ProgressMeter -       chr6:107932960             14.7             223964000       15226099.7
15:13:25.678 INFO  ProgressMeter -       chr6:122688188             14.9             227282000       15278263.9
15:13:35.679 INFO  ProgressMeter -       chr6:139366095             15.0             230239000       15305560.8
15:13:45.681 INFO  ProgressMeter -       chr6:145806303             15.2             232269000       15271260.5
15:13:55.733 INFO  ProgressMeter -       chr6:158796922             15.4             235583000       15320395.6
15:14:05.733 INFO  ProgressMeter -         chr7:4690390             15.5             238836000       15365404.1
15:14:15.733 INFO  ProgressMeter -        chr7:13020553             15.7             241325000       15360827.5
15:14:25.735 INFO  ProgressMeter -        chr7:28113364             15.9             244386000       15392357.5
15:14:35.734 INFO  ProgressMeter -        chr7:44120658             16.0             248485000       15487946.5
15:14:45.789 INFO  ProgressMeter -        chr7:55160464             16.2             250000000       15421310.2
15:14:55.790 INFO  ProgressMeter -        chr7:74733824             16.4             253411000       15472630.5
15:15:05.794 INFO  ProgressMeter -        chr7:92606260             16.5             256508000       15503891.0
15:15:15.912 INFO  ProgressMeter -        chr7:94667249             16.7             257234000       15390884.0
15:15:25.913 INFO  ProgressMeter -       chr7:105095883             16.9             260150000       15411653.8
15:15:35.916 INFO  ProgressMeter -       chr7:127697649             17.0             264137000       15494829.4
15:15:45.924 INFO  ProgressMeter -       chr7:133344588             17.2             266251000       15467479.2
15:15:55.924 INFO  ProgressMeter -       chr7:139717529             17.4             268414000       15443606.5
15:16:05.933 INFO  ProgressMeter -       chr7:154614490             17.5             271757000       15487303.2
15:16:15.968 INFO  ProgressMeter -        chr8:15650780             17.7             274519000       15496998.7
15:16:25.971 INFO  ProgressMeter -        chr8:19699138             17.9             275920000       15430861.2
15:16:35.972 INFO  ProgressMeter -        chr8:37886049             18.0             278959000       15456733.3
15:16:45.973 INFO  ProgressMeter -        chr8:60238855             18.2             282011000       15482845.5
15:16:55.974 INFO  ProgressMeter -        chr8:91259967             18.4             285973000       15557991.6
15:17:05.976 INFO  ProgressMeter -       chr8:102293077             18.5             288583000       15558880.3
15:17:15.976 INFO  ProgressMeter -       chr8:127832195             18.7             291907000       15597933.1
15:17:25.979 INFO  ProgressMeter -       chr8:140916190             18.9             294625000       15604159.7
15:17:38.111 INFO  ProgressMeter -         chr9:9415456             19.1             298430000       15638212.3
15:17:48.113 INFO  ProgressMeter -        chr9:26850788             19.3             300227000       15596153.8
15:17:58.112 INFO  ProgressMeter -        chr9:68824727             19.4             304814000       15698521.2
15:18:08.112 INFO  ProgressMeter -        chr9:83906798             19.6             307541000       15704167.8
15:18:18.113 INFO  ProgressMeter -        chr9:97626780             19.8             310896000       15741516.5
15:18:28.200 INFO  ProgressMeter -       chr9:110377417             19.9             313371000       15732910.7
15:18:38.299 INFO  ProgressMeter -       chr9:110481398             20.1             313470000       15605991.1
15:18:48.299 INFO  ProgressMeter -       chr9:111662236             20.3             313788000       15493268.1
15:18:58.358 INFO  ProgressMeter -       chr9:116183383             20.4             315144000       15432475.0
15:19:08.381 INFO  ProgressMeter -       chr9:116214423             20.6             315175000       15308761.7
15:19:18.542 INFO  ProgressMeter -       chr9:116247423             20.8             315208000       15185465.6
15:19:28.723 INFO  ProgressMeter -       chr9:116289638             20.9             315250000       15064343.0
15:19:38.947 INFO  ProgressMeter -       chr9:116325638             21.1             315286000       14944376.8
15:19:48.984 INFO  ProgressMeter -       chr9:116356638             21.3             315317000       14828270.8
15:19:59.265 INFO  ProgressMeter -       chr9:116384638             21.4             315345000       14711034.5
15:20:09.265 INFO  ProgressMeter -       chr9:121367926             21.6             315960000       14626006.0
15:20:19.306 INFO  ProgressMeter -       chr9:127562920             21.8             318484000       14629512.5
15:20:29.333 INFO  ProgressMeter -       chr9:133351462             21.9             320962000       14631024.3
15:20:39.336 INFO  ProgressMeter -        chr10:8062149             22.1             324503000       14680869.4
15:20:49.339 INFO  ProgressMeter -       chr10:24575050             22.3             328025000       14729115.0
15:20:59.340 INFO  ProgressMeter -       chr10:35202985             22.4             330561000       14732720.7
15:21:09.354 INFO  ProgressMeter -       chr10:60974843             22.6             333631000       14759766.9
15:21:19.353 INFO  ProgressMeter -       chr10:73374628             22.8             336006000       14756035.7
15:21:29.355 INFO  ProgressMeter -       chr10:87882947             22.9             339284000       14791705.3
15:21:39.355 INFO  ProgressMeter -       chr10:98165363             23.1             342120000       14807750.7
15:21:49.356 INFO  ProgressMeter -      chr10:114122225             23.3             345664000       14853980.1
15:21:59.394 INFO  ProgressMeter -      chr10:122508744             23.4             347538000       14827908.4
15:22:09.547 INFO  ProgressMeter -      chr10:126048865             23.6             348434000       14759576.7
15:22:19.580 INFO  ProgressMeter -      chr10:126086665             23.8             348471000       14657322.4
15:22:29.772 INFO  ProgressMeter -      chr10:126118668             23.9             348503000       14554686.8
15:22:39.920 INFO  ProgressMeter -      chr10:126153307             24.1             348537000       14453999.6
15:22:50.108 INFO  ProgressMeter -      chr10:126183307             24.3             348567000       14354166.1
15:23:00.386 INFO  ProgressMeter -      chr10:126213307             24.5             348597000       14254844.7
15:23:10.499 INFO  ProgressMeter -      chr10:126243338             24.6             348627000       14158486.1
15:23:20.666 INFO  ProgressMeter -      chr10:126275338             24.8             348659000       14063008.0
15:23:30.935 INFO  ProgressMeter -      chr10:126306338             25.0             348690000       13967834.7
15:23:41.040 INFO  ProgressMeter -      chr10:126339338             25.1             348723000       13875546.1
15:23:51.228 INFO  ProgressMeter -      chr10:126385347             25.3             348769000       13784246.3
15:24:01.398 INFO  ProgressMeter -        chr11:2130686             25.5             350726000       13769350.1
15:24:11.424 INFO  ProgressMeter -       chr11:10307055             25.6             353297000       13779886.6
15:24:21.424 INFO  ProgressMeter -       chr11:20076687             25.8             356111000       13799934.9
15:24:31.425 INFO  ProgressMeter -       chr11:39884590             26.0             358601000       13807242.0
15:24:41.425 INFO  ProgressMeter -       chr11:60178592             26.1             361111000       13815230.0
15:24:51.425 INFO  ProgressMeter -       chr11:64094726             26.3             362345000       13774609.3
15:25:01.431 INFO  ProgressMeter -       chr11:69643364             26.5             364674000       13775821.3
15:25:11.432 INFO  ProgressMeter -       chr11:75572160             26.6             367468000       13794499.7
15:25:21.433 INFO  ProgressMeter -       chr11:96222429             26.8             371136000       13845559.8
15:25:31.438 INFO  ProgressMeter -      chr11:112093828             27.0             374326000       13878232.5
15:25:41.438 INFO  ProgressMeter -      chr11:125411763             27.1             377575000       13912720.4
15:25:51.439 INFO  ProgressMeter -        chr12:5741567             27.3             380663000       13940882.5
15:26:01.456 INFO  ProgressMeter -       chr12:14943514             27.5             383316000       13952733.3
15:26:11.457 INFO  ProgressMeter -       chr12:43843627             27.6             387698000       14027140.3
15:26:21.458 INFO  ProgressMeter -       chr12:51314761             27.8             390409000       14040543.1
15:26:31.458 INFO  ProgressMeter -       chr12:56298070             28.0             391663000       14001716.0
15:26:41.459 INFO  ProgressMeter -       chr12:66918267             28.1             394134000       14006589.9
15:26:51.459 INFO  ProgressMeter -       chr12:92139555             28.3             397653000       14048438.8
15:27:01.459 INFO  ProgressMeter -      chr12:109060476             28.5             401431000       14098894.2
15:27:11.461 INFO  ProgressMeter -      chr12:120210605             28.6             404294000       14116796.7
15:27:21.470 INFO  ProgressMeter -      chr12:128544084             28.8             406553000       14113475.1
15:27:31.558 INFO  ProgressMeter -       chr13:28401428             29.0             409640000       14138111.5
15:27:41.560 INFO  ProgressMeter -       chr13:29809230             29.1             409901000       14066191.1
15:27:51.562 INFO  ProgressMeter -       chr13:46707703             29.3             413750000       14117514.6
15:28:01.563 INFO  ProgressMeter -       chr13:51983808             29.5             415329000       14091249.1
15:28:11.573 INFO  ProgressMeter -       chr13:99529083             29.6             419040000       14137135.1
15:28:21.595 INFO  ProgressMeter -      chr13:110281570             29.8             420036000       14091329.7
15:28:31.617 INFO  ProgressMeter -      chr13:110475488             30.0             420220000       14018945.7
15:28:41.619 INFO  ProgressMeter -       chr14:23562414             30.1             422264000       14009226.4
15:28:52.986 INFO  ProgressMeter -       chr14:49557933             30.3             425618000       14032303.3
15:29:03.414 INFO  ProgressMeter -       chr14:49581462             30.5             425631000       13952789.3
15:29:14.956 INFO  ProgressMeter -       chr14:49597995             30.7             425638000       13865581.7
15:29:25.328 INFO  ProgressMeter -       chr14:49644515             30.9             425668000       13788902.0
15:29:35.472 INFO  ProgressMeter -       chr14:49695618             31.0             425685000       13714343.7
15:29:45.915 INFO  ProgressMeter -       chr14:49749813             31.2             425697000       13638262.6
15:29:56.026 INFO  ProgressMeter -       chr14:49807440             31.4             425732000       13566135.1
15:30:15.014 INFO  ProgressMeter -       chr14:49857300             31.7             425767000       13431799.5
15:30:26.635 INFO  ProgressMeter -       chr14:49862170             31.9             425770000       13350321.2
15:30:37.870 INFO  ProgressMeter -       chr14:49863298             32.1             425771000       13272432.3
15:30:50.058 INFO  ProgressMeter -       chr14:49890090             32.3             425775000       13189034.3
15:31:00.059 INFO  ProgressMeter -       chr14:59863422             32.4             428508000       13205509.5
15:31:10.059 INFO  ProgressMeter -       chr14:69136361             32.6             431832000       13239943.2
15:31:20.060 INFO  ProgressMeter -       chr14:77585950             32.8             434829000       13264045.1
15:31:30.063 INFO  ProgressMeter -       chr14:96509238             32.9             438241000       13300484.8
15:31:40.066 INFO  ProgressMeter -       chr15:22866365             33.1             441531000       13332873.7
15:31:50.091 INFO  ProgressMeter -       chr15:43754302             33.3             445752000       13392769.7
15:32:00.098 INFO  ProgressMeter -       chr15:50734688             33.4             447512000       13378601.8
15:32:10.347 INFO  ProgressMeter -       chr15:51242801             33.6             447758000       13317946.0
15:32:20.425 INFO  ProgressMeter -       chr15:51276801             33.8             447792000       13252747.4
15:32:30.622 INFO  ProgressMeter -       chr15:51310801             34.0             447826000       13187430.0
15:32:40.626 INFO  ProgressMeter -       chr15:52555661             34.1             448292000       13136646.4
15:32:50.739 INFO  ProgressMeter -       chr15:64160333             34.3             451042000       13152270.7
15:33:00.740 INFO  ProgressMeter -       chr15:72570413             34.5             454083000       13176900.0
15:33:10.752 INFO  ProgressMeter -       chr15:82539793             34.6             457336000       13207344.5
15:33:20.753 INFO  ProgressMeter -      chr15:101187977             34.8             460821000       13244234.5
15:33:30.754 INFO  ProgressMeter -       chr16:11818936             35.0             464533000       13287265.8
15:33:40.756 INFO  ProgressMeter -       chr16:27342435             35.1             468034000       13323875.7
15:33:50.758 INFO  ProgressMeter -       chr16:53493304             35.3             471431000       13357193.1
15:34:00.758 INFO  ProgressMeter -       chr16:69065547             35.5             474146000       13370977.4
15:34:10.763 INFO  ProgressMeter -       chr16:81565833             35.6             477782000       13410452.1
15:34:20.763 INFO  ProgressMeter -       chr16:90161006             35.8             480496000       13423832.0
15:34:30.804 INFO  ProgressMeter -        chr17:7578744             36.0             483178000       13435942.8
15:34:40.859 INFO  ProgressMeter -       chr17:19144549             36.1             486310000       13460309.8
15:34:50.860 INFO  ProgressMeter -       chr17:32557451             36.3             489351000       13482279.0
15:35:00.862 INFO  ProgressMeter -       chr17:42251912             36.5             491877000       13489917.1
15:35:10.863 INFO  ProgressMeter -       chr17:50070204             36.6             494800000       13508336.2
15:35:20.862 INFO  ProgressMeter -       chr17:61355317             36.8             497508000       13520745.5
15:35:44.320 INFO  ProgressMeter -       chr17:63873172             37.2             498370000       13401774.5
15:35:57.135 INFO  ProgressMeter -       chr17:63874172             37.4             498371000       13325267.5
15:36:15.850 INFO  ProgressMeter -       chr17:63876260             37.7             498372000       13215081.5
15:36:53.717 INFO  ProgressMeter -       chr17:63880547             38.3             498373000       12997598.9
15:37:06.026 INFO  ProgressMeter -       chr17:63881547             38.5             498374000       12928453.6
15:37:27.489 INFO  ProgressMeter -       chr17:63884278             38.9             498376000       12809631.3
15:37:45.768 INFO  ProgressMeter -       chr17:63886314             39.2             498377000       12710132.4
15:38:02.685 INFO  ProgressMeter -       chr17:63887542             39.5             498378000       12619416.9
15:38:14.750 INFO  ProgressMeter -       chr17:63888542             39.7             498379000       12555514.2
15:38:26.381 INFO  ProgressMeter -       chr17:63889542             39.9             498380000       12494521.1
15:39:06.184 INFO  ProgressMeter -       chr17:63892721             40.6             498381000       12290146.3
15:39:32.064 INFO  ProgressMeter -       chr17:63894747             41.0             498382000       12160819.5
15:40:08.982 INFO  ProgressMeter -       chr17:63895747             41.6             498383000       11980965.4
15:40:33.873 INFO  ProgressMeter -       chr17:63896747             42.0             498384000       11862684.5
15:40:51.524 INFO  ProgressMeter -       chr17:63899827             42.3             498386000       11780244.1
15:41:07.474 INFO  ProgressMeter -       chr17:63902555             42.6             498388000       11706737.3
15:41:22.562 INFO  ProgressMeter -       chr17:63904240             42.8             498389000       11638013.4
15:41:41.346 INFO  ProgressMeter -       chr17:63907936             43.1             498390000       11553574.3
15:41:52.664 INFO  ProgressMeter -       chr17:63910755             43.3             498392000       11503318.3
15:42:02.793 INFO  ProgressMeter -       chr17:63917833             43.5             498399000       11458831.2
15:42:12.797 INFO  ProgressMeter -       chr17:74207071             43.7             500822000       11470572.1
15:42:22.896 INFO  ProgressMeter -       chr17:78871003             43.8             502606000       11467225.3
15:42:32.937 INFO  ProgressMeter -       chr17:81857588             44.0             503730000       11449155.0
15:42:42.940 INFO  ProgressMeter -        chr18:9338271             44.2             506620000       11471373.1
15:42:52.940 INFO  ProgressMeter -       chr18:41969566             44.3             510742000       11521223.9
15:43:02.943 INFO  ProgressMeter -       chr18:63275812             44.5             515056000       11575007.4
15:43:12.947 INFO  ProgressMeter -        chr19:3053779             44.7             518331000       11605126.9
15:43:22.949 INFO  ProgressMeter -        chr19:7630470             44.8             520163000       11602834.5
15:43:32.962 INFO  ProgressMeter -       chr19:15163682             45.0             522995000       11622739.6
15:43:42.962 INFO  ProgressMeter -       chr19:23238847             45.2             525695000       11639630.8
15:43:52.962 INFO  ProgressMeter -       chr19:40740381             45.3             529411000       11678810.7
15:44:03.109 INFO  ProgressMeter -       chr19:42739112             45.5             530023000       11648852.9
15:44:13.138 INFO  ProgressMeter -       chr19:42759873             45.7             530035000       11606478.8
15:44:23.369 INFO  ProgressMeter -       chr19:42785625             45.8             530059000       11563830.3
15:44:33.607 INFO  ProgressMeter -       chr19:42818946             46.0             530091000       11521638.5
15:44:43.646 INFO  ProgressMeter -       chr19:42850600             46.2             530122000       11480557.2
15:44:54.838 INFO  ProgressMeter -       chr19:42869275             46.4             530140000       11434754.6
15:45:04.945 INFO  ProgressMeter -       chr19:42877275             46.5             530148000       11393530.5
15:45:15.492 INFO  ProgressMeter -       chr19:42888622             46.7             530159000       11350885.5
15:45:25.750 INFO  ProgressMeter -       chr19:42902082             46.9             530172000       11309765.0
15:45:36.335 INFO  ProgressMeter -       chr19:42913082             47.1             530183000       11267595.6
15:45:46.638 INFO  ProgressMeter -       chr19:42926865             47.2             530196000       11226900.7
15:45:56.957 INFO  ProgressMeter -       chr19:42937965             47.4             530207000       11186399.6
15:46:07.753 INFO  ProgressMeter -       chr19:42952223             47.6             530219000       11144341.9
15:46:18.389 INFO  ProgressMeter -       chr19:42966670             47.8             530231000       11103225.1
15:46:29.279 INFO  ProgressMeter -       chr19:42981394             47.9             530242000       11061418.5
15:46:39.805 INFO  ProgressMeter -       chr19:42995572             48.1             530253000       11021309.1
15:46:49.995 INFO  ProgressMeter -       chr19:43009183             48.3             530265000       10982789.5
15:47:00.177 INFO  ProgressMeter -       chr19:43020183             48.5             530276000       10944553.1
15:47:10.201 INFO  ProgressMeter -       chr19:43034814             48.6             530290000       10907228.5
15:47:20.310 INFO  ProgressMeter -       chr19:43054519             48.8             530308000       10869933.4
15:47:30.700 INFO  ProgressMeter -       chr19:43070679             49.0             530324000       10831814.2
15:47:41.324 INFO  ProgressMeter -       chr19:43081679             49.1             530335000       10793001.6
15:47:51.383 INFO  ProgressMeter -       chr19:43099658             49.3             530345000       10756505.1
15:48:01.711 INFO  ProgressMeter -       chr19:43119753             49.5             530356000       10719308.3
15:48:11.713 INFO  ProgressMeter -       chr19:43139140             49.6             530366000       10683511.2
15:48:22.005 INFO  ProgressMeter -       chr19:43159061             49.8             530378000       10646964.4
15:48:33.052 INFO  ProgressMeter -       chr19:43176090             50.0             530394000       10608081.6
15:48:43.569 INFO  ProgressMeter -       chr19:43187090             50.2             530405000       10571238.1
15:48:53.744 INFO  ProgressMeter -       chr19:43198399             50.3             530416000       10535847.4
15:49:03.902 INFO  ProgressMeter -       chr19:43225347             50.5             530439000       10500990.8
15:49:14.359 INFO  ProgressMeter -       chr19:43258473             50.7             530465000       10465397.3
15:49:24.376 INFO  ProgressMeter -       chr19:48615584             50.9             532558000       10472197.1
15:49:34.376 INFO  ProgressMeter -       chr19:55636141             51.0             535051000       10486850.5
15:49:44.379 INFO  ProgressMeter -       chr20:13022982             51.2             539048000       10530780.3
15:49:54.379 INFO  ProgressMeter -       chr20:20708056             51.4             540798000       10530680.4
15:50:04.381 INFO  ProgressMeter -       chr20:35730073             51.5             543530000       10549634.4
15:50:14.405 INFO  ProgressMeter -       chr20:38152228             51.7             544576000       10535772.6
15:50:24.407 INFO  ProgressMeter -       chr20:49689899             51.9             547159000       10551718.3
15:50:36.512 INFO  ProgressMeter -        chr21:8207850             52.1             550505000       10575096.9
15:50:47.135 INFO  ProgressMeter -        chr21:8212912             52.2             550510000       10539347.6
15:50:59.133 INFO  ProgressMeter -        chr21:8217931             52.4             550515000       10499249.1
15:51:12.734 INFO  ProgressMeter -        chr21:8224534             52.7             550520000       10454152.0
15:51:24.199 INFO  ProgressMeter -        chr21:8230147             52.9             550521000       10416370.9
15:51:40.343 INFO  ProgressMeter -        chr21:8237984             53.1             550522000       10363628.7
15:51:56.900 INFO  ProgressMeter -        chr21:8245970             53.4             550523000       10310088.8
15:52:13.318 INFO  ProgressMeter -        chr21:8251142             53.7             550526000       10257582.7
15:52:23.517 INFO  ProgressMeter -        chr21:8252142             53.8             550527000       10225213.0
15:52:33.800 INFO  ProgressMeter -        chr21:8257518             54.0             550532000       10192860.0
15:52:44.524 INFO  ProgressMeter -        chr21:8390507             54.2             550543000       10159444.4
15:53:04.480 INFO  ProgressMeter -        chr21:8395643             54.5             550548000       10097564.6
15:53:19.881 INFO  ProgressMeter -        chr21:8396645             54.8             550549000       10050265.1
15:53:32.031 INFO  ProgressMeter -        chr21:8397645             55.0             550550000       10013268.0
15:53:43.907 INFO  ProgressMeter -        chr21:8398696             55.2             550551000        9977368.0
15:53:55.542 INFO  ProgressMeter -        chr21:8399696             55.4             550552000        9942445.8
15:54:07.450 INFO  ProgressMeter -        chr21:8400696             55.6             550553000        9906959.1
15:54:22.028 INFO  ProgressMeter -        chr21:8404405             55.8             550556000        9863887.4
15:54:36.589 INFO  ProgressMeter -        chr21:8408690             56.1             550558000        9821218.0
15:54:46.881 INFO  ProgressMeter -        chr21:8412148             56.2             550559000        9791275.2
15:55:05.974 INFO  ProgressMeter -        chr21:8418381             56.5             550560000        9736193.5
15:55:39.088 INFO  ProgressMeter -        chr21:8427167             57.1             550561000        9642105.3
15:55:49.284 INFO  ProgressMeter -        chr21:8430296             57.3             550562000        9613515.0
15:56:04.365 INFO  ProgressMeter -        chr21:8433762             57.5             550564000        9571538.7
15:56:18.393 INFO  ProgressMeter -        chr21:8434762             57.8             550565000        9532809.0
15:56:28.942 INFO  ProgressMeter -        chr21:8437812             57.9             550568000        9503931.9
15:56:38.951 INFO  ProgressMeter -       chr21:25687226             58.1             551845000        9498620.6
15:56:48.952 INFO  ProgressMeter -       chr21:28486131             58.3             552401000        9480989.4
15:56:59.041 INFO  ProgressMeter -       chr21:41183685             58.4             555882000        9513279.3
15:57:09.042 INFO  ProgressMeter -       chr22:19385281             58.6             558876000        9537312.1
15:57:19.044 INFO  ProgressMeter -       chr22:30319763             58.8             562595000        9573543.0
15:57:29.166 INFO  ProgressMeter -       chr22:32860913             58.9             563514000        9561732.3
15:57:39.186 INFO  ProgressMeter -       chr22:39317091             59.1             565327000        9565393.0
15:57:49.406 INFO  ProgressMeter -       chr22:45521360             59.3             567384000        9572606.1
15:57:59.632 INFO  ProgressMeter -       chr22:45552404             59.4             567415000        9545680.9
15:58:09.633 INFO  ProgressMeter -       chr22:50378694             59.6             568906000        9544001.5
15:58:19.633 INFO  ProgressMeter -         chrX:7929479             59.8             570646000        9546499.7
15:58:29.633 INFO  ProgressMeter -        chrX:31134131             59.9             574659000        9586904.0
15:58:39.638 INFO  ProgressMeter -        chrX:49881817             60.1             576924000        9597993.0
15:58:49.641 INFO  ProgressMeter -        chrX:77827332             60.3             580836000        9636345.1
15:58:59.644 INFO  ProgressMeter -       chrX:109721049             60.4             584168000        9664892.3
15:59:09.650 INFO  ProgressMeter -       chrX:132731135             60.6             587173000        9687879.3
15:59:19.735 INFO  ProgressMeter -       chrX:133648546             60.8             587351000        9664015.5
15:59:29.843 INFO  ProgressMeter -       chrX:133786207             60.9             587441000        9638778.9
15:59:39.875 INFO  ProgressMeter -       chrX:133900386             61.1             587542000        9614060.6
15:59:49.876 INFO  ProgressMeter -       chrX:136229531             61.3             588042000        9596069.2
16:00:00.187 INFO  ProgressMeter -            chrM:5068             61.5             590549000        9610030.1
16:00:10.660 INFO  ProgressMeter -           chrM:16068             61.6             590560000        9582989.0
16:00:21.266 INFO  ProgressMeter -    GL000220.1:110939             61.8             591086000        9564093.4
16:00:32.239 INFO  ProgressMeter -    GL000220.1:114939             62.0             591090000        9535937.3
16:00:44.233 INFO  ProgressMeter -    GL000220.1:120242             62.2             591095000        9505366.2
16:01:02.409 INFO  ProgressMeter -    GL000220.1:128443             62.5             591097000        9459315.2
16:01:35.208 INFO  ProgressMeter -    GL000220.1:143482             63.0             591098000        9377298.3
16:01:47.329 INFO  ProgressMeter -    GL000220.1:149031             63.2             591100000        9347375.7
16:01:57.328 INFO  ProgressMeter -    GL000220.1:154041             63.4             591105000        9322883.5
16:02:07.333 INFO  ProgressMeter -    KQ090021.1:149753             63.6             594164000        9346551.2
16:02:17.370 INFO  ProgressMeter -    KI270831.1:117523             63.7             596968000        9366011.0
16:02:27.378 INFO  ProgressMeter -    KI270862.1:303434             63.9             601102000        9406254.6
16:02:37.379 INFO  ProgressMeter -    KQ983256.1:325367             64.1             605888000        9456482.1
16:02:47.380 INFO  ProgressMeter -   GL000255.2:2881628             64.2             610821000        9508737.3
16:02:59.896 INFO  ProgressMeter -    KI270733.1:125458             64.4             613012000        9511956.7
16:03:13.558 INFO  ProgressMeter -    KI270733.1:130458             64.7             613017000        9478545.0
16:03:26.176 INFO  ProgressMeter -    KI270733.1:135462             64.9             613022000        9447900.7
16:03:41.387 INFO  ProgressMeter -    KI270733.1:141629             65.1             613026000        9411191.0
16:03:55.211 INFO  ProgressMeter -    KI270733.1:147134             65.4             613027000        9378035.2
16:04:09.787 INFO  ProgressMeter -    KI270733.1:153053             65.6             613028000        9343327.2
16:04:37.224 INFO  ProgressMeter -    KI270733.1:163907             66.1             613029000        9278674.0
16:04:52.913 INFO  ProgressMeter -    KI270733.1:168700             66.3             613032000        9242143.6
16:05:04.026 INFO  ProgressMeter -    KI270733.1:173700             66.5             613037000        9216481.0
16:05:08.731 INFO  ASEReadCounter - 0 read(s) filtered by: ValidAlignmentStartReadFilter 
0 read(s) filtered by: ValidAlignmentEndReadFilter 
0 read(s) filtered by: HasReadGroupReadFilter 
0 read(s) filtered by: MatchingBasesAndQualsReadFilter 
0 read(s) filtered by: SeqIsStoredReadFilter 
41923006 read(s) filtered by: NotDuplicateReadFilter 
40193995 read(s) filtered by: NotSecondaryAlignmentReadFilter 
3400372 read(s) filtered by: MappedReadFilter 
85517373 total reads filtered out of 172216181 reads processed
16:05:08.731 INFO  ProgressMeter -      KI270752.1:6979             66.6             613322381        9209913.7
16:05:08.731 INFO  ProgressMeter - Traversal complete. Processed 613322381 total loci in 66.6 minutes.
16:05:08.734 INFO  ASEReadCounter - Shutting down engine
[November 25, 2025 at 4:05:08 PM GMT] org.broadinstitute.hellbender.tools.walkers.rnaseq.ASEReadCounter done. Elapsed time: 66.60 minutes.
Runtime.totalMemory()=3791650816
Using GATK jar /gatk/gatk-package-4.6.0.0-local.jar
Running:
    java -Dsamjdk.use_async_io_read_samtools=false -Dsamjdk.use_async_io_write_samtools=true -Dsamjdk.use_async_io_write_tribble=false -Dsamjdk.compression_level=2 -jar /gatk/gatk-package-4.6.0.0-local.jar ASEReadCounter -R /data/Wilson_Lab/references/GENCODE/GRCh38.p12.genome.XXonly/GRCh38.p12.genome.XXonly.fa --output /data/Wilson_Lab/projects/placentas_VW_ASE/asereadcounter/HISAT_allQs/Q4/chrX/HDP08_quadrant4_Sample_38_077_116_chrX_females.tsv --input /data/Wilson_Lab/projects/placenta_multiomics/valleywise_3samples/processed_bams_HG38/rna/HDP08_quadrant4_Sample_38_077_116_HISAT_pair_trim_sort_mkdup_rdgrp_XX.bam --variant /data/Wilson_Lab/projects/placenta_multiomics/valleywise_pilot/vqsr/chrX.gatk.called.vqsr.sv.biallelic.snp.Plac_HDP08.het.vcf --min-depth-of-non-filtered-base 1 --min-mapping-quality 10 --min-base-quality 10
