[-] Unloading singularity  4.2.2  on cn0033 
[-] Unloading GATK  4.6.0.0 
[+] Loading singularity  4.2.2  on cn0033 
[+] Loading GATK  4.6.0.0 

GATK is installed as a container.


14:41:18.550 INFO  NativeLibraryLoader - Loading libgkl_compression.so from jar:file:/gatk/gatk-package-4.6.0.0-local.jar!/com/intel/gkl/native/libgkl_compression.so
14:41:18.794 INFO  ASEReadCounter - ------------------------------------------------------------
14:41:18.800 INFO  ASEReadCounter - The Genome Analysis Toolkit (GATK) v4.6.0.0
14:41:18.800 INFO  ASEReadCounter - For support and documentation go to https://software.broadinstitute.org/gatk/
14:41:18.800 INFO  ASEReadCounter - Executing as sheffermannm@cn0033 on Linux v4.18.0-425.19.3a.el8.x86_64 amd64
14:41:18.800 INFO  ASEReadCounter - Java runtime: OpenJDK 64-Bit Server VM v17.0.9+9-Ubuntu-122.04
14:41:18.801 INFO  ASEReadCounter - Start Date/Time: November 25, 2025 at 2:41:18 PM GMT
14:41:18.801 INFO  ASEReadCounter - ------------------------------------------------------------
14:41:18.801 INFO  ASEReadCounter - ------------------------------------------------------------
14:41:18.802 INFO  ASEReadCounter - HTSJDK Version: 4.1.1
14:41:18.803 INFO  ASEReadCounter - Picard Version: 3.2.0
14:41:18.803 INFO  ASEReadCounter - Built for Spark Version: 3.5.0
14:41:18.803 INFO  ASEReadCounter - HTSJDK Defaults.COMPRESSION_LEVEL : 2
14:41:18.803 INFO  ASEReadCounter - HTSJDK Defaults.USE_ASYNC_IO_READ_FOR_SAMTOOLS : false
14:41:18.803 INFO  ASEReadCounter - HTSJDK Defaults.USE_ASYNC_IO_WRITE_FOR_SAMTOOLS : true
14:41:18.804 INFO  ASEReadCounter - HTSJDK Defaults.USE_ASYNC_IO_WRITE_FOR_TRIBBLE : false
14:41:18.804 INFO  ASEReadCounter - Deflater: IntelDeflater
14:41:18.805 INFO  ASEReadCounter - Inflater: IntelInflater
14:41:18.805 INFO  ASEReadCounter - GCS max retries/reopens: 20
14:41:18.805 INFO  ASEReadCounter - Requester pays: disabled
14:41:18.805 INFO  ASEReadCounter - Initializing engine
14:41:19.022 INFO  FeatureManager - Using codec VCFCodec to read file file:///data/Wilson_Lab/projects/placenta_multiomics/valleywise_pilot/vqsr/chr8.gatk.called.vqsr.sv.biallelic.snp.Plac_CON03.het.vcf
14:41:19.074 INFO  ASEReadCounter - Done initializing engine
14:41:19.075 INFO  ASEReadCounter - Shutting down engine
[November 25, 2025 at 2:41:19 PM GMT] org.broadinstitute.hellbender.tools.walkers.rnaseq.ASEReadCounter done. Elapsed time: 0.01 minutes.
Runtime.totalMemory()=285212672
***********************************************************************

A USER ERROR has occurred: Couldn't write file /data/Wilson_Lab/projects/placentas_VW_ASE/asereadcounter/HISAT_allQs/Q3/chr8/Plac_CON03_Cont03_quadrant3_Sample_3_022_171_chr8_females.tsv because exception /data/Wilson_Lab/projects/placentas_VW_ASE/asereadcounter/HISAT_allQs/Q3/chr8/Plac_CON03_Cont03_quadrant3_Sample_3_022_171_chr8_females.tsv (No such file or directory)

***********************************************************************
Set the system property GATK_STACKTRACE_ON_USER_EXCEPTION (--java-options '-DGATK_STACKTRACE_ON_USER_EXCEPTION=true') to print the stack trace.
Using GATK jar /gatk/gatk-package-4.6.0.0-local.jar
Running:
    java -Dsamjdk.use_async_io_read_samtools=false -Dsamjdk.use_async_io_write_samtools=true -Dsamjdk.use_async_io_write_tribble=false -Dsamjdk.compression_level=2 -jar /gatk/gatk-package-4.6.0.0-local.jar ASEReadCounter -R /data/Wilson_Lab/references/GENCODE/GRCh38.p12.genome.XXonly/GRCh38.p12.genome.XXonly.fa --output /data/Wilson_Lab/projects/placentas_VW_ASE/asereadcounter/HISAT_allQs/Q3/chr8/Plac_CON03_Cont03_quadrant3_Sample_3_022_171_chr8_females.tsv --input /data/Wilson_Lab/projects/placenta_multiomics/valleywise_3samples/processed_bams_HG38/rna/Cont03_quadrant3_Sample_3_022_171_HISAT_pair_trim_sort_mkdup_rdgrp_XX.bam --variant /data/Wilson_Lab/projects/placenta_multiomics/valleywise_pilot/vqsr/chr8.gatk.called.vqsr.sv.biallelic.snp.Plac_CON03.het.vcf --min-depth-of-non-filtered-base 1 --min-mapping-quality 10 --min-base-quality 10
