9663632
9663634
9663636
9663637
9663638
9663639
9663640
9663641
9663642
9663643
9663645
9663646
9663648
9663649
9663650
9663651
9663652
9663654
9663656
9663659
9663661
9663662
9663663
9663664
9663665
9663666
9663667
9663668
9663671
9663672
9663673
9663676
9663677
9663678
9663679
9663680
9663681
9663683
9663684
9663686
9663687
9663689
9663690
9663692
9663693
9663695
9663700
9663701
9663703
9663707
9663711
9663714
9663716
9663717
9663718
9663719
9663720
9663722
9663723
9663724
9663725
9663726
9663727
9663728
9663730
9663732
9663736
9663738
9663740
9663742
9663744
9663745
9663747
9663748
9663749
9663751
9663754
9663756
9663758
9663759
9663760
9663761
9663762
9663763
9663765
9663766
9663767
9663769
