[+] Loading singularity  4.2.2  on cn4320 
[+] Loading GATK  4.6.0.0 

GATK is installed as a container.


17:27:35.957 INFO  NativeLibraryLoader - Loading libgkl_compression.so from jar:file:/gatk/gatk-package-4.6.0.0-local.jar!/com/intel/gkl/native/libgkl_compression.so
17:27:36.185 INFO  ASEReadCounter - ------------------------------------------------------------
17:27:36.189 INFO  ASEReadCounter - The Genome Analysis Toolkit (GATK) v4.6.0.0
17:27:36.190 INFO  ASEReadCounter - For support and documentation go to https://software.broadinstitute.org/gatk/
17:27:36.190 INFO  ASEReadCounter - Executing as sheffermannm@cn4320 on Linux v4.18.0-425.19.3a.el8.x86_64 amd64
17:27:36.190 INFO  ASEReadCounter - Java runtime: OpenJDK 64-Bit Server VM v17.0.9+9-Ubuntu-122.04
17:27:36.190 INFO  ASEReadCounter - Start Date/Time: January 15, 2026 at 5:27:35 PM GMT
17:27:36.190 INFO  ASEReadCounter - ------------------------------------------------------------
17:27:36.190 INFO  ASEReadCounter - ------------------------------------------------------------
17:27:36.191 INFO  ASEReadCounter - HTSJDK Version: 4.1.1
17:27:36.191 INFO  ASEReadCounter - Picard Version: 3.2.0
17:27:36.191 INFO  ASEReadCounter - Built for Spark Version: 3.5.0
17:27:36.191 INFO  ASEReadCounter - HTSJDK Defaults.COMPRESSION_LEVEL : 2
17:27:36.192 INFO  ASEReadCounter - HTSJDK Defaults.USE_ASYNC_IO_READ_FOR_SAMTOOLS : false
17:27:36.192 INFO  ASEReadCounter - HTSJDK Defaults.USE_ASYNC_IO_WRITE_FOR_SAMTOOLS : true
17:27:36.192 INFO  ASEReadCounter - HTSJDK Defaults.USE_ASYNC_IO_WRITE_FOR_TRIBBLE : false
17:27:36.192 INFO  ASEReadCounter - Deflater: IntelDeflater
17:27:36.192 INFO  ASEReadCounter - Inflater: IntelInflater
17:27:36.192 INFO  ASEReadCounter - GCS max retries/reopens: 20
17:27:36.193 INFO  ASEReadCounter - Requester pays: disabled
17:27:36.193 INFO  ASEReadCounter - Initializing engine
17:27:36.430 INFO  FeatureManager - Using codec VCFCodec to read file file:///data/Wilson_Lab/projects/placenta_multiomics/valleywise_pilot/vqsr/chrX.gatk.called.vqsr.sv.biallelic.snp.Plac_HDP05.het.vcf
17:27:36.499 INFO  ASEReadCounter - Done initializing engine
17:27:36.527 INFO  ProgressMeter - Starting traversal
17:27:36.528 INFO  ProgressMeter -        Current Locus  Elapsed Minutes        Loci Processed      Loci/Minute
17:27:46.531 INFO  ProgressMeter -         chr1:9735768              0.2               3071000       18426000.0
17:27:56.530 INFO  ProgressMeter -        chr1:22406619              0.3               7840000       23518824.1
17:28:06.530 INFO  ProgressMeter -        chr1:32040882              0.5              11571000       23141228.6
17:28:16.539 INFO  ProgressMeter -        chr1:42958691              0.7              15802000       23697075.7
17:28:26.554 INFO  ProgressMeter -        chr1:56563715              0.8              21134000       25348125.9
17:28:36.553 INFO  ProgressMeter -        chr1:89650392              1.0              28243000       28231237.0
17:28:46.553 INFO  ProgressMeter -       chr1:112463281              1.2              33739000       28908818.3
17:28:56.555 INFO  ProgressMeter -       chr1:148845738              1.3              38760000       29060555.3
17:29:06.556 INFO  ProgressMeter -       chr1:160213769              1.5              42978000       28643407.0
17:29:16.575 INFO  ProgressMeter -       chr1:176475957              1.7              48223000       28920496.6
17:29:26.603 INFO  ProgressMeter -       chr1:176708624              1.8              48455000       26411991.8
17:29:36.603 INFO  ProgressMeter -       chr1:183685704              2.0              50795000       25381636.5
17:29:46.604 INFO  ProgressMeter -       chr1:206439905              2.2              55869000       25770626.4
17:29:56.622 INFO  ProgressMeter -       chr1:228099085              2.3              61183000       26203878.9
17:30:06.621 INFO  ProgressMeter -         chr2:9516695              2.5              67897000       27141972.0
17:30:16.622 INFO  ProgressMeter -        chr2:28783998              2.7              73359000       27493472.6
17:30:26.627 INFO  ProgressMeter -        chr2:38482670              2.8              75869000       26761709.4
17:30:36.627 INFO  ProgressMeter -        chr2:47804414              3.0              79217000       26391151.5
17:30:46.627 INFO  ProgressMeter -        chr2:68249157              3.2              83881000       26474942.0
17:30:56.629 INFO  ProgressMeter -        chr2:85328193              3.3              88370000       26497618.7
17:31:06.629 INFO  ProgressMeter -       chr2:111801144              3.5              95013000       27133521.5
17:31:16.629 INFO  ProgressMeter -       chr2:151789619              3.7             102240000       27870841.1
17:31:26.635 INFO  ProgressMeter -       chr2:169269736              3.8             106604000       27796807.6
17:31:36.640 INFO  ProgressMeter -       chr2:188332572              4.0             111861000       27952205.6
17:31:46.640 INFO  ProgressMeter -       chr2:200423177              4.2             115003000       27588360.4
17:31:56.719 INFO  ProgressMeter -       chr2:215399783              4.3             118996000       27440457.2
17:32:06.721 INFO  ProgressMeter -       chr2:224476250              4.5             121219000       26918313.9
17:32:16.721 INFO  ProgressMeter -       chr2:237909629              4.7             125031000       26773902.3
17:32:26.772 INFO  ProgressMeter -        chr3:15692266              4.8             131565000       27197555.2
17:32:36.771 INFO  ProgressMeter -        chr3:30614441              5.0             135668000       27111639.6
17:32:46.772 INFO  ProgressMeter -        chr3:47160284              5.2             141087000       27285684.8
17:32:56.772 INFO  ProgressMeter -        chr3:57783495              5.3             145505000       27261400.7
17:33:06.772 INFO  ProgressMeter -        chr3:88143696              5.5             152023000       27620123.3
17:33:16.772 INFO  ProgressMeter -       chr3:120089396              5.7             158163000       27891101.7
17:33:26.772 INFO  ProgressMeter -       chr3:133826367              5.8             163290000       27973070.2
17:33:36.774 INFO  ProgressMeter -       chr3:155624501              6.0             169092000       28162755.5
17:33:46.774 INFO  ProgressMeter -       chr3:183775419              6.2             174722000       28314472.0
17:33:56.774 INFO  ProgressMeter -          chr4:916265              6.3             180231000       28439115.7
17:34:06.774 INFO  ProgressMeter -        chr4:26187440              6.5             186655000       28698052.0
17:34:16.776 INFO  ProgressMeter -        chr4:54296226              6.7             191975000       28778479.3
17:34:26.775 INFO  ProgressMeter -        chr4:85573362              6.8             197360000       28864562.1
17:34:36.776 INFO  ProgressMeter -       chr4:102798621              7.0             201450000       28761656.8
17:34:46.778 INFO  ProgressMeter -       chr4:143537361              7.2             208569000       29085740.8
17:34:56.780 INFO  ProgressMeter -       chr4:182463597              7.3             215158000       29322999.8
17:35:06.781 INFO  ProgressMeter -        chr5:31954332              7.5             222310000       29624743.5
17:35:16.808 INFO  ProgressMeter -        chr5:40967522              7.7             225419000       29384592.0
17:35:26.809 INFO  ProgressMeter -        chr5:66064819              7.8             231066000       29480161.9
17:35:36.818 INFO  ProgressMeter -        chr5:83501418              8.0             236829000       29585750.3
17:35:46.818 INFO  ProgressMeter -       chr5:101893648              8.2             240304000       29407575.1
17:35:56.830 INFO  ProgressMeter -       chr5:128274080              8.3             246635000       29578393.8
17:36:06.830 INFO  ProgressMeter -       chr5:136146638              8.5             249296000       29311584.1
17:36:16.830 INFO  ProgressMeter -       chr5:149968361              8.7             254136000       29306364.4
17:36:26.831 INFO  ProgressMeter -       chr5:172059440              8.8             257894000       29178920.7
17:36:36.843 INFO  ProgressMeter -         chr6:6163265              9.0             263321000       29240831.7
17:36:46.843 INFO  ProgressMeter -        chr6:17899768              9.2             266784000       29087050.1
17:36:56.844 INFO  ProgressMeter -        chr6:39134574              9.3             272528000       29183013.1
17:37:06.843 INFO  ProgressMeter -        chr6:57355847              9.5             276891000       29130322.7
17:37:16.843 INFO  ProgressMeter -        chr6:96514739              9.7             282458000       29203932.3
17:37:26.843 INFO  ProgressMeter -       chr6:119628109              9.8             288318000       29304828.8
17:37:36.843 INFO  ProgressMeter -       chr6:136530337             10.0             292279000       29212563.4
17:37:46.844 INFO  ProgressMeter -       chr6:150800091             10.2             297387000       29236035.1
17:37:56.846 INFO  ProgressMeter -         chr7:1010077             10.3             302904000       29298263.1
17:38:06.847 INFO  ProgressMeter -        chr7:15646067             10.5             307660000       29286169.8
17:38:16.847 INFO  ProgressMeter -        chr7:36951477             10.7             313958000       29418945.0
17:38:26.848 INFO  ProgressMeter -        chr7:55120586             10.8             317960000       29335711.6
17:38:36.850 INFO  ProgressMeter -        chr7:76045898             11.0             322925000       29342547.0
17:38:46.917 INFO  ProgressMeter -        chr7:94663949             11.2             327024000       29268738.0
17:38:56.927 INFO  ProgressMeter -       chr7:107976923             11.3             331631000       29244399.2
17:39:06.927 INFO  ProgressMeter -       chr7:128584959             11.5             336212000       29218929.9
17:39:16.928 INFO  ProgressMeter -       chr7:137995464             11.7             340087000       29133666.5
17:39:26.928 INFO  ProgressMeter -          chr8:656975             11.8             346046000       29226858.1
17:39:36.928 INFO  ProgressMeter -        chr8:25474628             12.0             351405000       29267490.3
17:39:46.928 INFO  ProgressMeter -        chr8:53205295             12.2             356156000       29257064.6
17:39:56.930 INFO  ProgressMeter -        chr8:89961415             12.3             362572000       29381768.3
17:40:06.938 INFO  ProgressMeter -       chr8:108768692             12.5             367928000       29418158.1
17:40:16.941 INFO  ProgressMeter -       chr8:134618690             12.7             372677000       29405888.6
17:40:26.942 INFO  ProgressMeter -         chr9:6609776             12.8             378513000       29478669.9
17:40:36.947 INFO  ProgressMeter -        chr9:19354571             13.0             381118000       29301066.9
17:40:46.946 INFO  ProgressMeter -        chr9:70202619             13.2             388215000       29469091.0
17:40:56.947 INFO  ProgressMeter -        chr9:92260347             13.3             393198000       29474449.6
17:41:06.955 INFO  ProgressMeter -       chr9:110158796             13.5             398383000       29494303.6
17:41:16.986 INFO  ProgressMeter -       chr9:116175776             13.7             400649000       29299415.7
17:41:27.047 INFO  ProgressMeter -       chr9:116317166             13.8             400790000       28954665.7
17:41:37.049 INFO  ProgressMeter -       chr9:123047241             14.0             402532000       28734463.5
17:41:47.051 INFO  ProgressMeter -       chr9:131482953             14.2             406818000       28698940.2
17:41:57.050 INFO  ProgressMeter -       chr10:11506440             14.3             412408000       28755197.4
17:42:07.052 INFO  ProgressMeter -       chr10:30024908             14.5             417884000       28802238.7
17:42:17.052 INFO  ProgressMeter -       chr10:51498081             14.7             422584000       28795399.1
17:42:27.053 INFO  ProgressMeter -       chr10:74025223             14.8             427397000       28796294.3
17:42:37.054 INFO  ProgressMeter -       chr10:92879495             15.0             432841000       28839211.7
17:42:47.055 INFO  ProgressMeter -      chr10:110591795             15.2             438201000       28875651.1
17:42:57.057 INFO  ProgressMeter -      chr10:126004527             15.3             442730000       28857134.2
17:43:07.058 INFO  ProgressMeter -      chr10:126127589             15.5             442850000       28554694.6
17:43:17.129 INFO  ProgressMeter -      chr10:126224589             15.7             442947000       28255147.5
17:43:27.194 INFO  ProgressMeter -      chr10:126304589             15.8             443027000       27961050.5
17:43:37.195 INFO  ProgressMeter -      chr10:132735996             16.0             444469000       27760025.1
17:43:47.281 INFO  ProgressMeter -        chr11:2134863             16.2             445624000       27542989.8
17:43:57.284 INFO  ProgressMeter -       chr11:12921615             16.3             449892000       27523176.0
17:44:07.284 INFO  ProgressMeter -       chr11:43374542             16.5             455667000       27595109.2
17:44:17.341 INFO  ProgressMeter -       chr11:62528571             16.7             459393000       27541216.5
17:44:27.340 INFO  ProgressMeter -       chr11:67244479             16.8             461776000       27410200.9
17:44:37.340 INFO  ProgressMeter -       chr11:77023147             17.0             466485000       27418466.9
17:44:47.343 INFO  ProgressMeter -      chr11:106871603             17.2             472752000       27517178.2
17:44:57.343 INFO  ProgressMeter -      chr11:123624646             17.3             477701000       27538092.7
17:45:07.343 INFO  ProgressMeter -        chr12:6571276             17.5             482627000       27557296.0
17:45:17.345 INFO  ProgressMeter -       chr12:26477547             17.7             488102000       27607162.8
17:45:27.344 INFO  ProgressMeter -       chr12:50095333             17.8             494027000       27681338.3
17:45:37.345 INFO  ProgressMeter -       chr12:57714472             18.0             497038000       27592349.1
17:45:47.345 INFO  ProgressMeter -       chr12:82892129             18.2             502819000       27657379.7
17:45:57.345 INFO  ProgressMeter -      chr12:107550627             18.3             508272000       27703351.2
17:46:07.350 INFO  ProgressMeter -      chr12:122378872             18.5             513184000       27719148.5
17:46:17.358 INFO  ProgressMeter -       chr13:28396534             18.7             518566000       27759774.2
17:46:27.400 INFO  ProgressMeter -       chr13:45340202             18.8             523231000       27760754.5
17:46:37.401 INFO  ProgressMeter -       chr13:95207420             19.0             529413000       27842545.0
17:46:47.421 INFO  ProgressMeter -      chr13:110203024             19.2             532270000       27749060.9
17:46:57.431 INFO  ProgressMeter -      chr13:110425325             19.3             532488000       27521059.0
17:47:07.432 INFO  ProgressMeter -       chr14:22924104             19.5             534570000       27392681.2
17:47:17.475 INFO  ProgressMeter -       chr14:49573444             19.7             539762000       27423516.9
17:47:27.749 INFO  ProgressMeter -       chr14:49599279             19.9             539778000       27187801.4
17:47:37.941 INFO  ProgressMeter -       chr14:49690413             20.0             539832000       26959877.2
17:47:48.061 INFO  ProgressMeter -       chr14:49832140             20.2             539921000       26739087.4
17:47:58.979 INFO  ProgressMeter -       chr14:49857520             20.4             539940000       26501184.9
17:48:13.391 INFO  ProgressMeter -       chr14:49862818             20.6             539943000       26192537.1
17:48:27.187 INFO  ProgressMeter -       chr14:49884641             20.8             539947000       25903799.5
17:48:39.172 INFO  ProgressMeter -       chr14:49906774             21.0             539954000       25658253.6
17:48:49.463 INFO  ProgressMeter -       chr14:49952046             21.2             539958000       25451008.9
17:48:59.463 INFO  ProgressMeter -       chr14:64477085             21.4             545124000       25494230.0
17:49:09.463 INFO  ProgressMeter -       chr14:79596877             21.5             551167000       25577480.7
17:49:19.477 INFO  ProgressMeter -      chr14:100842213             21.7             556007000       25603780.3
17:49:29.478 INFO  ProgressMeter -       chr15:40170258             21.9             562514000       25706112.2
17:49:39.480 INFO  ProgressMeter -       chr15:49483634             22.0             566187000       25678346.6
17:49:49.552 INFO  ProgressMeter -       chr15:51308656             22.2             567093000       25525106.8
17:49:59.552 INFO  ProgressMeter -       chr15:60455698             22.4             570170000       25472515.8
17:50:09.552 INFO  ProgressMeter -       chr15:74428645             22.6             575575000       25523937.5
17:50:19.563 INFO  ProgressMeter -       chr15:90875760             22.7             581197000       25583950.5
17:50:29.564 INFO  ProgressMeter -       chr16:11075394             22.9             587388000       25668158.5
17:50:39.568 INFO  ProgressMeter -       chr16:28834670             23.1             592708000       25713269.3
17:50:49.569 INFO  ProgressMeter -       chr16:65119546             23.2             597926000       25753412.9
17:50:59.571 INFO  ProgressMeter -       chr16:80679537             23.4             603642000       25814280.7
17:51:09.572 INFO  ProgressMeter -        chr17:1394372             23.6             607925000       25813439.5
17:51:19.573 INFO  ProgressMeter -       chr17:16036162             23.7             613094000       25849966.7
17:51:29.572 INFO  ProgressMeter -       chr17:27466364             23.9             615293000       25761651.4
17:51:39.573 INFO  ProgressMeter -       chr17:40092668             24.1             620260000       25789650.2
17:51:49.631 INFO  ProgressMeter -       chr17:50193096             24.2             624412000       25782563.2
17:52:01.458 INFO  ProgressMeter -       chr17:63873450             24.4             628652000       25748087.4
17:52:12.214 INFO  ProgressMeter -       chr17:63887706             24.6             628659000       25560681.6
17:52:25.378 INFO  ProgressMeter -       chr17:63896578             24.8             628664000       25334882.6
17:52:35.548 INFO  ProgressMeter -       chr17:63917938             25.0             628677000       25163520.2
17:52:45.548 INFO  ProgressMeter -       chr17:76392829             25.2             632963000       25167181.3
17:52:55.548 INFO  ProgressMeter -         chr18:673939             25.3             636343000       25135008.1
17:53:05.549 INFO  ProgressMeter -       chr18:24434809             25.5             641740000       25182387.9
17:53:15.549 INFO  ProgressMeter -       chr18:61431750             25.7             648921000       25298719.1
17:53:25.561 INFO  ProgressMeter -        chr19:4234865             25.8             654504000       25351471.1
17:53:35.566 INFO  ProgressMeter -       chr19:15114448             26.0             659276000       25372415.6
17:53:45.572 INFO  ProgressMeter -       chr19:36273667             26.2             664725000       25418997.4
17:53:55.663 INFO  ProgressMeter -       chr19:42878332             26.3             667930000       25378324.2
17:54:05.720 INFO  ProgressMeter -       chr19:43170456             26.5             668183000       25227272.7
17:54:15.720 INFO  ProgressMeter -       chr19:49965564             26.7             671430000       25191346.6
17:54:25.721 INFO  ProgressMeter -        chr20:5148293             26.8             676770000       25233906.2
17:54:35.721 INFO  ProgressMeter -       chr20:31534524             27.0             681878000       25267327.6
17:54:45.722 INFO  ProgressMeter -       chr20:38983700             27.2             685434000       25243197.1
17:54:55.721 INFO  ProgressMeter -       chr20:62139321             27.3             690724000       25282831.2
17:55:09.235 INFO  ProgressMeter -        chr21:8212542             27.5             692081000       25125376.2
17:55:20.345 INFO  ProgressMeter -        chr21:8217551             27.7             692086000       24957768.8
17:55:33.482 INFO  ProgressMeter -        chr21:8225296             27.9             692092000       24762468.1
17:55:45.350 INFO  ProgressMeter -        chr21:8232750             28.1             692095000       24588573.9
17:55:58.512 INFO  ProgressMeter -        chr21:8240243             28.4             692097000       24398478.5
17:56:08.550 INFO  ProgressMeter -        chr21:8246446             28.5             692098000       24255473.5
17:56:26.366 INFO  ProgressMeter -        chr21:8251617             28.8             692102000       24005785.5
17:56:37.418 INFO  ProgressMeter -        chr21:8257033             29.0             692107000       23853557.7
17:56:48.199 INFO  ProgressMeter -        chr21:8351057             29.2             692112000       23706917.6
17:56:59.352 INFO  ProgressMeter -        chr21:8391557             29.4             692121000       23557248.8
17:57:10.026 INFO  ProgressMeter -        chr21:8395689             29.6             692125000       23415588.9
17:57:20.288 INFO  ProgressMeter -        chr21:8397728             29.7             692127000       23280945.9
17:57:32.519 INFO  ProgressMeter -        chr21:8404354             29.9             692133000       23122599.2
17:57:45.377 INFO  ProgressMeter -        chr21:8411817             30.1             692136000       22958347.0
17:57:59.735 INFO  ProgressMeter -        chr21:8420316             30.4             692138000       22777600.1
17:58:16.732 INFO  ProgressMeter -        chr21:8430330             30.7             692140000       22567280.6
17:58:30.367 INFO  ProgressMeter -        chr21:8435454             30.9             692144000       22401439.6
17:58:40.366 INFO  ProgressMeter -       chr21:25316291             31.1             694008000       22341255.0
17:58:50.367 INFO  ProgressMeter -       chr21:33423757             31.2             696778000       22310710.8
17:59:00.374 INFO  ProgressMeter -       chr21:46118290             31.4             701368000       22338398.3
17:59:10.374 INFO  ProgressMeter -       chr22:30488068             31.6             707606000       22418063.6
17:59:20.375 INFO  ProgressMeter -       chr22:38684519             31.7             710474000       22390685.8
17:59:30.375 INFO  ProgressMeter -       chr22:46360675             31.9             713703000       22374923.4
17:59:40.381 INFO  ProgressMeter -        chrX:16150325             32.1             718323000       22402636.8
17:59:50.412 INFO  ProgressMeter -        chrX:49833389             32.2             723916000       22459961.4
18:00:00.413 INFO  ProgressMeter -        chrX:95973521             32.4             730446000       22545963.4
18:00:10.415 INFO  ProgressMeter -       chrX:124075957             32.6             736237000       22608380.1
18:00:20.417 INFO  ProgressMeter -       chrX:133725995             32.7             737975000       22546346.8
18:00:30.416 INFO  ProgressMeter -       chrX:136209389             32.9             738734000       22455195.0
18:00:40.449 INFO  ProgressMeter -            chrM:5382             33.1             744437000       22514112.2
18:00:50.684 INFO  ProgressMeter -           chrM:14382             33.2             744446000       22398829.4
18:01:02.055 INFO  ProgressMeter -    GL000220.1:112336             33.4             745058000       22290141.2
18:01:13.624 INFO  ProgressMeter -    GL000220.1:120586             33.6             745066000       22162534.7
18:01:25.245 INFO  ProgressMeter -    GL000220.1:128635             33.8             745069000       22035681.7
18:01:36.045 INFO  ProgressMeter -    GL000220.1:136184             34.0             745070000       21919013.2
18:01:50.890 INFO  ProgressMeter -    GL000220.1:144878             34.2             745071000       21760653.7
18:02:00.895 INFO  ProgressMeter -    GL000220.1:150017             34.4             745074000       21655277.4
18:02:11.364 INFO  ProgressMeter -    GL000220.1:157044             34.6             745081000       21546213.8
18:02:21.366 INFO  ProgressMeter -    KV880768.1:286023             34.7             751291000       21621575.2
18:02:31.366 INFO  ProgressMeter -   GL000258.2:1393000             34.9             757612000       21699406.7
18:02:41.365 INFO  ProgressMeter -    KI270897.1:758182             35.1             765549000       21822563.9
18:02:51.490 INFO  ProgressMeter -     KI270721.1:50954             35.2             772734000       21921925.8
18:03:03.181 INFO  ProgressMeter -    KI270733.1:130098             35.4             772917000       21806575.9
18:03:14.290 INFO  ProgressMeter -    KI270733.1:137506             35.6             772924000       21693453.2
18:03:25.240 INFO  ProgressMeter -    KI270733.1:144952             35.8             772927000       21582995.6
18:03:51.756 INFO  ProgressMeter -    KI270733.1:163497             36.3             772929000       21319944.4
18:04:02.677 INFO  ProgressMeter -    KI270733.1:170024             36.4             772934000       21213576.9
18:04:10.180 INFO  ASEReadCounter - 0 read(s) filtered by: ValidAlignmentStartReadFilter 
0 read(s) filtered by: ValidAlignmentEndReadFilter 
0 read(s) filtered by: HasReadGroupReadFilter 
0 read(s) filtered by: MatchingBasesAndQualsReadFilter 
0 read(s) filtered by: SeqIsStoredReadFilter 
23743297 read(s) filtered by: NotDuplicateReadFilter 
25726927 read(s) filtered by: NotSecondaryAlignmentReadFilter 
3801567 read(s) filtered by: MappedReadFilter 
53271791 total reads filtered out of 130904549 reads processed
18:04:10.180 INFO  ProgressMeter -     KI270757.1:60107             36.6             773323389       21151670.1
18:04:10.180 INFO  ProgressMeter - Traversal complete. Processed 773323389 total loci in 36.6 minutes.
18:04:10.181 INFO  ASEReadCounter - Shutting down engine
[January 15, 2026 at 6:04:10 PM GMT] org.broadinstitute.hellbender.tools.walkers.rnaseq.ASEReadCounter done. Elapsed time: 36.57 minutes.
Runtime.totalMemory()=2952790016
Using GATK jar /gatk/gatk-package-4.6.0.0-local.jar
Running:
    java -Dsamjdk.use_async_io_read_samtools=false -Dsamjdk.use_async_io_write_samtools=true -Dsamjdk.use_async_io_write_tribble=false -Dsamjdk.compression_level=2 -jar /gatk/gatk-package-4.6.0.0-local.jar ASEReadCounter -R /data/Wilson_Lab/references/GENCODE/GRCh38.p12.genome.XY/GRCh38.p12.genome.XY.fa --output /data/Wilson_Lab/projects/placentas_VW_ASE/05_males/males_correct_swapping/HISAT/Q4/chrX/Plac_HDP07_Q4_chrX_males.tsv --input /data/Wilson_Lab/projects/placenta_multiomics/valleywise_3samples/processed_bams_HG38/rna/HDP07_quadrant4_Sample_37_089_104_HISAT_pair_trim_sort_mkdup_rdgrp_XY.bam --variant /data/Wilson_Lab/projects/placenta_multiomics/valleywise_pilot/vqsr/chrX.gatk.called.vqsr.sv.biallelic.snp.Plac_HDP05.het.vcf --min-depth-of-non-filtered-base 1 --min-mapping-quality 10 --min-base-quality 10
